partition in parallel
Probability interval | Precision | Time per operation | Total time
[0, 1.000002888022598] | 1.000002888022598 | 1 sec | 1 sec
[0, 1.000002888022599] | 1.000002888022599 | 1 sec | 2 sec
[0, 1.000004941565253] | 1.000004941565253 | 4 sec | 4 sec
[0, 0.9999996454549951] | 0.9999996454549951 | 8 sec | 8 sec
[0, 0.9999996495727178] | 0.9999996495727178 | 5 sec | 9 sec
[0, 0.9999355690257835] | 0.9999355690257835 | 11 sec | 11 sec
[0, 0.9999173903202471] | 0.9999173903202471 | 8 sec | 19 sec
[0, 0.9999173904027144] | 0.9999173904027144 | 20 sec | 20 sec
[0, 0.9568403776622575] | 0.9568403776622575 | 54 sec | 54 sec
[0, 0.9196219981091857] | 0.9196219981091857 | 54 sec | 54 sec
[0, 0.919416997802236] | 0.919416997802236 | 54 sec | 54 sec
[0, 0.9194117016919783] | 0.9194117016919783 | 45 sec | 54 sec
[0, 0.9069781303894496] | 0.9069781303894496 | 54 sec | 54 sec
[0, 0.9002163488688935] | 0.9002163488688935 | 54 sec | 54 sec
[0, 0.900198170163357] | 0.900198170163357 | 46 sec | 54 sec
[0, 0.8743733634832034] | 0.8743733634832034 | 54 sec | 54 sec
[0, 0.8536335529774767] | 0.8536335529774767 | 54 sec | 54 sec
[0, 0.8530275154437821] | 0.8530275154437821 | 35 sec | 54 sec
[0, 0.8482199910245031] | 0.8482199910245031 | 54 sec | 54 sec
[0, 0.8472571663557796] | 0.8472571663557796 | 54 sec | 54 sec
[0, 0.8449982634186823] | 0.8449982634186823 | 54 sec | 54 sec
[0, 0.8287431105417157] | 0.8287431105417157 | 54 sec | 54 sec
[0, 0.7710370057131751] | 0.7710370057131751 | 54 sec | 54 sec
[0, 0.7710370057956425] | 0.7710370057956425 | 52 sec | 54 sec
[0, 0.6483673684199274] | 0.6483673684199274 | 54 sec | 54 sec
[0, 0.647404543751204] | 0.647404543751204 | 54 sec | 54 sec
[0, 0.5937659085832335] | 0.5937659085832335 | 54 sec | 54 sec
[0, 0.5623833777085361] | 0.5623833777085361 | 54 sec | 54 sec
[0, 0.5590475752746731] | 0.5590475752746731 | 54 sec | 54 sec
[0, 0.5590475793923958] | 0.5590475793923958 | 34 sec | 54 sec
[0, 0.5103897952908112] | 0.5103897952908112 | 54 sec | 54 sec
[0, 0.5011082720669245] | 0.5011082720669245 | 54 sec | 54 sec
[0, 0.4752834653867709] | 0.4752834653867709 | 1 sec | 55 sec
[0, 0.4545436548810443] | 0.4545436548810443 | 1 sec | 55 sec
[0, 0.4452621316571576] | 0.4452621316571576 | 1 sec | 55 sec
[0, 0.4328285603546293] | 0.4328285603546293 | 1 sec | 55 sec
[0, 0.4322225228209347] | 0.4322225228209347 | 1 sec | 55 sec
[0, 0.4316273257859236] | 0.4316273257859236 | 1 sec | 55 sec
[0, 0.4301344859636001] | 0.4301344859636001 | 1 sec | 55 sec
[0, 0.3814767018620157] | 0.3814767018620157 | 1 sec | 55 sec
[0, 0.3383996891215593] | 0.3383996891215593 | 1 sec | 55 sec
[0, 0.2847610539535894] | 0.2847610539535894 | 1 sec | 55 sec
[0, 0.2779992724330334] | 0.2779992724330334 | 1 sec | 55 sec
[0, 0.2779351918860991] | 0.2779351918860991 | 1 sec | 55 sec
[0, 0.2731276674668199] | 0.2731276674668199 | 1 sec | 55 sec
[0, 0.2731297210094737] | 0.2731297210094737 | 1 sec | 55 sec
[0, 0.2359113414564019] | 0.2359113414564019 | 1 sec | 55 sec
[0, 0.2045288105817049] | 0.2045288105817049 | 1 sec | 55 sec
[0, 0.2030359707593814] | 0.2030359707593814 | 1 sec | 55 sec
[0, 0.2024407737243704] | 0.2024407737243704 | 1 sec | 55 sec
[0, 0.1447346688958302] | 0.1447346688958302 | 1 sec | 55 sec
[0, 0.1284795160188634] | 0.1284795160188634 | 1 sec | 55 sec
[0, 0.1251437135850004] | 0.1251437135850004 | 1 sec | 55 sec
[0, 0.002474076209286233] | 0.002474076209286233 | 3 sec | 58 sec
[0, 0.002269075902336451] | 0.002269075902336451 | 3 sec | 58 sec
[0, 1.017296523913528e-05] | 1.017296523913528e-05 | 3 sec | 58 sec

********************
RESULT:
P in [0, 1.017296523913528e-05]
Interval width = 1.017296523913528e-05
Desired precision (epsilon) = 0.0001
Time: 58
********************

