partition in parallel
00 of 00 of 02200000 of 22) Interval: [00 of  of 0 of  of  of  of 222222 of 22022) Interval:  of ) Interval:  of  of 0) Interval: ) Interval:  of [22) Interval: ) Interval: 22) Interval: 2222[) Interval: 12.21, 0 of 22) Interval: 22) Interval: [14.71, 15.96]
0 of 22) Interval: [22) Interval: [9.3975, 9.71]
[[[0 of 22) Interval: [12.522512.835, ) Interval: 13.46]
0[228.46[13.46, ]
14.085]
0 of 22) Interval: [ of 22) Interval: [14.085, 14.71]
0.9607.835[-9.04, ) Interval:  of , 10.96) Interval: [3.46]
9.085, , 15.960[8.46[, 2211.5859.3975 of ]0.96[], 
) Interval:  of 10.335, ]3.46
, , 229.085]10.967.21, 20.9611.5857.835]
) Interval: [
]
18.46]
, 30.96]

[]18.46, 20.96]
9.71, 5.96]
, 
12.21]
10.335]
22) Interval: [5.96, 12.5225, 7.21]
12.835]
dReal Options: -precision=0.000625
dReal Options: -precision=0.000625
dReal Options: -precision=0.0003125
dReal Options: -precision=0.0003125
dReal Options: -precision=0.000625
dReal Options: -precision=0.0025
dReal Options: -precision=0.00125
dReal Options: -precision=0.000625
dReal Options: -precision=0.000625
dReal Options: -precision=0.0025
dReal Options: -precision=0.01
dReal Options: -precision=0.00125
dReal Options: -precision=0.000625
dReal Options: -precision=0.000625
dReal Options: -precision=0.01
dReal Options: -precision=0.000625
dReal Options: -precision=0.0003125
dReal Options: -precision=0.000625
dReal Options: -precision=0.0003125
dReal Options: -precision=0.000625
SMT: /home/b2049657/ProbReach/model/starvation/starvation.pdrh_8.46_9.085_0_0.smt2, PATH : [1]
dReal Options: -precision=0.0025
SMT: /home/b2049657/ProbReach/model/starvation/starvation.pdrh_10.96_11.585_0_0.smt2, PATH : [1]
SMT: /home/b2049657/ProbReach/model/starvation/starvation.pdrh_3.46_5.96_0_0.smt2, PATH : [1]
SMT: /home/b2049657/ProbReach/model/starvation/starvation.pdrh_12.5225_12.835_0_0.smt2, PATH : [1]
SMT: /home/b2049657/ProbReach/model/starvation/starvation.pdrh_9.3975_9.71_0_0.smt2, PATH : [1]
SMT: /home/b2049657/ProbReach/model/starvation/starvation.pdrh_7.835_8.46_0_0.smt2, PATH : [1]
SMT: /home/b2049657/ProbReach/model/starvation/starvation.pdrh_5.96_7.21_0_0.smt2, PATH : [1]
SMT: /home/b2049657/ProbReach/model/starvation/starvation.pdrh_9.71_10.335_0_0.smt2, PATH : [1]
SMT: /home/b2049657/ProbReach/model/starvation/starvation.pdrh_18.46_20.96_0_0.smt2, PATH : [1]
SMT: /home/b2049657/ProbReach/model/starvation/starvation.pdrh_20.96_30.96_0_0.smt2, PATH : [1]
SMT: /home/b2049657/ProbReach/model/starvation/starvation.pdrh_7.21_7.835_0_0.smt2, PATH : [1]
SMT: /home/b2049657/ProbReach/model/starvation/starvation.pdrh_14.71_15.96_0_0.smt2, PATH : [1]
SMT: /home/b2049657/ProbReach/model/starvation/starvation.pdrh_-9.04_0.96_0_0.smt2, PATH : [1]
SMT: /home/b2049657/ProbReach/model/starvation/starvation.pdrh_11.585_12.21_0_0.smt2, PATH : [1]
SMT: /home/b2049657/ProbReach/model/starvation/starvation.pdrh_15.96_18.46_0_0.smt2, PATH : [1]
SMT: /home/b2049657/ProbReach/model/starvation/starvation.pdrh_9.085_9.3975_0_0.smt2, PATH : [1]
SMT: /home/b2049657/ProbReach/model/starvation/starvation.pdrh_10.335_10.96_0_0.smt2, PATH : [1]
SMT: /home/b2049657/ProbReach/model/starvation/starvation.pdrh_12.21_12.5225_0_0.smt2, PATH : [1]
SMT: /home/b2049657/ProbReach/model/starvation/starvation.pdrh_12.835_13.46_0_0.smt2, PATH : [1]
SMT: /home/b2049657/ProbReach/model/starvation/starvation.pdrh_13.46_14.085_0_0.smt2, PATH : [1]
SMT: /home/b2049657/ProbReach/model/starvation/starvation.pdrh_14.085_14.71_0_0.smt2, PATH : [1]
SMT: /home/b2049657/ProbReach/model/starvation/starvation.pdrh_0.96_3.46_0_0.smt2, PATH : [1]
unsat
Tried 1 feasible paths, all of them are unsat.
unsat
Tried 1 feasible paths, all of them are unsat.
unsat
Tried 1 feasible paths, all of them are unsat.
unsat
Tried 1 feasible paths, all of them are unsat.
unsat
Tried 1 feasible paths, all of them are unsat.
unsat
unsat
Tried 1 feasible paths, all of them are unsat.
Tried 1 feasible paths, all of them are unsat.
unsat
Tried 1 feasible paths, all of them are unsat.
sat
sat -- [1]
dReal Options: -precision=0.01
SMT: /home/b2049657/ProbReach/model/starvation/starvation-c.pdrh_20.96_30.96_0_0.smt2, PATH : [1]
unsat
Tried 1 feasible paths, all of them are unsat.
sat
sat -- [1]
dReal Options: -precision=0.000625
SMT: /home/b2049657/ProbReach/model/starvation/starvation-c.pdrh_11.585_12.21_0_0.smt2, PATH : [1]
unsat
Tried 1 feasible paths, all of them are unsat.
sat
sat -- [1]
dReal Options: -precision=0.0003125
SMT: /home/b2049657/ProbReach/model/starvation/starvation-c.pdrh_9.3975_9.71_0_0.smt2, PATH : [1]
sat
sat -- [1]
dReal Options: -precision=0.000625
SMT: /home/b2049657/ProbReach/model/starvation/starvation-c.pdrh_10.96_11.585_0_0.smt2, PATH : [1]
unsat
Tried 1 feasible paths, all of them are unsat.
sat
sat -- [1]
dReal Options: -precision=0.000625
SMT: /home/b2049657/ProbReach/model/starvation/starvation-c.pdrh_13.46_14.085_0_0.smt2, PATH : [1]
unsat
Tried 1 feasible paths, all of them are unsat.
sat
sat -- [1]
dReal Options: -precision=0.000625
SMT: /home/b2049657/ProbReach/model/starvation/starvation-c.pdrh_12.835_13.46_0_0.smt2, PATH : [1]
unsat
Tried 1 feasible paths, all of them are unsat.
sat
sat -- [1]
dReal Options: -precision=0.000625
SMT: /home/b2049657/ProbReach/model/starvation/starvation-c.pdrh_10.335_10.96_0_0.smt2, PATH : [1]
unsat
Tried 1 feasible paths, all of them are unsat.
sat
sat -- [1]
dReal Options: -precision=0.000625
SMT: /home/b2049657/ProbReach/model/starvation/starvation-c.pdrh_9.71_10.335_0_0.smt2, PATH : [1]
unsat
Tried 1 feasible paths, all of them are unsat.
sat
sat -- [1]
dReal Options: -precision=0.0025
SMT: /home/b2049657/ProbReach/model/starvation/starvation-c.pdrh_18.46_20.96_0_0.smt2, PATH : [1]
unsat
Tried 1 feasible paths, all of them are unsat.
sat
sat -- [1]
dReal Options: -precision=0.00125
SMT: /home/b2049657/ProbReach/model/starvation/starvation-c.pdrh_14.71_15.96_0_0.smt2, PATH : [1]
unsat
Tried 1 feasible paths, all of them are unsat.
sat
sat -- [1]
dReal Options: -precision=0.0025
SMT: /home/b2049657/ProbReach/model/starvation/starvation-c.pdrh_15.96_18.46_0_0.smt2, PATH : [1]
unsat
Tried 1 feasible paths, all of them are unsat.
sat
sat -- [1]
dReal Options: -precision=0.000625
SMT: /home/b2049657/ProbReach/model/starvation/starvation-c.pdrh_14.085_14.71_0_0.smt2, PATH : [1]
unsat
Tried 1 feasible paths, all of them are unsat.
sat
sat -- [1]
dReal Options: -precision=0.0003125
SMT: /home/b2049657/ProbReach/model/starvation/starvation-c.pdrh_12.5225_12.835_0_0.smt2, PATH : [1]
unsat
Tried 1 feasible paths, all of them are unsat.
sat
sat -- [1]
dReal Options: -precision=0.0003125
SMT: /home/b2049657/ProbReach/model/starvation/starvation-c.pdrh_12.21_12.5225_0_0.smt2, PATH : [1]
unsat
Tried 1 feasible paths, all of them are unsat.
sat
sat -- [1]
************
Division number 22
underIntg: [0.8937034726377775, 0.8947352495430186]
overIntg: [0.9402670169564465, 0.9413010827230053]
realIntg: [0.8937034726377775, 0.9413010827230053]
realIntgInf: [0.8937034726377775, 0.9424842913219623]
0 of 2) Interval: [9.553750000000001, 9.710000000000001]
0 of 2) Interval: [9.397500000000001, 9.553750000000001]
dReal Options: -precision=0.00015625
SMT: /home/b2049657/ProbReach/model/starvation/starvation.pdrh_9.55375_9.71_0_0.smt2, PATH : [1]
dReal Options: -precision=0.00015625
SMT: /home/b2049657/ProbReach/model/starvation/starvation.pdrh_9.3975_9.55375_0_0.smt2, PATH : [1]
sat
sat -- [1]
dReal Options: -precision=0.00015625
SMT: /home/b2049657/ProbReach/model/starvation/starvation-c.pdrh_9.55375_9.71_0_0.smt2, PATH : [1]
unsat
Tried 1 feasible paths, all of them are unsat.
sat
sat -- [1]
dReal Options: -precision=0.00015625
SMT: /home/b2049657/ProbReach/model/starvation/starvation-c.pdrh_9.3975_9.55375_0_0.smt2, PATH : [1]
sat
sat -- [1]
************
Division number 2
underIntg: [0.9195282793179311, 0.9205600897432469]
overIntg: [0.9402680898236578, 0.9412999358356979]
realIntg: [0.9195282793179311, 0.9412999358356979]
realIntgInf: [0.9195282793179311, 0.942483144434655]
00 of  of 22) Interval: [) Interval: [9.397500000000001, 9.475625000000001]
9.475625000000001, 9.553750000000001]
dReal Options: -precision=7.8125e-05
dReal Options: -precision=7.8125e-05
SMT: /home/b2049657/ProbReach/model/starvation/starvation.pdrh_9.47563_9.55375_0_0.smt2, PATH : [1]
SMT: /home/b2049657/ProbReach/model/starvation/starvation.pdrh_9.3975_9.47563_0_0.smt2, PATH : [1]
unsat
Tried 1 feasible paths, all of them are unsat.
sat
sat -- [1]
dReal Options: -precision=7.8125e-05
SMT: /home/b2049657/ProbReach/model/starvation/starvation-c.pdrh_9.47563_9.55375_0_0.smt2, PATH : [1]
sat
sat -- [1]
************
Division number 2
underIntg: [0.9195282793179311, 0.9205600897432469]
overIntg: [0.9304984982254887, 0.93153030919679]
realIntg: [0.9195282793179311, 0.93153030919679]
realIntgInf: [0.9195282793179311, 0.9327135177957471]
0 of 2) Interval: [9.514687500000001, 9.553750000000001]
0 of 2) Interval: [9.475625000000001, 9.514687500000001]
dReal Options: -precision=3.90625e-05
SMT: /home/b2049657/ProbReach/model/starvation/starvation.pdrh_9.51469_9.55375_0_0.smt2, PATH : [1]
dReal Options: -precision=3.90625e-05
SMT: /home/b2049657/ProbReach/model/starvation/starvation.pdrh_9.47563_9.51469_0_0.smt2, PATH : [1]
sat
sat -- [1]
dReal Options: -precision=3.90625e-05
SMT: /home/b2049657/ProbReach/model/starvation/starvation-c.pdrh_9.51469_9.55375_0_0.smt2, PATH : [1]
sat
sat -- [1]
dReal Options: -precision=3.90625e-05
SMT: /home/b2049657/ProbReach/model/starvation/starvation-c.pdrh_9.47563_9.51469_0_0.smt2, PATH : [1]
sat
sat -- [1]
sat
sat -- [1]
************
Division number 2
underIntg: [0.9195282793179311, 0.9205600897432469]
overIntg: [0.9304984984856792, 0.9315303089280493]
realIntg: [0.9195282793179311, 0.9315303089280493]
realIntgInf: [0.9195282793179311, 0.9327135175270064]
00 of  of 44) Interval: [) Interval: [9.495156250000001, 9.514687500000001, 9.514687500000001]
9.534218750000001]
0 of 4) Interval: [0 of 4) Interval: [9.534218750000001, 9.475625000000001, 9.553750000000001]
9.495156250000001]
dReal Options: -precision=1.95313e-05
dReal Options: -precision=1.95313e-05
dReal Options: -precision=1.95313e-05
SMT: /home/b2049657/ProbReach/model/starvation/starvation.pdrh_9.47563_9.49516_0_0.smt2, PATH : [1]
dReal Options: -precision=1.95313e-05
SMT: /home/b2049657/ProbReach/model/starvation/starvation.pdrh_9.53422_9.55375_0_0.smt2, PATH : [1]
SMT: /home/b2049657/ProbReach/model/starvation/starvation.pdrh_9.49516_9.51469_0_0.smt2, PATH : [1]
SMT: /home/b2049657/ProbReach/model/starvation/starvation.pdrh_9.51469_9.53422_0_0.smt2, PATH : [1]
unsat
Tried 1 feasible paths, all of them are unsat.
sat
sat -- [1]
dReal Options: -precision=1.95313e-05
SMT: /home/b2049657/ProbReach/model/starvation/starvation-c.pdrh_9.51469_9.53422_0_0.smt2, PATH : [1]
sat
sat -- [1]
dReal Options: -precision=1.95313e-05
SMT: /home/b2049657/ProbReach/model/starvation/starvation-c.pdrh_9.49516_9.51469_0_0.smt2, PATH : [1]
sat
sat -- [1]
sat
sat -- [1]
dReal Options: -precision=1.95313e-05
SMT: /home/b2049657/ProbReach/model/starvation/starvation-c.pdrh_9.53422_9.55375_0_0.smt2, PATH : [1]
sat
sat -- [1]
sat
sat -- [1]
************
Division number 4
underIntg: [0.9195282793179311, 0.9205600897432469]
overIntg: [0.9278714539244713, 0.9289032643501861]
realIntg: [0.9195282793179311, 0.9289032643501861]
realIntgInf: [0.9195282793179311, 0.9300864729491432]

********************
RESULT:
P in [0.9195282793179311, 0.9300864729491432]
Interval width = 0.01055819363121202
Desired precision (epsilon) = 0.01
Time: 1069
********************

