0
matches
0

There are 1 random variables in the model. Only the first one will be used
k; (1 / (1 * sqrt(2 * 3.14159265359)) * exp(- (( k - 10.96) * (k - 10.96)) / (2 * 1 * 1))); -9.04; 30.96
0) I([-9.04, 30.96]) = [0.9999999540448737, 1.000000032470827]
interval ---> [-9.039999999999999, 0.9600000000000009]
NORMAL PROBLEM
dReal Options: -precision=1e-05
SMT: /home/b2049657/ProbReach/model/starvation/starvation.pdrh_0_0.smt2, PATH : [1]
unsat
Tried 1 feasible paths, all of them are unsat.
0 of 118
interval ---> [20.96, 30.96]
NORMAL PROBLEM
dReal Options: -precision=1e-05
SMT: /home/b2049657/ProbReach/model/starvation/starvation.pdrh_0_0.smt2, PATH : [1]
sat
sat -- [1]
CONVERTED PROBLEM
dReal Options: -precision=1e-05
SMT: /home/b2049657/ProbReach/model/starvation/starvation-c.pdrh_0_0.smt2, PATH : [1]
unsat
Tried 1 feasible paths, all of them are unsat.
1 of 118
interval ---> [0.9600000000000009, 3.460000000000001]
NORMAL PROBLEM
dReal Options: -precision=2.5e-06
SMT: /home/b2049657/ProbReach/model/starvation/starvation.pdrh_0_0.smt2, PATH : [1]
unsat
Tried 1 feasible paths, all of them are unsat.
2 of 118
interval ---> [18.46, 20.96]
NORMAL PROBLEM
dReal Options: -precision=2.5e-06
SMT: /home/b2049657/ProbReach/model/starvation/starvation.pdrh_0_0.smt2, PATH : [1]
sat
sat -- [1]
CONVERTED PROBLEM
dReal Options: -precision=2.5e-06
SMT: /home/b2049657/ProbReach/model/starvation/starvation-c.pdrh_0_0.smt2, PATH : [1]
unsat
Tried 1 feasible paths, all of them are unsat.
3 of 118
interval ---> [3.460000000000001, 4.710000000000001]
NORMAL PROBLEM
dReal Options: -precision=1.25e-06
SMT: /home/b2049657/ProbReach/model/starvation/starvation.pdrh_0_0.smt2, PATH : [1]
unsat
Tried 1 feasible paths, all of them are unsat.
4 of 118
interval ---> [17.21, 18.46]
NORMAL PROBLEM
dReal Options: -precision=1.25e-06
SMT: /home/b2049657/ProbReach/model/starvation/starvation.pdrh_0_0.smt2, PATH : [1]
sat
sat -- [1]
CONVERTED PROBLEM
dReal Options: -precision=1.25e-06
SMT: /home/b2049657/ProbReach/model/starvation/starvation-c.pdrh_0_0.smt2, PATH : [1]
unsat
Tried 1 feasible paths, all of them are unsat.
5 of 118
interval ---> [4.710000000000001, 5.335000000000001]
NORMAL PROBLEM
dReal Options: -precision=6.25e-07
SMT: /home/b2049657/ProbReach/model/starvation/starvation.pdrh_0_0.smt2, PATH : [1]
unsat
Tried 1 feasible paths, all of them are unsat.
6 of 118
interval ---> [16.585, 17.21]
NORMAL PROBLEM
dReal Options: -precision=6.25e-07
SMT: /home/b2049657/ProbReach/model/starvation/starvation.pdrh_0_0.smt2, PATH : [1]
sat
sat -- [1]
CONVERTED PROBLEM
dReal Options: -precision=6.25e-07
SMT: /home/b2049657/ProbReach/model/starvation/starvation-c.pdrh_0_0.smt2, PATH : [1]
unsat
Tried 1 feasible paths, all of them are unsat.
7 of 118
interval ---> [5.335000000000001, 5.647500000000001]
NORMAL PROBLEM
dReal Options: -precision=3.125e-07
SMT: /home/b2049657/ProbReach/model/starvation/starvation.pdrh_0_0.smt2, PATH : [1]
unsat
Tried 1 feasible paths, all of them are unsat.
8 of 118
interval ---> [5.647500000000001, 5.960000000000001]
NORMAL PROBLEM
dReal Options: -precision=3.125e-07
SMT: /home/b2049657/ProbReach/model/starvation/starvation.pdrh_0_0.smt2, PATH : [1]
unsat
Tried 1 feasible paths, all of them are unsat.
9 of 118
interval ---> [5.960000000000001, 6.272500000000001]
NORMAL PROBLEM
dReal Options: -precision=3.125e-07
SMT: /home/b2049657/ProbReach/model/starvation/starvation.pdrh_0_0.smt2, PATH : [1]
unsat
Tried 1 feasible paths, all of them are unsat.
10 of 118
interval ---> [15.6475, 15.96]
NORMAL PROBLEM
dReal Options: -precision=3.125e-07
SMT: /home/b2049657/ProbReach/model/starvation/starvation.pdrh_0_0.smt2, PATH : [1]
sat
sat -- [1]
CONVERTED PROBLEM
dReal Options: -precision=3.125e-07
SMT: /home/b2049657/ProbReach/model/starvation/starvation-c.pdrh_0_0.smt2, PATH : [1]
unsat
Tried 1 feasible paths, all of them are unsat.
11 of 118
interval ---> [15.96, 16.2725]
NORMAL PROBLEM
dReal Options: -precision=3.125e-07
SMT: /home/b2049657/ProbReach/model/starvation/starvation.pdrh_0_0.smt2, PATH : [1]
sat
sat -- [1]
CONVERTED PROBLEM
dReal Options: -precision=3.125e-07
SMT: /home/b2049657/ProbReach/model/starvation/starvation-c.pdrh_0_0.smt2, PATH : [1]
unsat
Tried 1 feasible paths, all of them are unsat.
12 of 118
interval ---> [16.2725, 16.585]
NORMAL PROBLEM
dReal Options: -precision=3.125e-07
SMT: /home/b2049657/ProbReach/model/starvation/starvation.pdrh_0_0.smt2, PATH : [1]
sat
sat -- [1]
CONVERTED PROBLEM
dReal Options: -precision=3.125e-07
SMT: /home/b2049657/ProbReach/model/starvation/starvation-c.pdrh_0_0.smt2, PATH : [1]
unsat
Tried 1 feasible paths, all of them are unsat.
13 of 118
interval ---> [6.272500000000001, 6.428750000000001]
NORMAL PROBLEM
dReal Options: -precision=1.5625e-07
SMT: /home/b2049657/ProbReach/model/starvation/starvation.pdrh_0_0.smt2, PATH : [1]
unsat
Tried 1 feasible paths, all of them are unsat.
14 of 118
interval ---> [6.428750000000001, 6.585000000000001]
NORMAL PROBLEM
dReal Options: -precision=1.5625e-07
SMT: /home/b2049657/ProbReach/model/starvation/starvation.pdrh_0_0.smt2, PATH : [1]
unsat
Tried 1 feasible paths, all of them are unsat.
15 of 118
interval ---> [6.585000000000001, 6.741250000000001]
NORMAL PROBLEM
dReal Options: -precision=1.5625e-07
SMT: /home/b2049657/ProbReach/model/starvation/starvation.pdrh_0_0.smt2, PATH : [1]
unsat
Tried 1 feasible paths, all of them are unsat.
16 of 118
interval ---> [6.741250000000001, 6.897500000000001]
NORMAL PROBLEM
dReal Options: -precision=1.5625e-07
SMT: /home/b2049657/ProbReach/model/starvation/starvation.pdrh_0_0.smt2, PATH : [1]
unsat
Tried 1 feasible paths, all of them are unsat.
17 of 118
interval ---> [6.897500000000001, 7.053750000000001]
NORMAL PROBLEM
dReal Options: -precision=1.5625e-07
SMT: /home/b2049657/ProbReach/model/starvation/starvation.pdrh_0_0.smt2, PATH : [1]
unsat
Tried 1 feasible paths, all of them are unsat.
18 of 118
interval ---> [7.053750000000001, 7.210000000000001]
NORMAL PROBLEM
dReal Options: -precision=1.5625e-07
SMT: /home/b2049657/ProbReach/model/starvation/starvation.pdrh_0_0.smt2, PATH : [1]
unsat
Tried 1 feasible paths, all of them are unsat.
19 of 118
interval ---> [7.210000000000001, 7.366250000000001]
NORMAL PROBLEM
dReal Options: -precision=1.5625e-07
SMT: /home/b2049657/ProbReach/model/starvation/starvation.pdrh_0_0.smt2, PATH : [1]
unsat
Tried 1 feasible paths, all of them are unsat.
20 of 118
interval ---> [10.80375, 10.96]
NORMAL PROBLEM
dReal Options: -precision=1.5625e-07
SMT: /home/b2049657/ProbReach/model/starvation/starvation.pdrh_0_0.smt2, PATH : [1]
sat
sat -- [1]
CONVERTED PROBLEM
dReal Options: -precision=1.5625e-07
SMT: /home/b2049657/ProbReach/model/starvation/starvation-c.pdrh_0_0.smt2, PATH : [1]
unsat
Tried 1 feasible paths, all of them are unsat.
21 of 118
interval ---> [10.96, 11.11625]
NORMAL PROBLEM
dReal Options: -precision=1.5625e-07
SMT: /home/b2049657/ProbReach/model/starvation/starvation.pdrh_0_0.smt2, PATH : [1]
sat
sat -- [1]
CONVERTED PROBLEM
dReal Options: -precision=1.5625e-07
SMT: /home/b2049657/ProbReach/model/starvation/starvation-c.pdrh_0_0.smt2, PATH : [1]
unsat
Tried 1 feasible paths, all of them are unsat.
22 of 118
interval ---> [14.55375, 14.71]
NORMAL PROBLEM
dReal Options: -precision=1.5625e-07
SMT: /home/b2049657/ProbReach/model/starvation/starvation.pdrh_0_0.smt2, PATH : [1]
sat
sat -- [1]
CONVERTED PROBLEM
dReal Options: -precision=1.5625e-07
SMT: /home/b2049657/ProbReach/model/starvation/starvation-c.pdrh_0_0.smt2, PATH : [1]
unsat
Tried 1 feasible paths, all of them are unsat.
23 of 118
interval ---> [14.71, 14.86625]
NORMAL PROBLEM
dReal Options: -precision=1.5625e-07
SMT: /home/b2049657/ProbReach/model/starvation/starvation.pdrh_0_0.smt2, PATH : [1]
sat
sat -- [1]
CONVERTED PROBLEM
dReal Options: -precision=1.5625e-07
SMT: /home/b2049657/ProbReach/model/starvation/starvation-c.pdrh_0_0.smt2, PATH : [1]
unsat
Tried 1 feasible paths, all of them are unsat.
24 of 118
interval ---> [14.86625, 15.0225]
NORMAL PROBLEM
dReal Options: -precision=1.5625e-07
SMT: /home/b2049657/ProbReach/model/starvation/starvation.pdrh_0_0.smt2, PATH : [1]
sat
sat -- [1]
CONVERTED PROBLEM
dReal Options: -precision=1.5625e-07
SMT: /home/b2049657/ProbReach/model/starvation/starvation-c.pdrh_0_0.smt2, PATH : [1]
unsat
Tried 1 feasible paths, all of them are unsat.
25 of 118
interval ---> [15.0225, 15.17875]
NORMAL PROBLEM
dReal Options: -precision=1.5625e-07
SMT: /home/b2049657/ProbReach/model/starvation/starvation.pdrh_0_0.smt2, PATH : [1]
sat
sat -- [1]
CONVERTED PROBLEM
dReal Options: -precision=1.5625e-07
SMT: /home/b2049657/ProbReach/model/starvation/starvation-c.pdrh_0_0.smt2, PATH : [1]
unsat
Tried 1 feasible paths, all of them are unsat.
26 of 118
interval ---> [15.17875, 15.335]
NORMAL PROBLEM
dReal Options: -precision=1.5625e-07
SMT: /home/b2049657/ProbReach/model/starvation/starvation.pdrh_0_0.smt2, PATH : [1]
sat
sat -- [1]
CONVERTED PROBLEM
dReal Options: -precision=1.5625e-07
SMT: /home/b2049657/ProbReach/model/starvation/starvation-c.pdrh_0_0.smt2, PATH : [1]
unsat
Tried 1 feasible paths, all of them are unsat.
27 of 118
interval ---> [15.335, 15.49125]
NORMAL PROBLEM
dReal Options: -precision=1.5625e-07
SMT: /home/b2049657/ProbReach/model/starvation/starvation.pdrh_0_0.smt2, PATH : [1]
sat
sat -- [1]
CONVERTED PROBLEM
dReal Options: -precision=1.5625e-07
SMT: /home/b2049657/ProbReach/model/starvation/starvation-c.pdrh_0_0.smt2, PATH : [1]
unsat
Tried 1 feasible paths, all of them are unsat.
28 of 118
interval ---> [15.49125, 15.6475]
NORMAL PROBLEM
dReal Options: -precision=1.5625e-07
SMT: /home/b2049657/ProbReach/model/starvation/starvation.pdrh_0_0.smt2, PATH : [1]
sat
sat -- [1]
CONVERTED PROBLEM
dReal Options: -precision=1.5625e-07
SMT: /home/b2049657/ProbReach/model/starvation/starvation-c.pdrh_0_0.smt2, PATH : [1]
unsat
Tried 1 feasible paths, all of them are unsat.
29 of 118
interval ---> [7.366250000000001, 7.444375000000001]
NORMAL PROBLEM
dReal Options: -precision=7.8125e-08
SMT: /home/b2049657/ProbReach/model/starvation/starvation.pdrh_0_0.smt2, PATH : [1]
unsat
Tried 1 feasible paths, all of them are unsat.
30 of 118
interval ---> [7.444375000000001, 7.522500000000001]
NORMAL PROBLEM
dReal Options: -precision=7.8125e-08
SMT: /home/b2049657/ProbReach/model/starvation/starvation.pdrh_0_0.smt2, PATH : [1]
unsat
Tried 1 feasible paths, all of them are unsat.
31 of 118
interval ---> [7.522500000000001, 7.600625000000001]
NORMAL PROBLEM
dReal Options: -precision=7.8125e-08
SMT: /home/b2049657/ProbReach/model/starvation/starvation.pdrh_0_0.smt2, PATH : [1]
unsat
Tried 1 feasible paths, all of them are unsat.
32 of 118
interval ---> [7.600625000000001, 7.678750000000001]
NORMAL PROBLEM
dReal Options: -precision=7.8125e-08
SMT: /home/b2049657/ProbReach/model/starvation/starvation.pdrh_0_0.smt2, PATH : [1]
unsat
Tried 1 feasible paths, all of them are unsat.
33 of 118
interval ---> [7.678750000000001, 7.756875000000001]
NORMAL PROBLEM
dReal Options: -precision=7.8125e-08
SMT: /home/b2049657/ProbReach/model/starvation/starvation.pdrh_0_0.smt2, PATH : [1]
unsat
Tried 1 feasible paths, all of them are unsat.
34 of 118
interval ---> [7.756875000000001, 7.835000000000001]
NORMAL PROBLEM
dReal Options: -precision=7.8125e-08
SMT: /home/b2049657/ProbReach/model/starvation/starvation.pdrh_0_0.smt2, PATH : [1]
unsat
Tried 1 feasible paths, all of them are unsat.
35 of 118
interval ---> [7.835000000000001, 7.913125000000001]
NORMAL PROBLEM
dReal Options: -precision=7.8125e-08
SMT: /home/b2049657/ProbReach/model/starvation/starvation.pdrh_0_0.smt2, PATH : [1]
unsat
Tried 1 feasible paths, all of them are unsat.
36 of 118
interval ---> [7.913125000000001, 7.991250000000001]
NORMAL PROBLEM
dReal Options: -precision=7.8125e-08
SMT: /home/b2049657/ProbReach/model/starvation/starvation.pdrh_0_0.smt2, PATH : [1]
unsat
Tried 1 feasible paths, all of them are unsat.
37 of 118
interval ---> [7.991250000000001, 8.069375000000001]
NORMAL PROBLEM
dReal Options: -precision=7.8125e-08
SMT: /home/b2049657/ProbReach/model/starvation/starvation.pdrh_0_0.smt2, PATH : [1]
unsat
Tried 1 feasible paths, all of them are unsat.
38 of 118
interval ---> [8.069375000000001, 8.147500000000001]
NORMAL PROBLEM
dReal Options: -precision=7.8125e-08
SMT: /home/b2049657/ProbReach/model/starvation/starvation.pdrh_0_0.smt2, PATH : [1]
unsat
Tried 1 feasible paths, all of them are unsat.
39 of 118
interval ---> [8.147500000000001, 8.225625000000001]
NORMAL PROBLEM
dReal Options: -precision=7.8125e-08
SMT: /home/b2049657/ProbReach/model/starvation/starvation.pdrh_0_0.smt2, PATH : [1]
unsat
Tried 1 feasible paths, all of them are unsat.
40 of 118
interval ---> [8.225625000000001, 8.303750000000001]
NORMAL PROBLEM
dReal Options: -precision=7.8125e-08
SMT: /home/b2049657/ProbReach/model/starvation/starvation.pdrh_0_0.smt2, PATH : [1]
unsat
Tried 1 feasible paths, all of them are unsat.
41 of 118
interval ---> [8.303750000000001, 8.381875000000001]
NORMAL PROBLEM
dReal Options: -precision=7.8125e-08
SMT: /home/b2049657/ProbReach/model/starvation/starvation.pdrh_0_0.smt2, PATH : [1]
unsat
Tried 1 feasible paths, all of them are unsat.
42 of 118
interval ---> [8.381875000000001, 8.460000000000001]
NORMAL PROBLEM
dReal Options: -precision=7.8125e-08
SMT: /home/b2049657/ProbReach/model/starvation/starvation.pdrh_0_0.smt2, PATH : [1]
unsat
Tried 1 feasible paths, all of them are unsat.
43 of 118
interval ---> [8.460000000000001, 8.538125000000001]
NORMAL PROBLEM
dReal Options: -precision=7.8125e-08
SMT: /home/b2049657/ProbReach/model/starvation/starvation.pdrh_0_0.smt2, PATH : [1]
unsat
Tried 1 feasible paths, all of them are unsat.
44 of 118
interval ---> [8.538125000000001, 8.616250000000001]
NORMAL PROBLEM
dReal Options: -precision=7.8125e-08
SMT: /home/b2049657/ProbReach/model/starvation/starvation.pdrh_0_0.smt2, PATH : [1]
unsat
Tried 1 feasible paths, all of them are unsat.
45 of 118
interval ---> [8.616250000000001, 8.694375000000001]
NORMAL PROBLEM
dReal Options: -precision=7.8125e-08
SMT: /home/b2049657/ProbReach/model/starvation/starvation.pdrh_0_0.smt2, PATH : [1]
unsat
Tried 1 feasible paths, all of them are unsat.
46 of 118
interval ---> [8.694375000000001, 8.772500000000001]
NORMAL PROBLEM
dReal Options: -precision=7.8125e-08
SMT: /home/b2049657/ProbReach/model/starvation/starvation.pdrh_0_0.smt2, PATH : [1]
unsat
Tried 1 feasible paths, all of them are unsat.
47 of 118
interval ---> [8.772500000000001, 8.850625000000001]
NORMAL PROBLEM
dReal Options: -precision=7.8125e-08
SMT: /home/b2049657/ProbReach/model/starvation/starvation.pdrh_0_0.smt2, PATH : [1]
unsat
Tried 1 feasible paths, all of them are unsat.
48 of 118
interval ---> [8.850625000000001, 8.928750000000001]
NORMAL PROBLEM
dReal Options: -precision=7.8125e-08
SMT: /home/b2049657/ProbReach/model/starvation/starvation.pdrh_0_0.smt2, PATH : [1]
unsat
Tried 1 feasible paths, all of them are unsat.
49 of 118
interval ---> [8.928750000000001, 9.006875000000001]
NORMAL PROBLEM
dReal Options: -precision=7.8125e-08
SMT: /home/b2049657/ProbReach/model/starvation/starvation.pdrh_0_0.smt2, PATH : [1]
unsat
Tried 1 feasible paths, all of them are unsat.
50 of 118
interval ---> [9.006875000000001, 9.085000000000001]
NORMAL PROBLEM
dReal Options: -precision=7.8125e-08
SMT: /home/b2049657/ProbReach/model/starvation/starvation.pdrh_0_0.smt2, PATH : [1]
unsat
Tried 1 feasible paths, all of them are unsat.
51 of 118
interval ---> [9.085000000000001, 9.163125000000001]
NORMAL PROBLEM
dReal Options: -precision=7.8125e-08
SMT: /home/b2049657/ProbReach/model/starvation/starvation.pdrh_0_0.smt2, PATH : [1]
unsat
Tried 1 feasible paths, all of them are unsat.
52 of 118
interval ---> [9.163125000000001, 9.241250000000001]
NORMAL PROBLEM
dReal Options: -precision=7.8125e-08
SMT: /home/b2049657/ProbReach/model/starvation/starvation.pdrh_0_0.smt2, PATH : [1]
unsat
Tried 1 feasible paths, all of them are unsat.
53 of 118
interval ---> [9.241250000000001, 9.319375000000001]
NORMAL PROBLEM
dReal Options: -precision=7.8125e-08
SMT: /home/b2049657/ProbReach/model/starvation/starvation.pdrh_0_0.smt2, PATH : [1]
unsat
Tried 1 feasible paths, all of them are unsat.
54 of 118
interval ---> [9.319375000000001, 9.397500000000001]
NORMAL PROBLEM
dReal Options: -precision=7.8125e-08
SMT: /home/b2049657/ProbReach/model/starvation/starvation.pdrh_0_0.smt2, PATH : [1]
unsat
Tried 1 feasible paths, all of them are unsat.
55 of 118
interval ---> [9.397500000000001, 9.475625000000001]
NORMAL PROBLEM
dReal Options: -precision=7.8125e-08
SMT: /home/b2049657/ProbReach/model/starvation/starvation.pdrh_0_0.smt2, PATH : [1]
unsat
Tried 1 feasible paths, all of them are unsat.
56 of 118
interval ---> [9.475625000000001, 9.553750000000001]
NORMAL PROBLEM
dReal Options: -precision=7.8125e-08
SMT: /home/b2049657/ProbReach/model/starvation/starvation.pdrh_0_0.smt2, PATH : [1]
sat
sat -- [1]
CONVERTED PROBLEM
dReal Options: -precision=7.8125e-08
SMT: /home/b2049657/ProbReach/model/starvation/starvation-c.pdrh_0_0.smt2, PATH : [1]
sat
sat -- [1]
57 of 118
interval ---> [9.553750000000001, 9.631875000000001]
NORMAL PROBLEM
dReal Options: -precision=7.8125e-08
SMT: /home/b2049657/ProbReach/model/starvation/starvation.pdrh_0_0.smt2, PATH : [1]
sat
sat -- [1]
CONVERTED PROBLEM
dReal Options: -precision=7.8125e-08
SMT: /home/b2049657/ProbReach/model/starvation/starvation-c.pdrh_0_0.smt2, PATH : [1]
unsat
Tried 1 feasible paths, all of them are unsat.
58 of 118
interval ---> [9.631875000000001, 9.710000000000001]
NORMAL PROBLEM
dReal Options: -precision=7.8125e-08
SMT: /home/b2049657/ProbReach/model/starvation/starvation.pdrh_0_0.smt2, PATH : [1]
sat
sat -- [1]
CONVERTED PROBLEM
dReal Options: -precision=7.8125e-08
SMT: /home/b2049657/ProbReach/model/starvation/starvation-c.pdrh_0_0.smt2, PATH : [1]
unsat
Tried 1 feasible paths, all of them are unsat.
59 of 118
interval ---> [9.710000000000001, 9.788125000000001]
NORMAL PROBLEM
dReal Options: -precision=7.8125e-08
SMT: /home/b2049657/ProbReach/model/starvation/starvation.pdrh_0_0.smt2, PATH : [1]
sat
sat -- [1]
CONVERTED PROBLEM
dReal Options: -precision=7.8125e-08
SMT: /home/b2049657/ProbReach/model/starvation/starvation-c.pdrh_0_0.smt2, PATH : [1]
unsat
Tried 1 feasible paths, all of them are unsat.
60 of 118
interval ---> [9.788125000000001, 9.866250000000001]
NORMAL PROBLEM
dReal Options: -precision=7.8125e-08
SMT: /home/b2049657/ProbReach/model/starvation/starvation.pdrh_0_0.smt2, PATH : [1]
sat
sat -- [1]
CONVERTED PROBLEM
dReal Options: -precision=7.8125e-08
SMT: /home/b2049657/ProbReach/model/starvation/starvation-c.pdrh_0_0.smt2, PATH : [1]
unsat
Tried 1 feasible paths, all of them are unsat.
61 of 118
interval ---> [9.866250000000001, 9.944375000000001]
NORMAL PROBLEM
dReal Options: -precision=7.8125e-08
SMT: /home/b2049657/ProbReach/model/starvation/starvation.pdrh_0_0.smt2, PATH : [1]
sat
sat -- [1]
CONVERTED PROBLEM
dReal Options: -precision=7.8125e-08
SMT: /home/b2049657/ProbReach/model/starvation/starvation-c.pdrh_0_0.smt2, PATH : [1]
unsat
Tried 1 feasible paths, all of them are unsat.
62 of 118
interval ---> [9.944375000000001, 10.0225]
NORMAL PROBLEM
dReal Options: -precision=7.8125e-08
SMT: /home/b2049657/ProbReach/model/starvation/starvation.pdrh_0_0.smt2, PATH : [1]
sat
sat -- [1]
CONVERTED PROBLEM
dReal Options: -precision=7.8125e-08
SMT: /home/b2049657/ProbReach/model/starvation/starvation-c.pdrh_0_0.smt2, PATH : [1]
unsat
Tried 1 feasible paths, all of them are unsat.
63 of 118
interval ---> [10.0225, 10.100625]
NORMAL PROBLEM
dReal Options: -precision=7.8125e-08
SMT: /home/b2049657/ProbReach/model/starvation/starvation.pdrh_0_0.smt2, PATH : [1]
sat
sat -- [1]
CONVERTED PROBLEM
dReal Options: -precision=7.8125e-08
SMT: /home/b2049657/ProbReach/model/starvation/starvation-c.pdrh_0_0.smt2, PATH : [1]
unsat
Tried 1 feasible paths, all of them are unsat.
64 of 118
interval ---> [10.100625, 10.17875]
NORMAL PROBLEM
dReal Options: -precision=7.8125e-08
SMT: /home/b2049657/ProbReach/model/starvation/starvation.pdrh_0_0.smt2, PATH : [1]
sat
sat -- [1]
CONVERTED PROBLEM
dReal Options: -precision=7.8125e-08
SMT: /home/b2049657/ProbReach/model/starvation/starvation-c.pdrh_0_0.smt2, PATH : [1]
unsat
Tried 1 feasible paths, all of them are unsat.
65 of 118
interval ---> [10.17875, 10.256875]
NORMAL PROBLEM
dReal Options: -precision=7.8125e-08
SMT: /home/b2049657/ProbReach/model/starvation/starvation.pdrh_0_0.smt2, PATH : [1]
sat
sat -- [1]
CONVERTED PROBLEM
dReal Options: -precision=7.8125e-08
SMT: /home/b2049657/ProbReach/model/starvation/starvation-c.pdrh_0_0.smt2, PATH : [1]
unsat
Tried 1 feasible paths, all of them are unsat.
66 of 118
interval ---> [10.256875, 10.335]
NORMAL PROBLEM
dReal Options: -precision=7.8125e-08
SMT: /home/b2049657/ProbReach/model/starvation/starvation.pdrh_0_0.smt2, PATH : [1]
sat
sat -- [1]
CONVERTED PROBLEM
dReal Options: -precision=7.8125e-08
SMT: /home/b2049657/ProbReach/model/starvation/starvation-c.pdrh_0_0.smt2, PATH : [1]
unsat
Tried 1 feasible paths, all of them are unsat.
67 of 118
interval ---> [10.335, 10.413125]
NORMAL PROBLEM
dReal Options: -precision=7.8125e-08
SMT: /home/b2049657/ProbReach/model/starvation/starvation.pdrh_0_0.smt2, PATH : [1]
sat
sat -- [1]
CONVERTED PROBLEM
dReal Options: -precision=7.8125e-08
SMT: /home/b2049657/ProbReach/model/starvation/starvation-c.pdrh_0_0.smt2, PATH : [1]
unsat
Tried 1 feasible paths, all of them are unsat.
68 of 118
interval ---> [10.413125, 10.49125]
NORMAL PROBLEM
dReal Options: -precision=7.8125e-08
SMT: /home/b2049657/ProbReach/model/starvation/starvation.pdrh_0_0.smt2, PATH : [1]
sat
sat -- [1]
CONVERTED PROBLEM
dReal Options: -precision=7.8125e-08
SMT: /home/b2049657/ProbReach/model/starvation/starvation-c.pdrh_0_0.smt2, PATH : [1]
unsat
Tried 1 feasible paths, all of them are unsat.
69 of 118
interval ---> [10.49125, 10.569375]
NORMAL PROBLEM
dReal Options: -precision=7.8125e-08
SMT: /home/b2049657/ProbReach/model/starvation/starvation.pdrh_0_0.smt2, PATH : [1]
sat
sat -- [1]
CONVERTED PROBLEM
dReal Options: -precision=7.8125e-08
SMT: /home/b2049657/ProbReach/model/starvation/starvation-c.pdrh_0_0.smt2, PATH : [1]
unsat
Tried 1 feasible paths, all of them are unsat.
70 of 118
interval ---> [10.569375, 10.6475]
NORMAL PROBLEM
dReal Options: -precision=7.8125e-08
SMT: /home/b2049657/ProbReach/model/starvation/starvation.pdrh_0_0.smt2, PATH : [1]
sat
sat -- [1]
CONVERTED PROBLEM
dReal Options: -precision=7.8125e-08
SMT: /home/b2049657/ProbReach/model/starvation/starvation-c.pdrh_0_0.smt2, PATH : [1]
unsat
Tried 1 feasible paths, all of them are unsat.
71 of 118
interval ---> [10.6475, 10.725625]
NORMAL PROBLEM
dReal Options: -precision=7.8125e-08
SMT: /home/b2049657/ProbReach/model/starvation/starvation.pdrh_0_0.smt2, PATH : [1]
sat
sat -- [1]
CONVERTED PROBLEM
dReal Options: -precision=7.8125e-08
SMT: /home/b2049657/ProbReach/model/starvation/starvation-c.pdrh_0_0.smt2, PATH : [1]
unsat
Tried 1 feasible paths, all of them are unsat.
72 of 118
interval ---> [10.725625, 10.80375]
NORMAL PROBLEM
dReal Options: -precision=7.8125e-08
SMT: /home/b2049657/ProbReach/model/starvation/starvation.pdrh_0_0.smt2, PATH : [1]
sat
sat -- [1]
CONVERTED PROBLEM
dReal Options: -precision=7.8125e-08
SMT: /home/b2049657/ProbReach/model/starvation/starvation-c.pdrh_0_0.smt2, PATH : [1]
unsat
Tried 1 feasible paths, all of them are unsat.
73 of 118
interval ---> [11.11625, 11.194375]
NORMAL PROBLEM
dReal Options: -precision=7.8125e-08
SMT: /home/b2049657/ProbReach/model/starvation/starvation.pdrh_0_0.smt2, PATH : [1]
sat
sat -- [1]
CONVERTED PROBLEM
dReal Options: -precision=7.8125e-08
SMT: /home/b2049657/ProbReach/model/starvation/starvation-c.pdrh_0_0.smt2, PATH : [1]
unsat
Tried 1 feasible paths, all of them are unsat.
74 of 118
interval ---> [11.194375, 11.2725]
NORMAL PROBLEM
dReal Options: -precision=7.8125e-08
SMT: /home/b2049657/ProbReach/model/starvation/starvation.pdrh_0_0.smt2, PATH : [1]
sat
sat -- [1]
CONVERTED PROBLEM
dReal Options: -precision=7.8125e-08
SMT: /home/b2049657/ProbReach/model/starvation/starvation-c.pdrh_0_0.smt2, PATH : [1]
unsat
Tried 1 feasible paths, all of them are unsat.
75 of 118
interval ---> [11.2725, 11.350625]
NORMAL PROBLEM
dReal Options: -precision=7.8125e-08
SMT: /home/b2049657/ProbReach/model/starvation/starvation.pdrh_0_0.smt2, PATH : [1]
sat
sat -- [1]
CONVERTED PROBLEM
dReal Options: -precision=7.8125e-08
SMT: /home/b2049657/ProbReach/model/starvation/starvation-c.pdrh_0_0.smt2, PATH : [1]
unsat
Tried 1 feasible paths, all of them are unsat.
76 of 118
interval ---> [11.350625, 11.42875]
NORMAL PROBLEM
dReal Options: -precision=7.8125e-08
SMT: /home/b2049657/ProbReach/model/starvation/starvation.pdrh_0_0.smt2, PATH : [1]
sat
sat -- [1]
CONVERTED PROBLEM
dReal Options: -precision=7.8125e-08
SMT: /home/b2049657/ProbReach/model/starvation/starvation-c.pdrh_0_0.smt2, PATH : [1]
unsat
Tried 1 feasible paths, all of them are unsat.
77 of 118
interval ---> [11.42875, 11.506875]
NORMAL PROBLEM
dReal Options: -precision=7.8125e-08
SMT: /home/b2049657/ProbReach/model/starvation/starvation.pdrh_0_0.smt2, PATH : [1]
sat
sat -- [1]
CONVERTED PROBLEM
dReal Options: -precision=7.8125e-08
SMT: /home/b2049657/ProbReach/model/starvation/starvation-c.pdrh_0_0.smt2, PATH : [1]
unsat
Tried 1 feasible paths, all of them are unsat.
78 of 118
interval ---> [11.506875, 11.585]
NORMAL PROBLEM
dReal Options: -precision=7.8125e-08
SMT: /home/b2049657/ProbReach/model/starvation/starvation.pdrh_0_0.smt2, PATH : [1]
sat
sat -- [1]
CONVERTED PROBLEM
dReal Options: -precision=7.8125e-08
SMT: /home/b2049657/ProbReach/model/starvation/starvation-c.pdrh_0_0.smt2, PATH : [1]
unsat
Tried 1 feasible paths, all of them are unsat.
79 of 118
interval ---> [11.585, 11.663125]
NORMAL PROBLEM
dReal Options: -precision=7.8125e-08
SMT: /home/b2049657/ProbReach/model/starvation/starvation.pdrh_0_0.smt2, PATH : [1]
sat
sat -- [1]
CONVERTED PROBLEM
dReal Options: -precision=7.8125e-08
SMT: /home/b2049657/ProbReach/model/starvation/starvation-c.pdrh_0_0.smt2, PATH : [1]
unsat
Tried 1 feasible paths, all of them are unsat.
80 of 118
interval ---> [11.663125, 11.74125]
NORMAL PROBLEM
dReal Options: -precision=7.8125e-08
SMT: /home/b2049657/ProbReach/model/starvation/starvation.pdrh_0_0.smt2, PATH : [1]
sat
sat -- [1]
CONVERTED PROBLEM
dReal Options: -precision=7.8125e-08
SMT: /home/b2049657/ProbReach/model/starvation/starvation-c.pdrh_0_0.smt2, PATH : [1]
unsat
Tried 1 feasible paths, all of them are unsat.
81 of 118
interval ---> [11.74125, 11.819375]
NORMAL PROBLEM
dReal Options: -precision=7.8125e-08
SMT: /home/b2049657/ProbReach/model/starvation/starvation.pdrh_0_0.smt2, PATH : [1]
sat
sat -- [1]
CONVERTED PROBLEM
dReal Options: -precision=7.8125e-08
SMT: /home/b2049657/ProbReach/model/starvation/starvation-c.pdrh_0_0.smt2, PATH : [1]
unsat
Tried 1 feasible paths, all of them are unsat.
82 of 118
interval ---> [11.819375, 11.8975]
NORMAL PROBLEM
dReal Options: -precision=7.8125e-08
SMT: /home/b2049657/ProbReach/model/starvation/starvation.pdrh_0_0.smt2, PATH : [1]
sat
sat -- [1]
CONVERTED PROBLEM
dReal Options: -precision=7.8125e-08
SMT: /home/b2049657/ProbReach/model/starvation/starvation-c.pdrh_0_0.smt2, PATH : [1]
unsat
Tried 1 feasible paths, all of them are unsat.
83 of 118
interval ---> [11.8975, 11.975625]
NORMAL PROBLEM
dReal Options: -precision=7.8125e-08
SMT: /home/b2049657/ProbReach/model/starvation/starvation.pdrh_0_0.smt2, PATH : [1]
sat
sat -- [1]
CONVERTED PROBLEM
dReal Options: -precision=7.8125e-08
SMT: /home/b2049657/ProbReach/model/starvation/starvation-c.pdrh_0_0.smt2, PATH : [1]
unsat
Tried 1 feasible paths, all of them are unsat.
84 of 118
interval ---> [11.975625, 12.05375]
NORMAL PROBLEM
dReal Options: -precision=7.8125e-08
SMT: /home/b2049657/ProbReach/model/starvation/starvation.pdrh_0_0.smt2, PATH : [1]
sat
sat -- [1]
CONVERTED PROBLEM
dReal Options: -precision=7.8125e-08
SMT: /home/b2049657/ProbReach/model/starvation/starvation-c.pdrh_0_0.smt2, PATH : [1]
unsat
Tried 1 feasible paths, all of them are unsat.
85 of 118
interval ---> [12.05375, 12.131875]
NORMAL PROBLEM
dReal Options: -precision=7.8125e-08
SMT: /home/b2049657/ProbReach/model/starvation/starvation.pdrh_0_0.smt2, PATH : [1]
sat
sat -- [1]
CONVERTED PROBLEM
dReal Options: -precision=7.8125e-08
SMT: /home/b2049657/ProbReach/model/starvation/starvation-c.pdrh_0_0.smt2, PATH : [1]
unsat
Tried 1 feasible paths, all of them are unsat.
86 of 118
interval ---> [12.131875, 12.21]
NORMAL PROBLEM
dReal Options: -precision=7.8125e-08
SMT: /home/b2049657/ProbReach/model/starvation/starvation.pdrh_0_0.smt2, PATH : [1]
sat
sat -- [1]
CONVERTED PROBLEM
dReal Options: -precision=7.8125e-08
SMT: /home/b2049657/ProbReach/model/starvation/starvation-c.pdrh_0_0.smt2, PATH : [1]
unsat
Tried 1 feasible paths, all of them are unsat.
87 of 118
interval ---> [12.21, 12.288125]
NORMAL PROBLEM
dReal Options: -precision=7.8125e-08
SMT: /home/b2049657/ProbReach/model/starvation/starvation.pdrh_0_0.smt2, PATH : [1]
sat
sat -- [1]
CONVERTED PROBLEM
dReal Options: -precision=7.8125e-08
SMT: /home/b2049657/ProbReach/model/starvation/starvation-c.pdrh_0_0.smt2, PATH : [1]
unsat
Tried 1 feasible paths, all of them are unsat.
88 of 118
interval ---> [12.288125, 12.36625]
NORMAL PROBLEM
dReal Options: -precision=7.8125e-08
SMT: /home/b2049657/ProbReach/model/starvation/starvation.pdrh_0_0.smt2, PATH : [1]
sat
sat -- [1]
CONVERTED PROBLEM
dReal Options: -precision=7.8125e-08
SMT: /home/b2049657/ProbReach/model/starvation/starvation-c.pdrh_0_0.smt2, PATH : [1]
unsat
Tried 1 feasible paths, all of them are unsat.
89 of 118
interval ---> [12.36625, 12.444375]
NORMAL PROBLEM
dReal Options: -precision=7.8125e-08
SMT: /home/b2049657/ProbReach/model/starvation/starvation.pdrh_0_0.smt2, PATH : [1]
sat
sat -- [1]
CONVERTED PROBLEM
dReal Options: -precision=7.8125e-08
SMT: /home/b2049657/ProbReach/model/starvation/starvation-c.pdrh_0_0.smt2, PATH : [1]
unsat
Tried 1 feasible paths, all of them are unsat.
90 of 118
interval ---> [12.444375, 12.5225]
NORMAL PROBLEM
dReal Options: -precision=7.8125e-08
SMT: /home/b2049657/ProbReach/model/starvation/starvation.pdrh_0_0.smt2, PATH : [1]
sat
sat -- [1]
CONVERTED PROBLEM
dReal Options: -precision=7.8125e-08
SMT: /home/b2049657/ProbReach/model/starvation/starvation-c.pdrh_0_0.smt2, PATH : [1]
unsat
Tried 1 feasible paths, all of them are unsat.
91 of 118
interval ---> [12.5225, 12.600625]
NORMAL PROBLEM
dReal Options: -precision=7.8125e-08
SMT: /home/b2049657/ProbReach/model/starvation/starvation.pdrh_0_0.smt2, PATH : [1]
sat
sat -- [1]
CONVERTED PROBLEM
dReal Options: -precision=7.8125e-08
SMT: /home/b2049657/ProbReach/model/starvation/starvation-c.pdrh_0_0.smt2, PATH : [1]
unsat
Tried 1 feasible paths, all of them are unsat.
92 of 118
interval ---> [12.600625, 12.67875]
NORMAL PROBLEM
dReal Options: -precision=7.8125e-08
SMT: /home/b2049657/ProbReach/model/starvation/starvation.pdrh_0_0.smt2, PATH : [1]
sat
sat -- [1]
CONVERTED PROBLEM
dReal Options: -precision=7.8125e-08
SMT: /home/b2049657/ProbReach/model/starvation/starvation-c.pdrh_0_0.smt2, PATH : [1]
unsat
Tried 1 feasible paths, all of them are unsat.
93 of 118
interval ---> [12.67875, 12.756875]
NORMAL PROBLEM
dReal Options: -precision=7.8125e-08
SMT: /home/b2049657/ProbReach/model/starvation/starvation.pdrh_0_0.smt2, PATH : [1]
sat
sat -- [1]
CONVERTED PROBLEM
dReal Options: -precision=7.8125e-08
SMT: /home/b2049657/ProbReach/model/starvation/starvation-c.pdrh_0_0.smt2, PATH : [1]
unsat
Tried 1 feasible paths, all of them are unsat.
94 of 118
interval ---> [12.756875, 12.835]
NORMAL PROBLEM
dReal Options: -precision=7.8125e-08
SMT: /home/b2049657/ProbReach/model/starvation/starvation.pdrh_0_0.smt2, PATH : [1]
sat
sat -- [1]
CONVERTED PROBLEM
dReal Options: -precision=7.8125e-08
SMT: /home/b2049657/ProbReach/model/starvation/starvation-c.pdrh_0_0.smt2, PATH : [1]
unsat
Tried 1 feasible paths, all of them are unsat.
95 of 118
interval ---> [12.835, 12.913125]
NORMAL PROBLEM
dReal Options: -precision=7.8125e-08
SMT: /home/b2049657/ProbReach/model/starvation/starvation.pdrh_0_0.smt2, PATH : [1]
sat
sat -- [1]
CONVERTED PROBLEM
dReal Options: -precision=7.8125e-08
SMT: /home/b2049657/ProbReach/model/starvation/starvation-c.pdrh_0_0.smt2, PATH : [1]
unsat
Tried 1 feasible paths, all of them are unsat.
96 of 118
interval ---> [12.913125, 12.99125]
NORMAL PROBLEM
dReal Options: -precision=7.8125e-08
SMT: /home/b2049657/ProbReach/model/starvation/starvation.pdrh_0_0.smt2, PATH : [1]
sat
sat -- [1]
CONVERTED PROBLEM
dReal Options: -precision=7.8125e-08
SMT: /home/b2049657/ProbReach/model/starvation/starvation-c.pdrh_0_0.smt2, PATH : [1]
unsat
Tried 1 feasible paths, all of them are unsat.
97 of 118
interval ---> [12.99125, 13.069375]
NORMAL PROBLEM
dReal Options: -precision=7.8125e-08
SMT: /home/b2049657/ProbReach/model/starvation/starvation.pdrh_0_0.smt2, PATH : [1]
sat
sat -- [1]
CONVERTED PROBLEM
dReal Options: -precision=7.8125e-08
SMT: /home/b2049657/ProbReach/model/starvation/starvation-c.pdrh_0_0.smt2, PATH : [1]
unsat
Tried 1 feasible paths, all of them are unsat.
98 of 118
interval ---> [13.069375, 13.1475]
NORMAL PROBLEM
dReal Options: -precision=7.8125e-08
SMT: /home/b2049657/ProbReach/model/starvation/starvation.pdrh_0_0.smt2, PATH : [1]
sat
sat -- [1]
CONVERTED PROBLEM
dReal Options: -precision=7.8125e-08
SMT: /home/b2049657/ProbReach/model/starvation/starvation-c.pdrh_0_0.smt2, PATH : [1]
unsat
Tried 1 feasible paths, all of them are unsat.
99 of 118
interval ---> [13.1475, 13.225625]
NORMAL PROBLEM
dReal Options: -precision=7.8125e-08
SMT: /home/b2049657/ProbReach/model/starvation/starvation.pdrh_0_0.smt2, PATH : [1]
sat
sat -- [1]
CONVERTED PROBLEM
dReal Options: -precision=7.8125e-08
SMT: /home/b2049657/ProbReach/model/starvation/starvation-c.pdrh_0_0.smt2, PATH : [1]
unsat
Tried 1 feasible paths, all of them are unsat.
100 of 118
interval ---> [13.225625, 13.30375]
NORMAL PROBLEM
dReal Options: -precision=7.8125e-08
SMT: /home/b2049657/ProbReach/model/starvation/starvation.pdrh_0_0.smt2, PATH : [1]
sat
sat -- [1]
CONVERTED PROBLEM
dReal Options: -precision=7.8125e-08
SMT: /home/b2049657/ProbReach/model/starvation/starvation-c.pdrh_0_0.smt2, PATH : [1]
unsat
Tried 1 feasible paths, all of them are unsat.
101 of 118
interval ---> [13.30375, 13.381875]
NORMAL PROBLEM
dReal Options: -precision=7.8125e-08
SMT: /home/b2049657/ProbReach/model/starvation/starvation.pdrh_0_0.smt2, PATH : [1]
sat
sat -- [1]
CONVERTED PROBLEM
dReal Options: -precision=7.8125e-08
SMT: /home/b2049657/ProbReach/model/starvation/starvation-c.pdrh_0_0.smt2, PATH : [1]
unsat
Tried 1 feasible paths, all of them are unsat.
102 of 118
interval ---> [13.381875, 13.46]
NORMAL PROBLEM
dReal Options: -precision=7.8125e-08
SMT: /home/b2049657/ProbReach/model/starvation/starvation.pdrh_0_0.smt2, PATH : [1]
sat
sat -- [1]
CONVERTED PROBLEM
dReal Options: -precision=7.8125e-08
SMT: /home/b2049657/ProbReach/model/starvation/starvation-c.pdrh_0_0.smt2, PATH : [1]
unsat
Tried 1 feasible paths, all of them are unsat.
103 of 118
interval ---> [13.46, 13.538125]
NORMAL PROBLEM
dReal Options: -precision=7.8125e-08
SMT: /home/b2049657/ProbReach/model/starvation/starvation.pdrh_0_0.smt2, PATH : [1]
sat
sat -- [1]
CONVERTED PROBLEM
dReal Options: -precision=7.8125e-08
SMT: /home/b2049657/ProbReach/model/starvation/starvation-c.pdrh_0_0.smt2, PATH : [1]
unsat
Tried 1 feasible paths, all of them are unsat.
104 of 118
interval ---> [13.538125, 13.61625]
NORMAL PROBLEM
dReal Options: -precision=7.8125e-08
SMT: /home/b2049657/ProbReach/model/starvation/starvation.pdrh_0_0.smt2, PATH : [1]
sat
sat -- [1]
CONVERTED PROBLEM
dReal Options: -precision=7.8125e-08
SMT: /home/b2049657/ProbReach/model/starvation/starvation-c.pdrh_0_0.smt2, PATH : [1]
unsat
Tried 1 feasible paths, all of them are unsat.
105 of 118
interval ---> [13.61625, 13.694375]
NORMAL PROBLEM
dReal Options: -precision=7.8125e-08
SMT: /home/b2049657/ProbReach/model/starvation/starvation.pdrh_0_0.smt2, PATH : [1]
sat
sat -- [1]
CONVERTED PROBLEM
dReal Options: -precision=7.8125e-08
SMT: /home/b2049657/ProbReach/model/starvation/starvation-c.pdrh_0_0.smt2, PATH : [1]
unsat
Tried 1 feasible paths, all of them are unsat.
106 of 118
interval ---> [13.694375, 13.7725]
NORMAL PROBLEM
dReal Options: -precision=7.8125e-08
SMT: /home/b2049657/ProbReach/model/starvation/starvation.pdrh_0_0.smt2, PATH : [1]
sat
sat -- [1]
CONVERTED PROBLEM
dReal Options: -precision=7.8125e-08
SMT: /home/b2049657/ProbReach/model/starvation/starvation-c.pdrh_0_0.smt2, PATH : [1]
unsat
Tried 1 feasible paths, all of them are unsat.
107 of 118
interval ---> [13.7725, 13.850625]
NORMAL PROBLEM
dReal Options: -precision=7.8125e-08
SMT: /home/b2049657/ProbReach/model/starvation/starvation.pdrh_0_0.smt2, PATH : [1]
sat
sat -- [1]
CONVERTED PROBLEM
dReal Options: -precision=7.8125e-08
SMT: /home/b2049657/ProbReach/model/starvation/starvation-c.pdrh_0_0.smt2, PATH : [1]
unsat
Tried 1 feasible paths, all of them are unsat.
108 of 118
interval ---> [13.850625, 13.92875]
NORMAL PROBLEM
dReal Options: -precision=7.8125e-08
SMT: /home/b2049657/ProbReach/model/starvation/starvation.pdrh_0_0.smt2, PATH : [1]
sat
sat -- [1]
CONVERTED PROBLEM
dReal Options: -precision=7.8125e-08
SMT: /home/b2049657/ProbReach/model/starvation/starvation-c.pdrh_0_0.smt2, PATH : [1]
unsat
Tried 1 feasible paths, all of them are unsat.
109 of 118
interval ---> [13.92875, 14.006875]
NORMAL PROBLEM
dReal Options: -precision=7.8125e-08
SMT: /home/b2049657/ProbReach/model/starvation/starvation.pdrh_0_0.smt2, PATH : [1]
sat
sat -- [1]
CONVERTED PROBLEM
dReal Options: -precision=7.8125e-08
SMT: /home/b2049657/ProbReach/model/starvation/starvation-c.pdrh_0_0.smt2, PATH : [1]
unsat
Tried 1 feasible paths, all of them are unsat.
110 of 118
interval ---> [14.006875, 14.085]
NORMAL PROBLEM
dReal Options: -precision=7.8125e-08
SMT: /home/b2049657/ProbReach/model/starvation/starvation.pdrh_0_0.smt2, PATH : [1]
sat
sat -- [1]
CONVERTED PROBLEM
dReal Options: -precision=7.8125e-08
SMT: /home/b2049657/ProbReach/model/starvation/starvation-c.pdrh_0_0.smt2, PATH : [1]
unsat
Tried 1 feasible paths, all of them are unsat.
111 of 118
interval ---> [14.085, 14.163125]
NORMAL PROBLEM
dReal Options: -precision=7.8125e-08
SMT: /home/b2049657/ProbReach/model/starvation/starvation.pdrh_0_0.smt2, PATH : [1]
sat
sat -- [1]
CONVERTED PROBLEM
dReal Options: -precision=7.8125e-08
SMT: /home/b2049657/ProbReach/model/starvation/starvation-c.pdrh_0_0.smt2, PATH : [1]
unsat
Tried 1 feasible paths, all of them are unsat.
112 of 118
interval ---> [14.163125, 14.24125]
NORMAL PROBLEM
dReal Options: -precision=7.8125e-08
SMT: /home/b2049657/ProbReach/model/starvation/starvation.pdrh_0_0.smt2, PATH : [1]
sat
sat -- [1]
CONVERTED PROBLEM
dReal Options: -precision=7.8125e-08
SMT: /home/b2049657/ProbReach/model/starvation/starvation-c.pdrh_0_0.smt2, PATH : [1]
unsat
Tried 1 feasible paths, all of them are unsat.
113 of 118
interval ---> [14.24125, 14.319375]
NORMAL PROBLEM
dReal Options: -precision=7.8125e-08
SMT: /home/b2049657/ProbReach/model/starvation/starvation.pdrh_0_0.smt2, PATH : [1]
sat
sat -- [1]
CONVERTED PROBLEM
dReal Options: -precision=7.8125e-08
SMT: /home/b2049657/ProbReach/model/starvation/starvation-c.pdrh_0_0.smt2, PATH : [1]
unsat
Tried 1 feasible paths, all of them are unsat.
114 of 118
interval ---> [14.319375, 14.3975]
NORMAL PROBLEM
dReal Options: -precision=7.8125e-08
SMT: /home/b2049657/ProbReach/model/starvation/starvation.pdrh_0_0.smt2, PATH : [1]
sat
sat -- [1]
CONVERTED PROBLEM
dReal Options: -precision=7.8125e-08
SMT: /home/b2049657/ProbReach/model/starvation/starvation-c.pdrh_0_0.smt2, PATH : [1]
unsat
Tried 1 feasible paths, all of them are unsat.
115 of 118
interval ---> [14.3975, 14.475625]
NORMAL PROBLEM
dReal Options: -precision=7.8125e-08
SMT: /home/b2049657/ProbReach/model/starvation/starvation.pdrh_0_0.smt2, PATH : [1]
sat
sat -- [1]
CONVERTED PROBLEM
dReal Options: -precision=7.8125e-08
SMT: /home/b2049657/ProbReach/model/starvation/starvation-c.pdrh_0_0.smt2, PATH : [1]
unsat
Tried 1 feasible paths, all of them are unsat.
116 of 118
interval ---> [14.475625, 14.55375]
NORMAL PROBLEM
dReal Options: -precision=7.8125e-08
SMT: /home/b2049657/ProbReach/model/starvation/starvation.pdrh_0_0.smt2, PATH : [1]
sat
sat -- [1]
CONVERTED PROBLEM
dReal Options: -precision=7.8125e-08
SMT: /home/b2049657/ProbReach/model/starvation/starvation-c.pdrh_0_0.smt2, PATH : [1]
unsat
Tried 1 feasible paths, all of them are unsat.
117 of 118
************
Division number 118
underIntg: [0.9201750229833819, 0.9201750698792789]
overIntg: [0.9311452418909395, 0.931145289332822]
realIntg: [0.9201750229833819, 0.931145289332822]
realIntgInf: [0.9201750229833819, 0.9311453352879483]
Starting extra division
interval ---> [9.475625000000001, 9.514687500000001]
NORMAL PROBLEM
dReal Options: -precision=3.90625e-08
SMT: /home/b2049657/ProbReach/model/starvation/starvation.pdrh_0_0.smt2, PATH : [1]
unsat
Tried 1 feasible paths, all of them are unsat.
0 of 2
interval ---> [9.514687500000001, 9.553750000000001]
NORMAL PROBLEM
dReal Options: -precision=3.90625e-08
SMT: /home/b2049657/ProbReach/model/starvation/starvation.pdrh_0_0.smt2, PATH : [1]
sat
sat -- [1]
CONVERTED PROBLEM
dReal Options: -precision=3.90625e-08
SMT: /home/b2049657/ProbReach/model/starvation/starvation-c.pdrh_0_0.smt2, PATH : [1]
sat
sat -- [1]
1 of 2
************
Division number 2
underIntg: [0.9201750229833819, 0.9201750698792789]
overIntg: [0.9258149096221348, 0.9258149565265122]
realIntg: [0.9201750229833819, 0.9258149565265122]
realIntgInf: [0.9201750229833819, 0.9258150024816385]
Starting extra division
interval ---> [9.514687500000001, 9.534218750000001]
NORMAL PROBLEM
dReal Options: -precision=1.95313e-08
SMT: /home/b2049657/ProbReach/model/starvation/starvation.pdrh_0_0.smt2, PATH : [1]
unsat
Tried 1 feasible paths, all of them are unsat.
0 of 2
interval ---> [9.534218750000001, 9.553750000000001]
NORMAL PROBLEM
dReal Options: -precision=1.95313e-08
SMT: /home/b2049657/ProbReach/model/starvation/starvation.pdrh_0_0.smt2, PATH : [1]
sat
sat -- [1]
CONVERTED PROBLEM
dReal Options: -precision=1.95313e-08
SMT: /home/b2049657/ProbReach/model/starvation/starvation-c.pdrh_0_0.smt2, PATH : [1]
sat
sat -- [1]
1 of 2
************
Division number 2
underIntg: [0.9201750229833819, 0.9201750698792789]
overIntg: [0.9230342264095484, 0.9230342733055775]
realIntg: [0.9201750229833819, 0.9230342733055775]
realIntgInf: [0.9201750229833819, 0.9230343192607038]
Starting extra division
interval ---> [9.534218750000001, 9.543984375000001]
NORMAL PROBLEM
dReal Options: -precision=9.76563e-09
SMT: /home/b2049657/ProbReach/model/starvation/starvation.pdrh_0_0.smt2, PATH : [1]
sat
sat -- [1]
CONVERTED PROBLEM
dReal Options: -precision=9.76563e-09
SMT: /home/b2049657/ProbReach/model/starvation/starvation-c.pdrh_0_0.smt2, PATH : [1]
sat
sat -- [1]
0 of 2
interval ---> [9.543984375000001, 9.553750000000001]
NORMAL PROBLEM
dReal Options: -precision=9.76563e-09
SMT: /home/b2049657/ProbReach/model/starvation/starvation.pdrh_0_0.smt2, PATH : [1]
sat
sat -- [1]
CONVERTED PROBLEM
dReal Options: -precision=9.76563e-09
SMT: /home/b2049657/ProbReach/model/starvation/starvation-c.pdrh_0_0.smt2, PATH : [1]
unsat
Tried 1 feasible paths, all of them are unsat.
1 of 2
************
Division number 2
underIntg: [0.9216145089251041, 0.9216145558210033]
overIntg: [0.923034226409612, 0.9230342733055134]
realIntg: [0.9216145089251041, 0.9230342733055134]
realIntgInf: [0.9216145089251041, 0.9230343192606396]
Starting extra division
interval ---> [9.534218750000001, 9.539101562500001]
NORMAL PROBLEM
dReal Options: -precision=4.88281e-09
SMT: /home/b2049657/ProbReach/model/starvation/starvation.pdrh_0_0.smt2, PATH : [1]
unsat
Tried 1 feasible paths, all of them are unsat.
0 of 2
interval ---> [9.539101562500001, 9.543984375000001]
NORMAL PROBLEM
dReal Options: -precision=4.88281e-09
SMT: /home/b2049657/ProbReach/model/starvation/starvation.pdrh_0_0.smt2, PATH : [1]
sat
sat -- [1]
CONVERTED PROBLEM
dReal Options: -precision=4.88281e-09
SMT: /home/b2049657/ProbReach/model/starvation/starvation-c.pdrh_0_0.smt2, PATH : [1]
sat
sat -- [1]
1 of 2
************
Division number 2
underIntg: [0.9216145089251041, 0.9216145558210033]
overIntg: [0.9223268301456979, 0.9223268770415972]
realIntg: [0.9216145089251041, 0.9223268770415972]
realIntgInf: [0.9216145089251041, 0.9223269229967235]
Starting extra division
interval ---> [9.539101562500001, 9.541542968750001]
NORMAL PROBLEM
dReal Options: -precision=2.44141e-09
SMT: /home/b2049657/ProbReach/model/starvation/starvation.pdrh_0_0.smt2, PATH : [1]
sat
sat -- [1]
CONVERTED PROBLEM
dReal Options: -precision=2.44141e-09
SMT: /home/b2049657/ProbReach/model/starvation/starvation-c.pdrh_0_0.smt2, PATH : [1]
sat
sat -- [1]
0 of 2
interval ---> [9.541542968750001, 9.543984375000001]
NORMAL PROBLEM
dReal Options: -precision=2.44141e-09
SMT: /home/b2049657/ProbReach/model/starvation/starvation.pdrh_0_0.smt2, PATH : [1]
sat
sat -- [1]
CONVERTED PROBLEM
dReal Options: -precision=2.44141e-09
SMT: /home/b2049657/ProbReach/model/starvation/starvation-c.pdrh_0_0.smt2, PATH : [1]
unsat
Tried 1 feasible paths, all of them are unsat.
1 of 2
************
Division number 2
underIntg: [0.9219712862318928, 0.9219713331277921]
overIntg: [0.9223268301456979, 0.9223268770415973]
realIntg: [0.9219712862318928, 0.9223268770415973]
realIntgInf: [0.9219712862318928, 0.9223269229967236]
Starting extra division
interval ---> [9.539101562500001, 9.540322265625001]
NORMAL PROBLEM
dReal Options: -precision=1.2207e-09
SMT: /home/b2049657/ProbReach/model/starvation/starvation.pdrh_0_0.smt2, PATH : [1]
sat
sat -- [1]
CONVERTED PROBLEM
dReal Options: -precision=1.2207e-09
SMT: /home/b2049657/ProbReach/model/starvation/starvation-c.pdrh_0_0.smt2, PATH : [1]
sat
sat -- [1]
0 of 2
interval ---> [9.540322265625001, 9.541542968750001]
NORMAL PROBLEM
dReal Options: -precision=1.2207e-09
SMT: /home/b2049657/ProbReach/model/starvation/starvation.pdrh_0_0.smt2, PATH : [1]
sat
sat -- [1]
CONVERTED PROBLEM
dReal Options: -precision=1.2207e-09
SMT: /home/b2049657/ProbReach/model/starvation/starvation-c.pdrh_0_0.smt2, PATH : [1]
sat
sat -- [1]
1 of 2
************
Division number 2
underIntg: [0.9219712862318928, 0.9219713331277921]
overIntg: [0.9223268301456978, 0.9223268770415973]
realIntg: [0.9219712862318928, 0.9223268770415973]
realIntgInf: [0.9219712862318928, 0.9223269229967236]
Starting extra division
interval ---> [9.539101562500001, 9.539711914062501]
NORMAL PROBLEM
dReal Options: -precision=6.10352e-10
SMT: /home/b2049657/ProbReach/model/starvation/starvation.pdrh_0_0.smt2, PATH : [1]
sat
sat -- [1]
CONVERTED PROBLEM
dReal Options: -precision=6.10352e-10
SMT: /home/b2049657/ProbReach/model/starvation/starvation-c.pdrh_0_0.smt2, PATH : [1]
sat
sat -- [1]
0 of 4
interval ---> [9.539711914062501, 9.540322265625001]
NORMAL PROBLEM
dReal Options: -precision=6.10352e-10
SMT: /home/b2049657/ProbReach/model/starvation/starvation.pdrh_0_0.smt2, PATH : [1]
sat
sat -- [1]
CONVERTED PROBLEM
dReal Options: -precision=6.10352e-10
SMT: /home/b2049657/ProbReach/model/starvation/starvation-c.pdrh_0_0.smt2, PATH : [1]
sat
sat -- [1]
1 of 4
interval ---> [9.540322265625001, 9.540932617187501]
NORMAL PROBLEM
dReal Options: -precision=6.10352e-10
SMT: /home/b2049657/ProbReach/model/starvation/starvation.pdrh_0_0.smt2, PATH : [1]
sat
sat -- [1]
CONVERTED PROBLEM
dReal Options: -precision=6.10352e-10
SMT: /home/b2049657/ProbReach/model/starvation/starvation-c.pdrh_0_0.smt2, PATH : [1]
sat
sat -- [1]
2 of 4
interval ---> [9.540932617187501, 9.541542968750001]
NORMAL PROBLEM
dReal Options: -precision=6.10352e-10
SMT: /home/b2049657/ProbReach/model/starvation/starvation.pdrh_0_0.smt2, PATH : [1]
sat
sat -- [1]
CONVERTED PROBLEM
dReal Options: -precision=6.10352e-10
SMT: /home/b2049657/ProbReach/model/starvation/starvation-c.pdrh_0_0.smt2, PATH : [1]
unsat
Tried 1 feasible paths, all of them are unsat.
3 of 4
************
Division number 4
underIntg: [0.9220602877569969, 0.9220603346528963]
overIntg: [0.9223268301456978, 0.9223268770415975]
realIntg: [0.9220602877569969, 0.9223268770415975]
realIntgInf: [0.9220602877569969, 0.9223269229967238]
Starting extra division
interval ---> [9.539101562500001, 9.539406738281251]
NORMAL PROBLEM
dReal Options: -precision=3.05176e-10
SMT: /home/b2049657/ProbReach/model/starvation/starvation.pdrh_0_0.smt2, PATH : [1]
sat
sat -- [1]
CONVERTED PROBLEM
dReal Options: -precision=3.05176e-10
SMT: /home/b2049657/ProbReach/model/starvation/starvation-c.pdrh_0_0.smt2, PATH : [1]
sat
sat -- [1]
0 of 6
interval ---> [9.539406738281251, 9.539711914062501]
NORMAL PROBLEM
dReal Options: -precision=3.05176e-10
SMT: /home/b2049657/ProbReach/model/starvation/starvation.pdrh_0_0.smt2, PATH : [1]
sat
sat -- [1]
CONVERTED PROBLEM
dReal Options: -precision=3.05176e-10
SMT: /home/b2049657/ProbReach/model/starvation/starvation-c.pdrh_0_0.smt2, PATH : [1]
sat
sat -- [1]
1 of 6
interval ---> [9.539711914062501, 9.540017089843751]
NORMAL PROBLEM
dReal Options: -precision=3.05176e-10
SMT: /home/b2049657/ProbReach/model/starvation/starvation.pdrh_0_0.smt2, PATH : [1]
sat
sat -- [1]
CONVERTED PROBLEM
dReal Options: -precision=3.05176e-10
SMT: /home/b2049657/ProbReach/model/starvation/starvation-c.pdrh_0_0.smt2, PATH : [1]
sat
sat -- [1]
2 of 6
interval ---> [9.540017089843751, 9.540322265625001]
NORMAL PROBLEM
dReal Options: -precision=3.05176e-10
SMT: /home/b2049657/ProbReach/model/starvation/starvation.pdrh_0_0.smt2, PATH : [1]
sat
sat -- [1]
CONVERTED PROBLEM
dReal Options: -precision=3.05176e-10
SMT: /home/b2049657/ProbReach/model/starvation/starvation-c.pdrh_0_0.smt2, PATH : [1]
sat
sat -- [1]
3 of 6
interval ---> [9.540322265625001, 9.540627441406251]
NORMAL PROBLEM
dReal Options: -precision=3.05176e-10
SMT: /home/b2049657/ProbReach/model/starvation/starvation.pdrh_0_0.smt2, PATH : [1]
sat
sat -- [1]
CONVERTED PROBLEM
dReal Options: -precision=3.05176e-10
SMT: /home/b2049657/ProbReach/model/starvation/starvation-c.pdrh_0_0.smt2, PATH : [1]
sat
sat -- [1]
4 of 6
interval ---> [9.540627441406251, 9.540932617187501]
NORMAL PROBLEM
dReal Options: -precision=3.05176e-10
SMT: /home/b2049657/ProbReach/model/starvation/starvation.pdrh_0_0.smt2, PATH : [1]
sat
sat -- [1]
CONVERTED PROBLEM
dReal Options: -precision=3.05176e-10
SMT: /home/b2049657/ProbReach/model/starvation/starvation-c.pdrh_0_0.smt2, PATH : [1]
unsat
Tried 1 feasible paths, all of them are unsat.
5 of 6
************
Division number 6
underIntg: [0.922104759622381, 0.9221048065182805]
overIntg: [0.9223268301456976, 0.9223268770415977]
realIntg: [0.922104759622381, 0.9223268770415977]
realIntgInf: [0.922104759622381, 0.9223269229967239]
Starting extra division
interval ---> [9.539101562500001, 9.539254150390626]
NORMAL PROBLEM
dReal Options: -precision=1.52588e-10
SMT: /home/b2049657/ProbReach/model/starvation/starvation.pdrh_0_0.smt2, PATH : [1]
unsat
Tried 1 feasible paths, all of them are unsat.
0 of 10
interval ---> [9.539254150390626, 9.539406738281251]
NORMAL PROBLEM
dReal Options: -precision=1.52588e-10
SMT: /home/b2049657/ProbReach/model/starvation/starvation.pdrh_0_0.smt2, PATH : [1]
sat
sat -- [1]
CONVERTED PROBLEM
dReal Options: -precision=1.52588e-10
SMT: /home/b2049657/ProbReach/model/starvation/starvation-c.pdrh_0_0.smt2, PATH : [1]
sat
sat -- [1]
1 of 10
interval ---> [9.539406738281251, 9.539559326171876]
NORMAL PROBLEM
dReal Options: -precision=1.52588e-10
SMT: /home/b2049657/ProbReach/model/starvation/starvation.pdrh_0_0.smt2, PATH : [1]
sat
sat -- [1]
CONVERTED PROBLEM
dReal Options: -precision=1.52588e-10
SMT: /home/b2049657/ProbReach/model/starvation/starvation-c.pdrh_0_0.smt2, PATH : [1]
sat
sat -- [1]
2 of 10
interval ---> [9.539559326171876, 9.539711914062501]
NORMAL PROBLEM
dReal Options: -precision=1.52588e-10
SMT: /home/b2049657/ProbReach/model/starvation/starvation.pdrh_0_0.smt2, PATH : [1]
sat
sat -- [1]
CONVERTED PROBLEM
dReal Options: -precision=1.52588e-10
SMT: /home/b2049657/ProbReach/model/starvation/starvation-c.pdrh_0_0.smt2, PATH : [1]
sat
sat -- [1]
3 of 10
interval ---> [9.539711914062501, 9.539864501953126]
NORMAL PROBLEM
dReal Options: -precision=1.52588e-10
SMT: /home/b2049657/ProbReach/model/starvation/starvation.pdrh_0_0.smt2, PATH : [1]
sat
sat -- [1]
CONVERTED PROBLEM
dReal Options: -precision=1.52588e-10
SMT: /home/b2049657/ProbReach/model/starvation/starvation-c.pdrh_0_0.smt2, PATH : [1]
sat
sat -- [1]
4 of 10
interval ---> [9.539864501953126, 9.540017089843751]
NORMAL PROBLEM
dReal Options: -precision=1.52588e-10
SMT: /home/b2049657/ProbReach/model/starvation/starvation.pdrh_0_0.smt2, PATH : [1]
sat
sat -- [1]
CONVERTED PROBLEM
dReal Options: -precision=1.52588e-10
SMT: /home/b2049657/ProbReach/model/starvation/starvation-c.pdrh_0_0.smt2, PATH : [1]
sat
sat -- [1]
5 of 10
interval ---> [9.540017089843751, 9.540169677734376]
NORMAL PROBLEM
dReal Options: -precision=1.52588e-10
SMT: /home/b2049657/ProbReach/model/starvation/starvation.pdrh_0_0.smt2, PATH : [1]
sat
sat -- [1]
CONVERTED PROBLEM
dReal Options: -precision=1.52588e-10
SMT: /home/b2049657/ProbReach/model/starvation/starvation-c.pdrh_0_0.smt2, PATH : [1]
sat
sat -- [1]
6 of 10
interval ---> [9.540169677734376, 9.540322265625001]
NORMAL PROBLEM
dReal Options: -precision=1.52588e-10
SMT: /home/b2049657/ProbReach/model/starvation/starvation.pdrh_0_0.smt2, PATH : [1]
sat
sat -- [1]
CONVERTED PROBLEM
dReal Options: -precision=1.52588e-10
SMT: /home/b2049657/ProbReach/model/starvation/starvation-c.pdrh_0_0.smt2, PATH : [1]
sat
sat -- [1]
7 of 10
interval ---> [9.540322265625001, 9.540474853515626]
NORMAL PROBLEM
dReal Options: -precision=1.52588e-10
SMT: /home/b2049657/ProbReach/model/starvation/starvation.pdrh_0_0.smt2, PATH : [1]
sat
sat -- [1]
CONVERTED PROBLEM
dReal Options: -precision=1.52588e-10
SMT: /home/b2049657/ProbReach/model/starvation/starvation-c.pdrh_0_0.smt2, PATH : [1]
sat
sat -- [1]
8 of 10
interval ---> [9.540474853515626, 9.540627441406251]
NORMAL PROBLEM
dReal Options: -precision=1.52588e-10
SMT: /home/b2049657/ProbReach/model/starvation/starvation.pdrh_0_0.smt2, PATH : [1]
sat
sat -- [1]
CONVERTED PROBLEM
dReal Options: -precision=1.52588e-10
SMT: /home/b2049657/ProbReach/model/starvation/starvation-c.pdrh_0_0.smt2, PATH : [1]
unsat
Tried 1 feasible paths, all of them are unsat.
9 of 10
************
Division number 10
underIntg: [0.9221269883326186, 0.9221270352285182]
overIntg: [0.9223046447449629, 0.9223046916408634]
realIntg: [0.9221269883326186, 0.9223046916408634]
realIntgInf: [0.9221269883326186, 0.9223047375959896]
Starting extra division
interval ---> [9.539254150390626, 9.539330444335938]
NORMAL PROBLEM
dReal Options: -precision=7.62939e-11
SMT: /home/b2049657/ProbReach/model/starvation/starvation.pdrh_0_0.smt2, PATH : [1]
sat
sat -- [1]
CONVERTED PROBLEM
dReal Options: -precision=7.62939e-11
SMT: /home/b2049657/ProbReach/model/starvation/starvation-c.pdrh_0_0.smt2, PATH : [1]
sat
sat -- [1]
0 of 16
interval ---> [9.539330444335938, 9.539406738281251]
NORMAL PROBLEM
dReal Options: -precision=7.62939e-11
SMT: /home/b2049657/ProbReach/model/starvation/starvation.pdrh_0_0.smt2, PATH : [1]
sat
sat -- [1]
CONVERTED PROBLEM
dReal Options: -precision=7.62939e-11
SMT: /home/b2049657/ProbReach/model/starvation/starvation-c.pdrh_0_0.smt2, PATH : [1]
sat
sat -- [1]
1 of 16
interval ---> [9.539406738281251, 9.539483032226563]
NORMAL PROBLEM
dReal Options: -precision=7.62939e-11
SMT: /home/b2049657/ProbReach/model/starvation/starvation.pdrh_0_0.smt2, PATH : [1]
sat
sat -- [1]
CONVERTED PROBLEM
dReal Options: -precision=7.62939e-11
SMT: /home/b2049657/ProbReach/model/starvation/starvation-c.pdrh_0_0.smt2, PATH : [1]
sat
sat -- [1]
2 of 16
interval ---> [9.539483032226563, 9.539559326171876]
NORMAL PROBLEM
dReal Options: -precision=7.62939e-11
SMT: /home/b2049657/ProbReach/model/starvation/starvation.pdrh_0_0.smt2, PATH : [1]
sat
sat -- [1]
CONVERTED PROBLEM
dReal Options: -precision=7.62939e-11
SMT: /home/b2049657/ProbReach/model/starvation/starvation-c.pdrh_0_0.smt2, PATH : [1]
sat
sat -- [1]
3 of 16
interval ---> [9.539559326171876, 9.539635620117188]
NORMAL PROBLEM
dReal Options: -precision=7.62939e-11
SMT: /home/b2049657/ProbReach/model/starvation/starvation.pdrh_0_0.smt2, PATH : [1]
sat
sat -- [1]
CONVERTED PROBLEM
dReal Options: -precision=7.62939e-11
SMT: /home/b2049657/ProbReach/model/starvation/starvation-c.pdrh_0_0.smt2, PATH : [1]
sat
sat -- [1]
4 of 16
interval ---> [9.539635620117188, 9.539711914062501]
NORMAL PROBLEM
dReal Options: -precision=7.62939e-11
SMT: /home/b2049657/ProbReach/model/starvation/starvation.pdrh_0_0.smt2, PATH : [1]
sat
sat -- [1]
CONVERTED PROBLEM
dReal Options: -precision=7.62939e-11
SMT: /home/b2049657/ProbReach/model/starvation/starvation-c.pdrh_0_0.smt2, PATH : [1]
sat
sat -- [1]
5 of 16
interval ---> [9.539711914062501, 9.539788208007813]
NORMAL PROBLEM
dReal Options: -precision=7.62939e-11
SMT: /home/b2049657/ProbReach/model/starvation/starvation.pdrh_0_0.smt2, PATH : [1]
sat
sat -- [1]
CONVERTED PROBLEM
dReal Options: -precision=7.62939e-11
SMT: /home/b2049657/ProbReach/model/starvation/starvation-c.pdrh_0_0.smt2, PATH : [1]
sat
sat -- [1]
6 of 16
interval ---> [9.539788208007813, 9.539864501953126]
NORMAL PROBLEM
dReal Options: -precision=7.62939e-11
SMT: /home/b2049657/ProbReach/model/starvation/starvation.pdrh_0_0.smt2, PATH : [1]
sat
sat -- [1]
CONVERTED PROBLEM
dReal Options: -precision=7.62939e-11
SMT: /home/b2049657/ProbReach/model/starvation/starvation-c.pdrh_0_0.smt2, PATH : [1]
sat
sat -- [1]
7 of 16
interval ---> [9.539864501953126, 9.539940795898438]
NORMAL PROBLEM
dReal Options: -precision=7.62939e-11
SMT: /home/b2049657/ProbReach/model/starvation/starvation.pdrh_0_0.smt2, PATH : [1]
sat
sat -- [1]
CONVERTED PROBLEM
dReal Options: -precision=7.62939e-11
SMT: /home/b2049657/ProbReach/model/starvation/starvation-c.pdrh_0_0.smt2, PATH : [1]
sat
sat -- [1]
8 of 16
interval ---> [9.539940795898438, 9.540017089843751]
NORMAL PROBLEM
dReal Options: -precision=7.62939e-11
SMT: /home/b2049657/ProbReach/model/starvation/starvation.pdrh_0_0.smt2, PATH : [1]
sat
sat -- [1]
CONVERTED PROBLEM
dReal Options: -precision=7.62939e-11
SMT: /home/b2049657/ProbReach/model/starvation/starvation-c.pdrh_0_0.smt2, PATH : [1]
sat
sat -- [1]
9 of 16
interval ---> [9.540017089843751, 9.540093383789063]
NORMAL PROBLEM
dReal Options: -precision=7.62939e-11
SMT: /home/b2049657/ProbReach/model/starvation/starvation.pdrh_0_0.smt2, PATH : [1]
sat
sat -- [1]
CONVERTED PROBLEM
dReal Options: -precision=7.62939e-11
SMT: /home/b2049657/ProbReach/model/starvation/starvation-c.pdrh_0_0.smt2, PATH : [1]
sat
sat -- [1]
10 of 16
interval ---> [9.540093383789063, 9.540169677734376]
NORMAL PROBLEM
dReal Options: -precision=7.62939e-11
SMT: /home/b2049657/ProbReach/model/starvation/starvation.pdrh_0_0.smt2, PATH : [1]
sat
sat -- [1]
CONVERTED PROBLEM
dReal Options: -precision=7.62939e-11
SMT: /home/b2049657/ProbReach/model/starvation/starvation-c.pdrh_0_0.smt2, PATH : [1]
sat
sat -- [1]
11 of 16
interval ---> [9.540169677734376, 9.540245971679688]
NORMAL PROBLEM
dReal Options: -precision=7.62939e-11
SMT: /home/b2049657/ProbReach/model/starvation/starvation.pdrh_0_0.smt2, PATH : [1]
sat
sat -- [1]
CONVERTED PROBLEM
dReal Options: -precision=7.62939e-11
SMT: /home/b2049657/ProbReach/model/starvation/starvation-c.pdrh_0_0.smt2, PATH : [1]
sat
sat -- [1]
12 of 16
interval ---> [9.540245971679688, 9.540322265625001]
NORMAL PROBLEM
dReal Options: -precision=7.62939e-11
SMT: /home/b2049657/ProbReach/model/starvation/starvation.pdrh_0_0.smt2, PATH : [1]
sat
sat -- [1]
CONVERTED PROBLEM
dReal Options: -precision=7.62939e-11
SMT: /home/b2049657/ProbReach/model/starvation/starvation-c.pdrh_0_0.smt2, PATH : [1]
sat
sat -- [1]
13 of 16
interval ---> [9.540322265625001, 9.540398559570313]
NORMAL PROBLEM
dReal Options: -precision=7.62939e-11
SMT: /home/b2049657/ProbReach/model/starvation/starvation.pdrh_0_0.smt2, PATH : [1]
sat
sat -- [1]
CONVERTED PROBLEM
dReal Options: -precision=7.62939e-11
SMT: /home/b2049657/ProbReach/model/starvation/starvation-c.pdrh_0_0.smt2, PATH : [1]
sat
sat -- [1]
14 of 16
interval ---> [9.540398559570313, 9.540474853515626]
NORMAL PROBLEM
dReal Options: -precision=7.62939e-11
SMT: /home/b2049657/ProbReach/model/starvation/starvation.pdrh_0_0.smt2, PATH : [1]
sat
sat -- [1]
CONVERTED PROBLEM
dReal Options: -precision=7.62939e-11
SMT: /home/b2049657/ProbReach/model/starvation/starvation-c.pdrh_0_0.smt2, PATH : [1]
unsat
Tried 1 feasible paths, all of them are unsat.
15 of 16
************
Division number 16
underIntg: [0.9221381008823535, 0.9221381477782532]
overIntg: [0.9223046447449625, 0.9223046916408639]
realIntg: [0.9221381008823535, 0.9223046916408639]
realIntgInf: [0.9221381008823535, 0.9223047375959902]
Starting extra division
interval ---> [9.539254150390626, 9.539292297363282]
NORMAL PROBLEM
dReal Options: -precision=3.8147e-11
SMT: /home/b2049657/ProbReach/model/starvation/starvation.pdrh_0_0.smt2, PATH : [1]
unsat
Tried 1 feasible paths, all of them are unsat.
0 of 30
interval ---> [9.539292297363282, 9.539330444335938]
NORMAL PROBLEM
dReal Options: -precision=3.8147e-11
SMT: /home/b2049657/ProbReach/model/starvation/starvation.pdrh_0_0.smt2, PATH : [1]
sat
sat -- [1]
CONVERTED PROBLEM
dReal Options: -precision=3.8147e-11
SMT: /home/b2049657/ProbReach/model/starvation/starvation-c.pdrh_0_0.smt2, PATH : [1]
sat
sat -- [1]
1 of 30
interval ---> [9.539330444335938, 9.539368591308595]
NORMAL PROBLEM
dReal Options: -precision=3.8147e-11
SMT: /home/b2049657/ProbReach/model/starvation/starvation.pdrh_0_0.smt2, PATH : [1]
sat
sat -- [1]
CONVERTED PROBLEM
dReal Options: -precision=3.8147e-11
SMT: /home/b2049657/ProbReach/model/starvation/starvation-c.pdrh_0_0.smt2, PATH : [1]
sat
sat -- [1]
2 of 30
interval ---> [9.539368591308595, 9.539406738281251]
NORMAL PROBLEM
dReal Options: -precision=3.8147e-11
SMT: /home/b2049657/ProbReach/model/starvation/starvation.pdrh_0_0.smt2, PATH : [1]
sat
sat -- [1]
CONVERTED PROBLEM
dReal Options: -precision=3.8147e-11
SMT: /home/b2049657/ProbReach/model/starvation/starvation-c.pdrh_0_0.smt2, PATH : [1]
sat
sat -- [1]
3 of 30
interval ---> [9.539406738281251, 9.539444885253907]
NORMAL PROBLEM
dReal Options: -precision=3.8147e-11
SMT: /home/b2049657/ProbReach/model/starvation/starvation.pdrh_0_0.smt2, PATH : [1]
sat
sat -- [1]
CONVERTED PROBLEM
dReal Options: -precision=3.8147e-11
SMT: /home/b2049657/ProbReach/model/starvation/starvation-c.pdrh_0_0.smt2, PATH : [1]
sat
sat -- [1]
4 of 30
interval ---> [9.539444885253907, 9.539483032226563]
NORMAL PROBLEM
dReal Options: -precision=3.8147e-11
SMT: /home/b2049657/ProbReach/model/starvation/starvation.pdrh_0_0.smt2, PATH : [1]
sat
sat -- [1]
CONVERTED PROBLEM
dReal Options: -precision=3.8147e-11
SMT: /home/b2049657/ProbReach/model/starvation/starvation-c.pdrh_0_0.smt2, PATH : [1]
sat
sat -- [1]
5 of 30
interval ---> [9.539483032226563, 9.53952117919922]
NORMAL PROBLEM
dReal Options: -precision=3.8147e-11
SMT: /home/b2049657/ProbReach/model/starvation/starvation.pdrh_0_0.smt2, PATH : [1]
sat
sat -- [1]
CONVERTED PROBLEM
dReal Options: -precision=3.8147e-11
SMT: /home/b2049657/ProbReach/model/starvation/starvation-c.pdrh_0_0.smt2, PATH : [1]
sat
sat -- [1]
6 of 30
interval ---> [9.53952117919922, 9.539559326171876]
NORMAL PROBLEM
dReal Options: -precision=3.8147e-11
SMT: /home/b2049657/ProbReach/model/starvation/starvation.pdrh_0_0.smt2, PATH : [1]
sat
sat -- [1]
CONVERTED PROBLEM
dReal Options: -precision=3.8147e-11
SMT: /home/b2049657/ProbReach/model/starvation/starvation-c.pdrh_0_0.smt2, PATH : [1]
sat
sat -- [1]
7 of 30
interval ---> [9.539559326171876, 9.539597473144532]
NORMAL PROBLEM
dReal Options: -precision=3.8147e-11
SMT: /home/b2049657/ProbReach/model/starvation/starvation.pdrh_0_0.smt2, PATH : [1]
sat
sat -- [1]
CONVERTED PROBLEM
dReal Options: -precision=3.8147e-11
SMT: /home/b2049657/ProbReach/model/starvation/starvation-c.pdrh_0_0.smt2, PATH : [1]
sat
sat -- [1]
8 of 30
interval ---> [9.539597473144532, 9.539635620117188]
NORMAL PROBLEM
dReal Options: -precision=3.8147e-11
SMT: /home/b2049657/ProbReach/model/starvation/starvation.pdrh_0_0.smt2, PATH : [1]
sat
sat -- [1]
CONVERTED PROBLEM
dReal Options: -precision=3.8147e-11
SMT: /home/b2049657/ProbReach/model/starvation/starvation-c.pdrh_0_0.smt2, PATH : [1]
sat
sat -- [1]
9 of 30
interval ---> [9.539635620117188, 9.539673767089845]
NORMAL PROBLEM
dReal Options: -precision=3.8147e-11
SMT: /home/b2049657/ProbReach/model/starvation/starvation.pdrh_0_0.smt2, PATH : [1]
sat
sat -- [1]
CONVERTED PROBLEM
dReal Options: -precision=3.8147e-11
SMT: /home/b2049657/ProbReach/model/starvation/starvation-c.pdrh_0_0.smt2, PATH : [1]
