2017-10-03 15:18:21,294 INFO  [config] OK
2017-10-03 15:18:21,294 INFO  [parser] Model file: discrete-pid-one-meal.drh
2017-10-03 15:18:21,301 INFO  [parser] OK
2017-10-03 15:18:21,302 INFO  [parser] Model type: 0
2017-10-03 15:18:21,302 INFO  [parser] Primary solver: dReal
2017-10-03 15:18:21,302 INFO  [parser] Secondary solver: dReal
2017-10-03 15:18:21,303 INFO  [algorithm] Evaluating time-only model
2017-10-03 15:18:21,303 INFO  [algorithm] Path: 1 2 
2017-10-03 15:18:21,454 INFO  [algorithm] UNSAT
2017-10-03 15:18:21,454 INFO  [algorithm] Evaluating time-only model
2017-10-03 15:18:21,454 INFO  [algorithm] Path: 1 1 2 
2017-10-03 15:18:21,668 INFO  [algorithm] UNSAT
2017-10-03 15:18:21,668 INFO  [algorithm] Evaluating time-only model
2017-10-03 15:18:21,668 INFO  [algorithm] Path: 1 2 2 
2017-10-03 15:18:21,913 INFO  [algorithm] UNSAT
2017-10-03 15:18:21,913 INFO  [algorithm] Evaluating time-only model
2017-10-03 15:18:21,913 INFO  [algorithm] Path: 1 1 1 2 
2017-10-03 15:18:22,302 INFO  [algorithm] UNSAT
2017-10-03 15:18:22,302 INFO  [algorithm] Evaluating time-only model
2017-10-03 15:18:22,302 INFO  [algorithm] Path: 1 1 2 2 
2017-10-03 15:18:22,676 INFO  [algorithm] UNSAT
2017-10-03 15:18:22,676 INFO  [algorithm] Evaluating time-only model
2017-10-03 15:18:22,676 INFO  [algorithm] Path: 1 2 2 2 
2017-10-03 15:18:23,029 INFO  [algorithm] UNSAT
2017-10-03 15:18:23,029 INFO  [algorithm] Evaluating time-only model
2017-10-03 15:18:23,029 INFO  [algorithm] Path: 1 1 1 1 2 
2017-10-03 15:18:23,580 INFO  [algorithm] UNSAT
2017-10-03 15:18:23,580 INFO  [algorithm] Evaluating time-only model
2017-10-03 15:18:23,580 INFO  [algorithm] Path: 1 1 1 2 2 
2017-10-03 15:18:24,139 INFO  [algorithm] UNSAT
2017-10-03 15:18:24,139 INFO  [algorithm] Evaluating time-only model
2017-10-03 15:18:24,139 INFO  [algorithm] Path: 1 1 2 2 2 
2017-10-03 15:18:24,667 INFO  [algorithm] UNSAT
2017-10-03 15:18:24,667 INFO  [algorithm] Evaluating time-only model
2017-10-03 15:18:24,667 INFO  [algorithm] Path: 1 2 2 2 2 
2017-10-03 15:18:25,214 INFO  [algorithm] UNSAT
2017-10-03 15:18:25,214 INFO  [algorithm] Evaluating time-only model
2017-10-03 15:18:25,214 INFO  [algorithm] Path: 1 1 1 1 1 2 
