Solution:
Kd_0_0 : [ ENTIRE ] = [0, 0]
Kd_0_t : [ ENTIRE ] = [0, 0]
Ki_0_0 : [ ENTIRE ] = [0, 0]
Ki_0_t : [ ENTIRE ] = [0, 0]
Kp_0_0 : [ ENTIRE ] = [0.1873141244829035, 0.1873141244829035]
Kp_0_t : [ ENTIRE ] = [0.1873141244829035, 0.1873141244829035]
counter_0_0 : [ ENTIRE ] = [0, 4.940656458412465e-324]
counter_0_t : [ ENTIRE ] = [0.09999999999999999, 0.1]
e_0_0 : [ ENTIRE ] = [-0.02618388718469333, -0.02542128894173601]
e_0_t : [ ENTIRE ] = [-0.02618388718469333, -0.02542128894173601]
e_der_0_0 : [ ENTIRE ] = [0.04890720780066359, 0.04944578637856244]
e_der_0_t : [ ENTIRE ] = [0.04890720780066359, 0.04944578637856244]
e_int_0_0 : [ ENTIRE ] = [-0.2293844913935754, -0.2288226461580135]
e_int_0_t : [ ENTIRE ] = [-0.2293844913935754, -0.2288226461580135]
lambda_0_0 : [ ENTIRE ] = [14.67381611281531, 14.67457871105826]
lambda_0_t : [ ENTIRE ] = [14.67770131023133, 14.67830631671514]
lambda_prev_0_0 : [ ENTIRE ] = [14.67381611281531, 14.67457871105826]
lambda_prev_0_t : [ ENTIRE ] = [14.67381611281531, 14.67457871105826]
p_0_0 : [ ENTIRE ] = [0.9987305280308495, 0.9987305280308775]
p_0_t : [ ENTIRE ] = [0.9987305282572526, 0.9987305282572649]
pe_0_0 : [ ENTIRE ] = [0.8433098981614109, 0.8433100118351988]
pe_0_t : [ ENTIRE ] = [0.8418531605185728, 0.8418532543015861]
tau_0_0 : [ ENTIRE ] = [1.599993064494486, 1.600000000000001]
tau_0_t : [ ENTIRE ] = [1.699993064494486, 1.700000000000001]
the_0_0 : [ ENTIRE ] = [31.8429912531559, 31.84299125333701]
the_0_t : [ ENTIRE ] = [31.84299289245153, 31.84299289251855]
the_in_0_0 : [ ENTIRE ] = [31.84299384648356, 31.84299384648357]
the_in_0_t : [ ENTIRE ] = [31.84299384648356, 31.84299384648357]
time : [ ENTIRE ] = [0.09999999999999996, 0.1]
time_mock_0_0 : [ ENTIRE ] = [0, 0]
time_mock_0_t : [ ENTIRE ] = [0.09999999999999996, 0.1]
u_0_0 : [ ENTIRE ] = [-0.004904611903559951, -0.004761766481348197]
u_0_t : [ ENTIRE ] = [-0.004904611903559951, -0.004761766481348197]
w_0_0 : [ ENTIRE ] = [106.5993047455657, 106.5993047455657]
w_0_t : [ ENTIRE ] = [106.5993047455657, 106.5993047455657]
delta-sat with delta = 0.00100000000000000
