Solution:
Kd_0_0 : [ ENTIRE ] = [0, 0]
Kd_0_t : [ ENTIRE ] = [0, 0]
Ki_0_0 : [ ENTIRE ] = [0, 0]
Ki_0_t : [ ENTIRE ] = [0, 0]
Kp_0_0 : [ ENTIRE ] = [0.1873141244829035, 0.1873141244829035]
Kp_0_t : [ ENTIRE ] = [0.1873141244829035, 0.1873141244829035]
counter_0_0 : [ ENTIRE ] = [0, 4.940656458412465e-324]
counter_0_t : [ ENTIRE ] = [0.09999999999999999, 0.1]
e_0_0 : [ ENTIRE ] = [0.0007444591422167689, 0.001424448715054538]
e_0_t : [ ENTIRE ] = [0.0007444591422167689, 0.001424448715054538]
e_der_0_0 : [ ENTIRE ] = [0.08808716360396926, 0.08904873740793626]
e_der_0_t : [ ENTIRE ] = [0.08808716360396926, 0.08904873740793626]
e_int_0_0 : [ ENTIRE ] = [-0.2324042963472893, -0.2317489778868638]
e_int_0_t : [ ENTIRE ] = [-0.2324042963472893, -0.2317489778868638]
lambda_0_0 : [ ENTIRE ] = [14.70074445914222, 14.70142444871505]
lambda_0_t : [ ENTIRE ] = [14.6986862285888, 14.69922370831974]
lambda_prev_0_0 : [ ENTIRE ] = [14.70074445914222, 14.70142444871505]
lambda_prev_0_t : [ ENTIRE ] = [14.70074445914222, 14.70142444871505]
p_0_0 : [ ENTIRE ] = [0.9992039931025921, 0.9992039931025961]
p_0_t : [ ENTIRE ] = [0.9992039931025933, 0.9992039931025967]
pe_0_0 : [ ENTIRE ] = [0.8356423667286708, 0.8356423720501004]
pe_0_t : [ ENTIRE ] = [0.8355874378154894, 0.8355874421997522]
tau_0_0 : [ ENTIRE ] = [0.7999975787888238, 0.8000000000000013]
tau_0_t : [ ENTIRE ] = [0.8999975787888237, 0.9000000000000014]
the_0_0 : [ ENTIRE ] = [36.47303961821957, 36.47303961822125]
the_0_t : [ ENTIRE ] = [36.47303961823168, 36.47303961823332]
the_in_0_0 : [ ENTIRE ] = [36.47303961823916, 36.47303961823917]
the_in_0_t : [ ENTIRE ] = [36.47303961823916, 36.47303961823917]
time : [ ENTIRE ] = [0.09999999999999996, 0.1]
time_mock_0_0 : [ ENTIRE ] = [0, 0]
time_mock_0_t : [ ENTIRE ] = [0.09999999999999996, 0.1]
u_0_0 : [ ENTIRE ] = [0.0001394477124376275, 0.0002668193639312378]
u_0_t : [ ENTIRE ] = [0.0001394477124376275, 0.0002668193639312378]
w_0_0 : [ ENTIRE ] = [106.3568270007324, 106.3568270007325]
w_0_t : [ ENTIRE ] = [106.3568270007324, 106.3568270007325]
delta-sat with delta = 0.00100000000000000
