2018-04-12 14:25:39,192 INFO  [config] OK
2018-04-12 14:25:39,192 INFO  [parser] Model file: powertrain.drh
2018-04-12 14:25:39,199 INFO  [parser] OK
2018-04-12 14:25:39,200 INFO  [algorithm] Mode 1 Step 1
2018-04-12 14:25:39,200 INFO  [algorithm] Fc:[0.6537,0.6537]; counter:[-4.94066e-324,4.94066e-324]; e:[-4.94066e-324,4.94066e-324]; e_int:[-4.94066e-324,4.94066e-324]; lambda:[14.7,14.7]; p:[0.9833,0.9833]; pe:[0.9833,0.9833]; tau:[-4.94066e-324,4.94066e-324]; the:[8.8,8.8]; the_in:[70,70]; u:[-4.94066e-324,4.94066e-324]; 
2018-04-12 14:25:39,942 INFO  [algorithm] Time of the jump to mode 1 : [0.0999998,0.1]; witness: Fc:[0.6537,0.6537]; counter:[0.1,0.1]; e:[-9.88131e-324,9.88131e-324]; e_int:[-9.88131e-324,9.88131e-324]; lambda:[12.6806,12.6806]; p:[0.999709,0.999709]; pe:[0.9833,0.9833]; tau:[0.0999998,0.1]; the:[47.4857,47.4858]; the_in:[70,70]; u:[-9.88131e-324,9.88131e-324]; 
2018-04-12 14:25:39,942 INFO  [algorithm] Checking invariants in mode 1
2018-04-12 14:25:41,835 INFO  [algorithm] SAT
2018-04-12 14:25:42,333 INFO  [algorithm] Time of the jump to mode 2 : [-1,-1]; witness: 
2018-04-12 14:25:42,333 INFO  [algorithm] Mode 1 Step 2
2018-04-12 14:25:42,333 INFO  [algorithm] Fc:[0.386948,0.386948]; counter:[-4.94066e-324,4.94066e-324]; e:[-2.01936,-2.01936]; e_int:[-0.201936,-0.201936]; lambda:[12.6806,12.6806]; p:[0.999709,0.999709]; pe:[0.960174,0.960176]; tau:[0.0999998,0.1]; the:[47.4857,47.4858]; the_in:[70,70]; u:[-0.0807744,-0.0807743]; 
2018-04-12 14:25:44,687 INFO  [algorithm] Time of the jump to mode 1 : [0.0999998,0.1]; witness: Fc:[0.386948,0.386948]; counter:[0.1,0.1]; e:[-2.01936,-2.01936]; e_int:[-0.201936,-0.201936]; lambda:[13.2868,13.2868]; p:[0.999867,0.999867]; pe:[0.960174,0.960176]; tau:[0.2,0.2]; the:[61.7174,61.7175]; the_in:[70,70]; u:[-0.0807744,-0.0807743]; 
2018-04-12 14:25:44,687 INFO  [algorithm] Checking invariants in mode 1
2018-04-12 14:25:51,794 INFO  [algorithm] SAT
2018-04-12 14:25:53,529 INFO  [algorithm] Time of the jump to mode 2 : [-1,-1]; witness: 
2018-04-12 14:25:53,530 INFO  [algorithm] Mode 1 Step 3
2018-04-12 14:25:53,530 INFO  [algorithm] Fc:[0.380315,0.380317]; counter:[-4.94066e-324,4.94066e-324]; e:[-1.41323,-1.41322]; e_int:[-0.343259,-0.343258]; lambda:[13.2868,13.2868]; p:[0.999867,0.999867]; pe:[0.939957,0.939961]; tau:[0.2,0.2]; the:[61.7174,61.7175]; the_in:[70,70]; u:[-0.0848002,-0.0848]; 
2018-04-12 14:25:56,564 INFO  [algorithm] Time of the jump to mode 1 : [0.0999998,0.1]; witness: Fc:[0.380315,0.380317]; counter:[0.1,0.1]; e:[-1.41323,-1.41322]; e_int:[-0.343259,-0.343258]; lambda:[13.7767,13.7767]; p:[0.999893,0.999893]; pe:[0.939957,0.939961]; tau:[0.299999,0.3]; the:[66.953,66.953]; the_in:[70,70]; u:[-0.0848002,-0.0848]; 
2018-04-12 14:25:56,564 INFO  [algorithm] Checking invariants in mode 1
2018-04-12 14:26:06,126 INFO  [algorithm] SAT
2018-04-12 14:26:08,265 INFO  [algorithm] Time of the jump to mode 2 : [-1,-1]; witness: 
2018-04-12 14:26:08,265 INFO  [algorithm] Mode 1 Step 4
2018-04-12 14:26:08,265 INFO  [algorithm] Fc:[0.375737,0.375741]; counter:[-4.94066e-324,4.94066e-324]; e:[-0.923303,-0.923276]; e_int:[-0.435589,-0.435586]; lambda:[13.7767,13.7767]; p:[0.999893,0.999893]; pe:[0.922693,0.922701]; tau:[0.299999,0.3]; the:[66.953,66.953]; the_in:[70,70]; u:[-0.0849883,-0.0849872]; 
2018-04-12 14:26:11,297 INFO  [algorithm] Time of the jump to mode 1 : [0.0999999,0.1]; witness: Fc:[0.375737,0.375741]; counter:[0.1,0.1]; e:[-0.923303,-0.923276]; e_int:[-0.435589,-0.435586]; lambda:[14.1645,14.1645]; p:[0.999901,0.999901]; pe:[0.922693,0.922701]; tau:[0.399999,0.4]; the:[68.8791,68.8791]; the_in:[70,70]; u:[-0.0849883,-0.0849872]; 
2018-04-12 14:26:11,297 INFO  [algorithm] Checking invariants in mode 1
2018-04-12 14:26:20,909 INFO  [algorithm] SAT
2018-04-12 14:26:23,125 INFO  [algorithm] Time of the jump to mode 2 : [-1,-1]; witness: 
2018-04-12 14:26:23,125 INFO  [algorithm] Mode 1 Step 5
2018-04-12 14:26:23,126 INFO  [algorithm] Fc:[0.372807,0.372816]; counter:[-4.94066e-324,4.94066e-324]; e:[-0.535547,-0.53547]; e_int:[-0.489144,-0.489133]; lambda:[14.1645,14.1645]; p:[0.999901,0.999901]; pe:[0.908062,0.908074]; tau:[0.399999,0.4]; the:[68.8791,68.8791]; the_in:[70,70]; u:[-0.0824044,-0.0824008]; 
2018-04-12 14:26:25,834 INFO  [algorithm] Time of the jump to mode 1 : [0.0999998,0.1]; witness: Fc:[0.372807,0.372816]; counter:[0.1,0.1]; e:[-0.535547,-0.53547]; e_int:[-0.489144,-0.489133]; lambda:[14.4631,14.4632]; p:[0.999903,0.999903]; pe:[0.908062,0.908074]; tau:[0.499999,0.5]; the:[69.5876,69.5876]; the_in:[70,70]; u:[-0.0824044,-0.0824008]; 
2018-04-12 14:26:25,834 INFO  [algorithm] Checking invariants in mode 1
2018-04-12 14:26:34,516 INFO  [algorithm] SAT
2018-04-12 14:26:36,478 INFO  [algorithm] Time of the jump to mode 2 : [-1,-1]; witness: 
2018-04-12 14:26:36,478 INFO  [algorithm] Mode 1 Step 6
2018-04-12 14:26:36,478 INFO  [algorithm] Fc:[0.371116,0.371132]; counter:[-4.94066e-324,4.94066e-324]; e:[-0.236937,-0.236768]; e_int:[-0.512838,-0.51281]; lambda:[14.4631,14.4632]; p:[0.999903,0.999903]; pe:[0.89573,0.89575]; tau:[0.499999,0.5]; the:[69.5876,69.5876]; the_in:[70,70]; u:[-0.0779576,-0.0779493]; 
2018-04-12 14:26:38,917 INFO  [algorithm] Time of the jump to mode 1 : [0.1,0.1]; witness: Fc:[0.371116,0.371132]; counter:[0.1,0.1]; e:[-0.236937,-0.236768]; e_int:[-0.512838,-0.51281]; lambda:[14.6858,14.6861]; p:[0.999904,0.999904]; pe:[0.89573,0.89575]; tau:[0.599999,0.6]; the:[69.8483,69.8483]; the_in:[70,70]; u:[-0.0779576,-0.0779493]; 
2018-04-12 14:26:38,917 INFO  [algorithm] Checking invariants in mode 1
2018-04-12 14:26:46,672 INFO  [algorithm] SAT
2018-04-12 14:26:48,440 INFO  [algorithm] Time of the jump to mode 2 : [-1,-1]; witness: 
2018-04-12 14:26:48,440 INFO  [algorithm] Mode 1 Step 7
2018-04-12 14:26:48,440 INFO  [algorithm] Fc:[0.370328,0.370356]; counter:[-4.94066e-324,4.94066e-324]; e:[-0.0142217,-0.0138969]; e_int:[-0.51426,-0.514199]; lambda:[14.6858,14.6861]; p:[0.999904,0.999904]; pe:[0.885381,0.885415]; tau:[0.599999,0.6]; the:[69.8483,69.8483]; the_in:[70,70]; u:[-0.0723661,-0.0723492]; 
2018-04-12 14:26:50,704 INFO  [algorithm] Time of the jump to mode 1 : [0.0999999,0.1]; witness: Fc:[0.370328,0.370356]; counter:[0.1,0.1]; e:[-0.0142217,-0.0138969]; e_int:[-0.51426,-0.514199]; lambda:[14.8455,14.8461]; p:[0.999904,0.999904]; pe:[0.885381,0.885415]; tau:[0.699999,0.7]; the:[69.9442,69.9442]; the_in:[70,70]; u:[-0.0723661,-0.0723492]; 
2018-04-12 14:26:50,704 INFO  [algorithm] Checking invariants in mode 1
2018-04-12 14:26:57,791 INFO  [algorithm] SAT
2018-04-12 14:26:59,355 INFO  [algorithm] Time of the jump to mode 2 : [-1,-1]; witness: 
2018-04-12 14:26:59,355 INFO  [algorithm] Mode 1 Step 8
2018-04-12 14:26:59,355 INFO  [algorithm] Fc:[0.37018,0.370228]; counter:[-4.94066e-324,4.94066e-324]; e:[0.145527,0.146117]; e_int:[-0.499707,-0.499588]; lambda:[14.8455,14.8461]; p:[0.999904,0.999904]; pe:[0.876728,0.876784]; tau:[0.699999,0.7]; the:[69.9442,69.9442]; the_in:[70,70]; u:[-0.0661753,-0.0661432]; 
2018-04-12 14:27:02,536 INFO  [algorithm] Time of the jump to mode 1 : [0.1,0.1]; witness: Fc:[0.37018,0.370228]; counter:[0.1,0.1]; e:[0.145527,0.146117]; e_int:[-0.499707,-0.499588]; lambda:[14.9549,14.9554]; p:[0.999905,0.999905]; pe:[0.876728,0.876784]; tau:[0.799999,0.8]; the:[69.9795,69.9795]; the_in:[70,70]; u:[-0.0661753,-0.0661432]; 
2018-04-12 14:27:02,536 INFO  [algorithm] Checking invariants in mode 1
2018-04-12 14:27:08,767 INFO  [algorithm] SAT
2018-04-12 14:27:10,223 INFO  [algorithm] Time of the jump to mode 2 : [-1,-1]; witness: 
2018-04-12 14:27:10,223 INFO  [algorithm] Mode 1 Step 9
2018-04-12 14:27:10,223 INFO  [algorithm] Fc:[0.370477,0.370549]; counter:[-4.94066e-324,4.94066e-324]; e:[0.254858,0.255376]; e_int:[-0.474221,-0.47405]; lambda:[14.9549,14.9554]; p:[0.999905,0.999905]; pe:[0.869509,0.869604]; tau:[0.799999,0.8]; the:[69.9795,69.9795]; the_in:[70,70]; u:[-0.0597647,-0.0597272]; 
2018-04-12 14:27:13,209 INFO  [algorithm] Time of the jump to mode 1 : [0.1,0.1]; witness: Fc:[0.370477,0.370549]; counter:[0.1,0.1]; e:[0.254858,0.255376]; e_int:[-0.474221,-0.47405]; lambda:[15.024,15.0246]; p:[0.999905,0.999905]; pe:[0.869509,0.869604]; tau:[0.899999,0.9]; the:[69.9924,69.9924]; the_in:[70,70]; u:[-0.0597647,-0.0597272]; 
2018-04-12 14:27:13,209 INFO  [algorithm] Checking invariants in mode 1
2018-04-12 14:27:18,903 INFO  [algorithm] SAT
2018-04-12 14:27:20,199 INFO  [algorithm] Time of the jump to mode 2 : [-1,-1]; witness: 
2018-04-12 14:27:20,199 INFO  [algorithm] Mode 1 Step 10
2018-04-12 14:27:20,199 INFO  [algorithm] Fc:[0.371055,0.37117]; counter:[-4.94066e-324,4.94066e-324]; e:[0.32395,0.324613]; e_int:[-0.441826,-0.441589]; lambda:[15.024,15.0246]; p:[0.999905,0.999905]; pe:[0.863497,0.863653]; tau:[0.899999,0.9]; the:[69.9924,69.9924]; the_in:[70,70]; u:[-0.053433,-0.0533825]; 
2018-04-12 14:27:24,031 INFO  [algorithm] Time of the jump to mode 1 : [0.1,0.1]; witness: Fc:[0.371055,0.37117]; counter:[0.1,0.1]; e:[0.32395,0.324613]; e_int:[-0.441826,-0.441589]; lambda:[15.0617,15.0622]; p:[0.999905,0.999905]; pe:[0.863497,0.863653]; tau:[0.999999,1]; the:[69.9972,69.9972]; the_in:[70,70]; u:[-0.053433,-0.0533825]; 
2018-04-12 14:27:24,031 INFO  [algorithm] Checking invariants in mode 1
2018-04-12 14:27:29,163 INFO  [algorithm] SAT
2018-04-12 14:27:30,364 INFO  [algorithm] Time of the jump to mode 2 : [-1,-1]; witness: 
2018-04-12 14:27:30,364 INFO  [algorithm] Mode 1 Step 11
2018-04-12 14:27:30,364 INFO  [algorithm] Fc:[0.371789,0.37197]; counter:[-4.94066e-324,4.94066e-324]; e:[0.361734,0.362234]; e_int:[-0.405653,-0.405365]; lambda:[15.0617,15.0622]; p:[0.999905,0.999905]; pe:[0.858488,0.858745]; tau:[0.999999,1]; the:[69.9972,69.9972]; the_in:[70,70]; u:[-0.0473863,-0.047333]; 
2018-04-12 14:27:33,974 INFO  [algorithm] Time of the jump to mode 1 : [0.1,0.1]; witness: Fc:[0.371789,0.37197]; counter:[0.1,0.1]; e:[0.361734,0.362234]; e_int:[-0.405653,-0.405365]; lambda:[15.0765,15.0772]; p:[0.999905,0.999905]; pe:[0.858488,0.858745]; tau:[1.1,1.1]; the:[69.999,69.999]; the_in:[70,70]; u:[-0.0473863,-0.047333]; 
2018-04-12 14:27:33,974 INFO  [algorithm] Checking invariants in mode 1
2018-04-12 14:27:38,869 INFO  [algorithm] SAT
2018-04-12 14:27:40,009 INFO  [algorithm] Time of the jump to mode 2 : [-1,-1]; witness: 
2018-04-12 14:27:40,009 INFO  [algorithm] Mode 1 Step 12
2018-04-12 14:27:40,009 INFO  [algorithm] Fc:[0.372595,0.372886]; counter:[-4.94066e-324,4.94066e-324]; e:[0.376526,0.377213]; e_int:[-0.368,-0.367644]; lambda:[15.0765,15.0772]; p:[0.999905,0.999905]; pe:[0.854302,0.854726]; tau:[1.1,1.1]; the:[69.999,69.999]; the_in:[70,70]; u:[-0.0417304,-0.0416626]; 
2018-04-12 14:27:44,397 INFO  [algorithm] Time of the jump to mode 1 : [0.1,0.1]; witness: Fc:[0.372595,0.372886]; counter:[0.1,0.1]; e:[0.376526,0.377213]; e_int:[-0.368,-0.367644]; lambda:[15.0741,15.0746]; p:[0.999905,0.999905]; pe:[0.854302,0.854726]; tau:[1.2,1.2]; the:[69.9996,69.9996]; the_in:[70,70]; u:[-0.0417304,-0.0416626]; 
2018-04-12 14:27:44,397 INFO  [algorithm] Checking invariants in mode 1
2018-04-12 14:27:48,851 INFO  [algorithm] SAT
2018-04-12 14:27:49,889 INFO  [algorithm] Time of the jump to mode 2 : [-1,-1]; witness: 
2018-04-12 14:27:49,890 INFO  [algorithm] Mode 1 Step 13
2018-04-12 14:27:49,890 INFO  [algorithm] Fc:[0.373389,0.373855]; counter:[-4.94066e-324,4.94066e-324]; e:[0.374057,0.374599]; e_int:[-0.330595,-0.330184]; lambda:[15.0741,15.0746]; p:[0.999905,0.999905]; pe:[0.850774,0.851475]; tau:[1.2,1.2]; the:[69.9996,69.9996]; the_in:[70,70]; u:[-0.0365577,-0.0364862]; 
2018-04-12 14:27:54,055 INFO  [algorithm] Time of the jump to mode 1 : [0.1,0.1]; witness: Fc:[0.373389,0.373855]; counter:[0.1,0.1]; e:[0.374057,0.374599]; e_int:[-0.330595,-0.330184]; lambda:[15.0598,15.0606]; p:[0.999905,0.999905]; pe:[0.850774,0.851475]; tau:[1.3,1.3]; the:[69.9999,69.9999]; the_in:[70,70]; u:[-0.0365577,-0.0364862]; 
2018-04-12 14:27:54,055 INFO  [algorithm] Checking invariants in mode 1
2018-04-12 14:27:58,271 INFO  [algorithm] SAT
2018-04-12 14:27:59,284 INFO  [algorithm] Time of the jump to mode 2 : [-1,-1]; witness: 
2018-04-12 14:27:59,284 INFO  [algorithm] Mode 1 Step 14
2018-04-12 14:27:59,284 INFO  [algorithm] Fc:[0.374111,0.374871]; counter:[-4.94066e-324,4.94066e-324]; e:[0.359798,0.360617]; e_int:[-0.294615,-0.294122]; lambda:[15.0598,15.0606]; p:[0.999905,0.999905]; pe:[0.847749,0.848906]; tau:[1.3,1.3]; the:[69.9999,69.9999]; the_in:[70,70]; u:[-0.0318913,-0.0318011]; 
2018-04-12 14:28:05,073 INFO  [algorithm] Time of the jump to mode 1 : [0.1,0.1]; witness: Fc:[0.374111,0.374871]; counter:[0.1,0.1]; e:[0.359798,0.360617]; e_int:[-0.294615,-0.294122]; lambda:[15.036,15.0367]; p:[0.999905,0.999905]; pe:[0.847749,0.848327]; tau:[1.4,1.4]; the:[69.9999,69.9999]; the_in:[70,70]; u:[-0.0318913,-0.0318011]; 
2018-04-12 14:28:05,073 INFO  [algorithm] Checking invariants in mode 1
2018-04-12 14:28:09,052 INFO  [algorithm] SAT
2018-04-12 14:28:10,046 INFO  [algorithm] Time of the jump to mode 2 : [-1,-1]; witness: 
2018-04-12 14:28:10,046 INFO  [algorithm] Mode 1 Step 15
2018-04-12 14:28:10,046 INFO  [algorithm] Fc:[0.374885,0.375523]; counter:[-4.94066e-324,4.94066e-324]; e:[0.335992,0.336655]; e_int:[-0.261015,-0.260457]; lambda:[15.036,15.0367]; p:[0.999905,0.999905]; pe:[0.845307,0.84626]; tau:[1.4,1.4]; the:[69.9999,69.9999]; the_in:[70,70]; u:[-0.0278064,-0.0277109]; 
2018-04-12 14:28:14,801 INFO  [algorithm] Time of the jump to mode 1 : [0.1,0.1]; witness: Fc:[0.374885,0.375523]; counter:[0.1,0.1]; e:[0.335992,0.336655]; e_int:[-0.261015,-0.260457]; lambda:[15.012,15.0126]; p:[0.999905,0.999905]; pe:[0.845307,0.84626]; tau:[1.5,1.5]; the:[70,70]; the_in:[70,70]; u:[-0.0278064,-0.0277109]; 
2018-04-12 14:28:14,801 INFO  [algorithm] Checking invariants in mode 1
2018-04-12 14:28:18,731 INFO  [algorithm] SAT
2018-04-12 14:28:19,655 INFO  [algorithm] Time of the jump to mode 2 : [-1,-1]; witness: 
2018-04-12 14:28:19,656 INFO  [algorithm] Mode 1 Step 16
2018-04-12 14:28:19,656 INFO  [algorithm] Fc:[0.375495,0.376527]; counter:[-4.94066e-324,4.94066e-324]; e:[0.312018,0.31257]; e_int:[-0.229814,-0.2292]; lambda:[15.012,15.0126]; p:[0.999905,0.999905]; pe:[0.843141,0.844713]; tau:[1.5,1.5]; the:[70,70]; the_in:[70,70]; u:[-0.0240615,-0.0239612]; 
2018-04-12 14:28:26,372 INFO  [algorithm] Time of the jump to mode 1 : [0.1,0.1]; witness: Fc:[0.376011,0.376527]; counter:[0.1,0.1]; e:[0.312018,0.31257]; e_int:[-0.229814,-0.2292]; lambda:[14.9822,14.9831]; p:[0.999905,0.999905]; pe:[0.843141,0.843927]; tau:[1.6,1.6]; the:[70,70]; the_in:[70,70]; u:[-0.0240615,-0.0239612]; 
2018-04-12 14:28:26,372 INFO  [algorithm] Checking invariants in mode 1
2018-04-12 14:28:30,193 INFO  [algorithm] SAT
2018-04-12 14:28:31,077 INFO  [algorithm] Time of the jump to mode 2 : [-1,-1]; witness: 
2018-04-12 14:28:31,077 INFO  [algorithm] Mode 1 Step 17
2018-04-12 14:28:31,077 INFO  [algorithm] Fc:[0.376164,0.37703]; counter:[-4.94066e-324,4.94066e-324]; e:[0.282244,0.283111]; e_int:[-0.201589,-0.200889]; lambda:[14.9822,14.9831]; p:[0.999905,0.999905]; pe:[0.841429,0.842723]; tau:[1.6,1.6]; the:[70,70]; the_in:[70,70]; u:[-0.0208841,-0.0207636]; 
2018-04-12 14:28:36,553 INFO  [algorithm] Time of the jump to mode 1 : [0.1,0.1]; witness: Fc:[0.376164,0.37703]; counter:[0.1,0.1]; e:[0.282244,0.283111]; e_int:[-0.201589,-0.200889]; lambda:[14.9557,14.9565]; p:[0.999905,0.999905]; pe:[0.841429,0.842076]; tau:[1.7,1.7]; the:[70,70]; the_in:[70,70]; u:[-0.0208841,-0.0207636]; 
2018-04-12 14:28:36,553 INFO  [algorithm] Checking invariants in mode 1
2018-04-12 14:28:40,264 INFO  [algorithm] SAT
2018-04-12 14:28:41,167 INFO  [algorithm] Time of the jump to mode 2 : [-1,-1]; witness: 
2018-04-12 14:28:41,168 INFO  [algorithm] Mode 1 Step 18
2018-04-12 14:28:41,168 INFO  [algorithm] Fc:[0.376835,0.377561]; counter:[-4.94066e-324,4.94066e-324]; e:[0.255719,0.256462]; e_int:[-0.176017,-0.175243]; lambda:[14.9557,14.9565]; p:[0.999905,0.999905]; pe:[0.840078,0.841144]; tau:[1.7,1.7]; the:[70,70]; the_in:[70,70]; u:[-0.0179937,-0.0178659]; 
2018-04-12 14:28:46,640 INFO  [algorithm] Time of the jump to mode 1 : [0.1,0.1]; witness: Fc:[0.376835,0.377561]; counter:[0.1,0.1]; e:[0.255719,0.256462]; e_int:[-0.176017,-0.175243]; lambda:[14.931,14.9317]; p:[0.999905,0.999905]; pe:[0.840078,0.840611]; tau:[1.8,1.8]; the:[70,70]; the_in:[70,70]; u:[-0.0179937,-0.0178659]; 
2018-04-12 14:28:46,640 INFO  [algorithm] Checking invariants in mode 1
2018-04-12 14:28:50,447 INFO  [algorithm] SAT
2018-04-12 14:28:51,351 INFO  [algorithm] Time of the jump to mode 2 : [-1,-1]; witness: 
2018-04-12 14:28:51,352 INFO  [algorithm] Mode 1 Step 19
2018-04-12 14:28:51,352 INFO  [algorithm] Fc:[0.377483,0.378093]; counter:[-4.94066e-324,4.94066e-324]; e:[0.231028,0.23165]; e_int:[-0.152915,-0.152078]; lambda:[14.931,14.9317]; p:[0.999905,0.999905]; pe:[0.839015,0.839892]; tau:[1.8,1.8]; the:[70,70]; the_in:[70,70]; u:[-0.0154013,-0.0152679]; 
2018-04-12 14:28:56,051 INFO  [algorithm] Time of the jump to mode 1 : [0.1,0.1]; witness: Fc:[0.377483,0.378093]; counter:[0.1,0.1]; e:[0.231028,0.23165]; e_int:[-0.152915,-0.152078]; lambda:[14.9081,14.9086]; p:[0.999905,0.999905]; pe:[0.839015,0.839892]; tau:[1.9,1.9]; the:[70,70]; the_in:[70,70]; u:[-0.0154013,-0.0152679]; 
2018-04-12 14:28:56,051 INFO  [algorithm] Checking invariants in mode 1
2018-04-12 14:28:59,783 INFO  [algorithm] SAT
2018-04-12 14:29:00,681 INFO  [algorithm] Time of the jump to mode 2 : [-1,-1]; witness: 
2018-04-12 14:29:00,681 INFO  [algorithm] Mode 1 Step 20
2018-04-12 14:29:00,681 INFO  [algorithm] Fc:[0.377933,0.378907]; counter:[-4.94066e-324,4.94066e-324]; e:[0.208095,0.208615]; e_int:[-0.132105,-0.131216]; lambda:[14.9081,14.9086]; p:[0.999905,0.999905]; pe:[0.838,0.839444]; tau:[1.9,1.9]; the:[70,70]; the_in:[70,70]; u:[-0.0130843,-0.0129462]; 
2018-04-12 14:29:06,124 INFO  [algorithm] Time of the jump to mode 1 : [0.1,0.1]; witness: Fc:[0.377933,0.378907]; counter:[0.1,0.1]; e:[0.208095,0.208615]; e_int:[-0.132105,-0.131216]; lambda:[14.8817,14.8825]; p:[0.999905,0.999905]; pe:[0.838,0.838722]; tau:[2,2]; the:[70,70]; the_in:[70,70]; u:[-0.0130843,-0.0129462]; 
2018-04-12 14:29:06,124 INFO  [algorithm] Checking invariants in mode 1
2018-04-12 14:29:09,839 INFO  [algorithm] SAT
2018-04-12 14:29:15,319 INFO  [algorithm] Time of the jump to mode 2 : [0.1,0.1]; witness: Fc:[0.377933,0.378907]; counter:[0.1,0.1]; e:[0.208095,0.208615]; e_int:[-0.132105,-0.131216]; lambda:[14.8817,14.8825]; p:[0.999905,0.999905]; pe:[0.838,0.838722]; tau:[2,2]; the:[70,70]; the_in:[70,70]; u:[-0.0130843,-0.0129462]; 
2018-04-12 14:29:15,319 INFO  [algorithm] Checking invariants in mode 1
2018-04-12 14:29:19,014 INFO  [algorithm] SAT
2018-04-12 14:29:19,015 INFO  [algorithm] Mode 2 Step 21
2018-04-12 14:29:19,015 INFO  [algorithm] Fc:[0.378408,0.379227]; counter:[-4.94066e-324,4.94066e-324]; e:[0.181676,0.182486]; e_int:[-0.113938,-0.112967]; lambda:[14.8817,14.8825]; p:[0.999905,0.999905]; pe:[0.83723,0.838419]; tau:[-4.94066e-324,4.94066e-324]; the:[70,70]; the_in:[8.8,8.8]; u:[-0.0112277,-0.0110708]; 
2018-04-12 14:29:26,721 INFO  [algorithm] Time of the jump to mode 2 : [0.1,0.1]; witness: Fc:[0.378408,0.379227]; counter:[0.1,0.1]; e:[0.181676,0.182486]; e_int:[-0.113938,-0.112967]; lambda:[14.859,14.8596]; p:[0.998876,0.998876]; pe:[0.83723,0.837824]; tau:[0.1,0.1]; the:[31.3142,31.3142]; the_in:[8.8,8.8]; u:[-0.0112277,-0.0110708]; 
2018-04-12 14:29:26,721 INFO  [algorithm] Checking invariants in mode 2
2018-04-12 14:29:32,476 INFO  [algorithm] SAT
2018-04-12 14:29:33,848 INFO  [algorithm] Time of the jump to mode 1 : [-1,-1]; witness: 
2018-04-12 14:29:33,849 INFO  [algorithm] Mode 2 Step 22
2018-04-12 14:29:33,849 INFO  [algorithm] Fc:[0.378857,0.379546]; counter:[-4.94066e-324,4.94066e-324]; e:[0.158954,0.15965]; e_int:[-0.0980421,-0.0970024]; lambda:[14.859,14.8596]; p:[0.998876,0.998876]; pe:[0.833809,0.834787]; tau:[0.1,0.1]; the:[31.3142,31.3142]; the_in:[8.8,8.8]; u:[-0.00959308,-0.00942945]; 
2018-04-12 14:29:35,632 INFO  [algorithm] Time of the jump to mode 2 : [0.1,0.1]; witness: Fc:[0.378857,0.379546]; counter:[0.1,0.1]; e:[0.158954,0.15965]; e_int:[-0.0980421,-0.0975223]; lambda:[14.8302,14.8308]; p:[0.991562,0.991562]; pe:[0.833809,0.834787]; tau:[0.2,0.2]; the:[17.0825,17.0825]; the_in:[8.8,8.8]; u:[-0.00959308,-0.00942945]; 
2018-04-12 14:29:35,632 INFO  [algorithm] Checking invariants in mode 2
2018-04-12 14:29:36,259 INFO  [algorithm] SAT
2018-04-12 14:29:36,428 INFO  [algorithm] Time of the jump to mode 1 : [-1,-1]; witness: 
2018-04-12 14:29:36,428 INFO  [algorithm] Mode 2 Step 23
2018-04-12 14:29:36,428 INFO  [algorithm] Fc:[0.378121,0.379187]; counter:[-4.94066e-324,4.94066e-324]; e:[0.130216,0.1308]; e_int:[-0.0850205,-0.0844423]; lambda:[14.8302,14.8308]; p:[0.991562,0.991562]; pe:[0.819535,0.821144]; tau:[0.2,0.2]; the:[17.0825,17.0825]; the_in:[8.8,8.8]; u:[-0.00851726,-0.00842113]; 
2018-04-12 14:29:37,289 INFO  [algorithm] Time of the jump to mode 2 : [0.1,0.1]; witness: Fc:[0.378654,0.379187]; counter:[0.1,0.1]; e:[0.130216,0.1308]; e_int:[-0.0850205,-0.0844423]; lambda:[14.781,14.7819]; p:[0.973408,0.973408]; pe:[0.819535,0.82034]; tau:[0.3,0.3]; the:[11.847,11.847]; the_in:[8.8,8.8]; u:[-0.00851726,-0.00842113]; 
2018-04-12 14:29:37,289 INFO  [algorithm] Checking invariants in mode 2
2018-04-12 14:29:37,477 INFO  [algorithm] SAT
2018-04-12 14:29:37,568 INFO  [algorithm] Time of the jump to mode 1 : [-1,-1]; witness: 
2018-04-12 14:29:37,569 INFO  [algorithm] Mode 2 Step 24
2018-04-12 14:29:37,569 INFO  [algorithm] Fc:[0.373895,0.374779]; counter:[-4.94066e-324,4.94066e-324]; e:[0.0810222,0.0818764]; e_int:[-0.0769183,-0.0762547]; lambda:[14.781,14.7819]; p:[0.973408,0.973408]; pe:[0.797453,0.798774]; tau:[0.3,0.3]; the:[11.847,11.847]; the_in:[8.8,8.8]; u:[-0.00866198,-0.00854687]; 
2018-04-12 14:29:37,974 INFO  [algorithm] Time of the jump to mode 2 : [0.1,0.1]; witness: Fc:[0.373895,0.374779]; counter:[0.1,0.1]; e:[0.0810222,0.0818764]; e_int:[-0.0769183,-0.0762547]; lambda:[14.7494,14.7502]; p:[0.95268,0.95268]; pe:[0.797453,0.798113]; tau:[0.4,0.4]; the:[9.92092,9.92092]; the_in:[8.8,8.8]; u:[-0.00866198,-0.00854687]; 
2018-04-12 14:29:37,974 INFO  [algorithm] Checking invariants in mode 2
2018-04-12 14:29:38,111 INFO  [algorithm] SAT
2018-04-12 14:29:38,171 INFO  [algorithm] Time of the jump to mode 1 : [-1,-1]; witness: 
2018-04-12 14:29:38,172 INFO  [algorithm] Mode 2 Step 25
2018-04-12 14:29:38,172 INFO  [algorithm] Fc:[0.367162,0.367891]; counter:[-4.94066e-324,4.94066e-324]; e:[0.049415,0.0501802]; e_int:[-0.0719768,-0.0712366]; lambda:[14.7494,14.7502]; p:[0.95268,0.95268]; pe:[0.779498,0.780577]; tau:[0.4,0.4]; the:[9.92092,9.92092]; the_in:[8.8,8.8]; u:[-0.00879196,-0.00866844]; 
2018-04-12 14:29:38,462 INFO  [algorithm] Time of the jump to mode 2 : [0.1,0.1]; witness: Fc:[0.367162,0.367891]; counter:[0.1,0.1]; e:[0.049415,0.0501802]; e_int:[-0.0719768,-0.0712366]; lambda:[14.7666,14.7673]; p:[0.937279,0.937279]; pe:[0.779498,0.780038]; tau:[0.5,0.5]; the:[9.21236,9.21236]; the_in:[8.8,8.8]; u:[-0.00879196,-0.00866844]; 
2018-04-12 14:29:38,462 INFO  [algorithm] Checking invariants in mode 2
2018-04-12 14:29:38,538 INFO  [algorithm] SAT
2018-04-12 14:29:38,588 INFO  [algorithm] Time of the jump to mode 1 : [-1,-1]; witness: 
2018-04-12 14:29:38,589 INFO  [algorithm] Mode 2 Step 26
2018-04-12 14:29:38,589 INFO  [algorithm] Fc:[0.362066,0.362668]; counter:[-4.94066e-324,4.94066e-324]; e:[0.0666427,0.0672984]; e_int:[-0.0653125,-0.0645068]; lambda:[14.7666,14.7673]; p:[0.937279,0.937279]; pe:[0.769727,0.770607]; tau:[0.5,0.5]; the:[9.21236,9.21236]; the_in:[8.8,8.8]; u:[-0.00741104,-0.00728119]; 
2018-04-12 14:29:38,804 INFO  [algorithm] Time of the jump to mode 2 : [0.1,0.1]; witness: Fc:[0.362066,0.362668]; counter:[0.1,0.1]; e:[0.0666427,0.0672984]; e_int:[-0.0653125,-0.0645068]; lambda:[14.8135,14.814]; p:[0.928282,0.928282]; pe:[0.769727,0.770607]; tau:[0.6,0.6]; the:[8.9517,8.9517]; the_in:[8.8,8.8]; u:[-0.00741104,-0.00728119]; 
2018-04-12 14:29:38,804 INFO  [algorithm] Checking invariants in mode 2
2018-04-12 14:29:38,893 INFO  [algorithm] SAT
2018-04-12 14:29:38,938 INFO  [algorithm] Time of the jump to mode 1 : [-1,-1]; witness: 
2018-04-12 14:29:38,939 INFO  [algorithm] Mode 2 Step 27
2018-04-12 14:29:38,939 INFO  [algorithm] Fc:[0.359824,0.360776]; counter:[-4.94066e-324,4.94066e-324]; e:[0.113479,0.114038]; e_int:[-0.0539646,-0.053103]; lambda:[14.8135,14.814]; p:[0.928282,0.928282]; pe:[0.766112,0.767542]; tau:[0.6,0.6]; the:[8.9517,8.9517]; the_in:[8.8,8.8]; u:[-0.0046046,-0.00446944]; 
2018-04-12 14:29:39,137 INFO  [algorithm] Time of the jump to mode 2 : [0.1,0.1]; witness: Fc:[0.359824,0.360776]; counter:[0.1,0.1]; e:[0.113479,0.114038]; e_int:[-0.0539646,-0.053103]; lambda:[14.8503,14.8512]; p:[0.923762,0.923762]; pe:[0.766112,0.766827]; tau:[0.7,0.7]; the:[8.85581,8.85581]; the_in:[8.8,8.8]; u:[-0.0046046,-0.00446944]; 
2018-04-12 14:29:39,137 INFO  [algorithm] Checking invariants in mode 2
2018-04-12 14:29:39,216 INFO  [algorithm] SAT
2018-04-12 14:29:39,259 INFO  [algorithm] Time of the jump to mode 1 : [-1,-1]; witness: 
2018-04-12 14:29:39,260 INFO  [algorithm] Mode 2 Step 28
2018-04-12 14:29:39,260 INFO  [algorithm] Fc:[0.35981,0.360602]; counter:[-4.94066e-324,4.94066e-324]; e:[0.150285,0.151165]; e_int:[-0.0389361,-0.0379865]; lambda:[14.8503,14.8512]; p:[0.923762,0.923762]; pe:[0.766024,0.767186]; tau:[0.7,0.7]; the:[8.85581,8.85581]; the_in:[8.8,8.8]; u:[-0.00154363,-0.00138783]; 
2018-04-12 14:29:39,444 INFO  [algorithm] Time of the jump to mode 2 : [0.1,0.1]; witness: Fc:[0.35981,0.360602]; counter:[0.1,0.1]; e:[0.150285,0.151165]; e_int:[-0.0389361,-0.0379865]; lambda:[14.8679,14.8686]; p:[0.921712,0.921712]; pe:[0.766024,0.766605]; tau:[0.8,0.8]; the:[8.82053,8.82053]; the_in:[8.8,8.8]; u:[-0.00154363,-0.00138783]; 
2018-04-12 14:29:39,444 INFO  [algorithm] Checking invariants in mode 2
2018-04-12 14:29:39,514 INFO  [algorithm] SAT
2018-04-12 14:29:39,555 INFO  [algorithm] Time of the jump to mode 1 : [-1,-1]; witness: 
2018-04-12 14:29:39,555 INFO  [algorithm] Mode 2 Step 29
2018-04-12 14:29:39,555 INFO  [algorithm] Fc:[0.360841,0.361499]; counter:[-4.94066e-324,4.94066e-324]; e:[0.167888,0.168642]; e_int:[-0.0221472,-0.0211223]; lambda:[14.8679,14.8686]; p:[0.921712,0.921712]; pe:[0.767422,0.768367]; tau:[0.8,0.8]; the:[8.82053,8.82053]; the_in:[8.8,8.8]; u:[0.00126448,0.00142757]; 
2018-04-12 14:29:39,726 INFO  [algorithm] Time of the jump to mode 2 : [0.1,0.1]; witness: Fc:[0.360841,0.361499]; counter:[0.1,0.1]; e:[0.167888,0.168642]; e_int:[-0.0221472,-0.0216348]; lambda:[14.8634,14.864]; p:[0.920844,0.920844]; pe:[0.767422,0.768367]; tau:[0.9,0.9]; the:[8.80755,8.80755]; the_in:[8.8,8.8]; u:[0.00126448,0.00142757]; 
2018-04-12 14:29:39,726 INFO  [algorithm] Checking invariants in mode 2
2018-04-12 14:29:39,788 INFO  [algorithm] SAT
2018-04-12 14:29:39,827 INFO  [algorithm] Time of the jump to mode 1 : [-1,-1]; witness: 
2018-04-12 14:29:39,828 INFO  [algorithm] Mode 2 Step 30
2018-04-12 14:29:39,828 INFO  [algorithm] Fc:[0.361953,0.362965]; counter:[-4.94066e-324,4.94066e-324]; e:[0.163361,0.163991]; e_int:[-0.00581111,-0.00523572]; lambda:[14.8634,14.864]; p:[0.920844,0.920844]; pe:[0.76904,0.770577]; tau:[0.9,0.9]; the:[8.80755,8.80755]; the_in:[8.8,8.8]; u:[0.00343384,0.00353076]; 
2018-04-12 14:29:39,993 INFO  [algorithm] Time of the jump to mode 2 : [0.1,0.1]; witness: Fc:[0.362459,0.362965]; counter:[0.1,0.1]; e:[0.163361,0.163991]; e_int:[-0.00581111,-0.00523572]; lambda:[14.8389,14.8395]; p:[0.920493,0.920493]; pe:[0.76904,0.769808]; tau:[1,1]; the:[8.80278,8.80278]; the_in:[8.8,8.8]; u:[0.00343384,0.00353076]; 
2018-04-12 14:29:39,994 INFO  [algorithm] Checking invariants in mode 2
2018-04-12 14:29:40,054 INFO  [algorithm] SAT
2018-04-12 14:29:40,093 INFO  [algorithm] Time of the jump to mode 1 : [-1,-1]; witness: 
2018-04-12 14:29:40,093 INFO  [algorithm] Mode 2 Step 31
2018-04-12 14:29:40,093 INFO  [algorithm] Fc:[0.363017,0.363852]; counter:[-4.94066e-324,4.94066e-324]; e:[0.138857,0.139521]; e_int:[0.00807457,0.00871643]; lambda:[14.8389,14.8395]; p:[0.920493,0.920493]; pe:[0.770684,0.771935]; tau:[1,1]; the:[8.80278,8.80278]; the_in:[8.8,8.8]; u:[0.00474072,0.00484786]; 
2018-04-12 14:29:40,243 INFO  [algorithm] Time of the jump to mode 2 : [0.1,0.1]; witness: Fc:[0.363017,0.363852]; counter:[0.1,0.1]; e:[0.138857,0.139521]; e_int:[0.00807457,0.00871643]; lambda:[14.8096,14.8104]; p:[0.920356,0.920356]; pe:[0.770684,0.771309]; tau:[1.1,1.1]; the:[8.80102,8.80102]; the_in:[8.8,8.8]; u:[0.00474072,0.00484786]; 
2018-04-12 14:29:40,243 INFO  [algorithm] Checking invariants in mode 2
2018-04-12 14:29:40,304 INFO  [algorithm] SAT
2018-04-12 14:29:40,342 INFO  [algorithm] Time of the jump to mode 1 : [-1,-1]; witness: 
2018-04-12 14:29:40,343 INFO  [algorithm] Mode 2 Step 32
2018-04-12 14:29:40,343 INFO  [algorithm] Fc:[0.363886,0.364579]; counter:[-4.94066e-324,4.94066e-324]; e:[0.109638,0.110429]; e_int:[0.0190383,0.0197594]; lambda:[14.8096,14.8104]; p:[0.920356,0.920356]; pe:[0.772174,0.773191]; tau:[1.1,1.1]; the:[8.80102,8.80102]; the_in:[8.8,8.8]; u:[0.00551595,0.00563747]; 
2018-04-12 14:29:40,485 INFO  [algorithm] Time of the jump to mode 2 : [0.1,0.1]; witness: Fc:[0.363886,0.364579]; counter:[0.1,0.1]; e:[0.109638,0.110429]; e_int:[0.0190383,0.0197594]; lambda:[14.7801,14.7808]; p:[0.920303,0.920303]; pe:[0.772174,0.772682]; tau:[1.2,1.2]; the:[8.80038,8.80038]; the_in:[8.8,8.8]; u:[0.00551595,0.00563747]; 
2018-04-12 14:29:40,485 INFO  [algorithm] Checking invariants in mode 2
2018-04-12 14:29:40,541 INFO  [algorithm] SAT
2018-04-12 14:29:40,579 INFO  [algorithm] Time of the jump to mode 1 : [-1,-1]; witness: 
2018-04-12 14:29:40,580 INFO  [algorithm] Mode 2 Step 33
2018-04-12 14:29:40,580 INFO  [algorithm] Fc:[0.364543,0.365117]; counter:[-4.94066e-324,4.94066e-324]; e:[0.0801196,0.0807912]; e_int:[0.0270503,0.0278385]; lambda:[14.7801,14.7808]; p:[0.920303,0.920303]; pe:[0.77346,0.774288]; tau:[1.2,1.2]; the:[8.80038,8.80038]; the_in:[8.8,8.8]; u:[0.00587015,0.00599796]; 
2018-04-12 14:29:40,714 INFO  [algorithm] Time of the jump to mode 2 : [0.1,0.1]; witness: Fc:[0.364543,0.365117]; counter:[0.1,0.1]; e:[0.0801196,0.0807912]; e_int:[0.0270503,0.0278385]; lambda:[14.7537,14.7543]; p:[0.920283,0.920283]; pe:[0.77346,0.774288]; tau:[1.3,1.3]; the:[8.80014,8.80014]; the_in:[8.8,8.8]; u:[0.00587015,0.00599796]; 
2018-04-12 14:29:40,714 INFO  [algorithm] Checking invariants in mode 2
2018-04-12 14:29:40,770 INFO  [algorithm] SAT
2018-04-12 14:29:40,808 INFO  [algorithm] Time of the jump to mode 1 : [-1,-1]; witness: 
2018-04-12 14:29:40,808 INFO  [algorithm] Mode 2 Step 34
2018-04-12 14:29:40,808 INFO  [algorithm] Fc:[0.364872,0.365781]; counter:[-4.94066e-324,4.94066e-324]; e:[0.0536989,0.0542577]; e_int:[0.0324202,0.0332643]; lambda:[14.7537,14.7543]; p:[0.920283,0.920283]; pe:[0.774378,0.775726]; tau:[1.3,1.3]; the:[8.80014,8.80014]; the_in:[8.8,8.8]; u:[0.005935,0.0060677]; 
2018-04-12 14:29:40,945 INFO  [algorithm] Time of the jump to mode 2 : [0.1,0.1]; witness: Fc:[0.364872,0.365781]; counter:[0.1,0.1]; e:[0.0536989,0.0542577]; e_int:[0.0324202,0.0332643]; lambda:[14.7263,14.7271]; p:[0.920276,0.920276]; pe:[0.774378,0.775052]; tau:[1.4,1.4]; the:[8.80005,8.80005]; the_in:[8.8,8.8]; u:[0.005935,0.0060677]; 
2018-04-12 14:29:40,945 INFO  [algorithm] Checking invariants in mode 2
2018-04-12 14:29:41,000 INFO  [algorithm] SAT
2018-04-12 14:29:41,038 INFO  [algorithm] Time of the jump to mode 1 : [-1,-1]; witness: 
2018-04-12 14:29:41,038 INFO  [algorithm] Mode 2 Step 35
2018-04-12 14:29:41,038 INFO  [algorithm] Fc:[0.3651,0.365857]; counter:[-4.94066e-324,4.94066e-324]; e:[0.0262739,0.0271448]; e_int:[0.0350476,0.0359787]; lambda:[14.7263,14.7271]; p:[0.920276,0.920276]; pe:[0.775185,0.776282]; tau:[1.4,1.4]; the:[8.80005,8.80005]; the_in:[8.8,8.8]; u:[0.00558978,0.00574279]; 
2018-04-12 14:29:41,162 INFO  [algorithm] Time of the jump to mode 2 : [0.1,0.1]; witness: Fc:[0.3651,0.365857]; counter:[0.1,0.1]; e:[0.0262739,0.0271448]; e_int:[0.0350476,0.0359787]; lambda:[14.7069,14.7077]; p:[0.920273,0.920273]; pe:[0.775185,0.775734]; tau:[1.5,1.5]; the:[8.80002,8.80002]; the_in:[8.8,8.8]; u:[0.00558978,0.00574279]; 
2018-04-12 14:29:41,162 INFO  [algorithm] Checking invariants in mode 2
2018-04-12 14:29:41,213 INFO  [algorithm] SAT
2018-04-12 14:29:41,249 INFO  [algorithm] Time of the jump to mode 1 : [-1,-1]; witness: 
2018-04-12 14:29:41,249 INFO  [algorithm] Mode 2 Step 36
2018-04-12 14:29:41,249 INFO  [algorithm] Fc:[0.36526,0.365889]; counter:[-4.94066e-324,4.94066e-324]; e:[0.00691201,0.00766407]; e_int:[0.0357388,0.0367451]; lambda:[14.7069,14.7077]; p:[0.920273,0.920273]; pe:[0.775888,0.776781]; tau:[1.5,1.5]; the:[8.80002,8.80002]; the_in:[8.8,8.8]; u:[0.00518314,0.00534358]; 
2018-04-12 14:29:41,372 INFO  [algorithm] Time of the jump to mode 2 : [0.1,0.1]; witness: Fc:[0.36526,0.365889]; counter:[0.1,0.1]; e:[0.00691201,0.00766407]; e_int:[0.0357388,0.036242]; lambda:[14.6936,14.6943]; p:[0.920272,0.920272]; pe:[0.775888,0.776781]; tau:[1.6,1.6]; the:[8.80001,8.80001]; the_in:[8.8,8.8]; u:[0.00518314,0.00534358]; 
2018-04-12 14:29:41,372 INFO  [algorithm] Checking invariants in mode 2
2018-04-12 14:29:41,423 INFO  [algorithm] SAT
2018-04-12 14:29:41,460 INFO  [algorithm] Time of the jump to mode 1 : [-1,-1]; witness: 
2018-04-12 14:29:41,460 INFO  [algorithm] Mode 2 Step 37
2018-04-12 14:29:41,460 INFO  [algorithm] Fc:[0.365206,0.36617]; counter:[-4.94066e-324,4.94066e-324]; e:[-0.00637411,-0.00574777]; e_int:[0.0351014,0.0356672]; lambda:[14.6936,14.6943]; p:[0.920272,0.920272]; pe:[0.776311,0.777766]; tau:[1.6,1.6]; the:[8.80001,8.80001]; the_in:[8.8,8.8]; u:[0.00474846,0.00484396]; 
2018-04-12 14:29:41,589 INFO  [algorithm] Time of the jump to mode 2 : [0.1,0.1]; witness: Fc:[0.365206,0.36617]; counter:[0.1,0.1]; e:[-0.00637411,-0.00574777]; e_int:[0.0351014,0.0356672]; lambda:[14.6816,14.6825]; p:[0.920272,0.920272]; pe:[0.776311,0.777038]; tau:[1.7,1.7]; the:[8.8,8.8]; the_in:[8.8,8.8]; u:[0.00474846,0.00484396]; 
2018-04-12 14:29:41,589 INFO  [algorithm] Checking invariants in mode 2
2018-04-12 14:29:41,640 INFO  [algorithm] SAT
2018-04-12 14:29:41,677 INFO  [algorithm] Time of the jump to mode 1 : [-1,-1]; witness: 
2018-04-12 14:29:41,677 INFO  [algorithm] Mode 2 Step 38
2018-04-12 14:29:41,677 INFO  [algorithm] Fc:[0.365195,0.365994]; counter:[-4.94066e-324,4.94066e-324]; e:[-0.0184136,-0.0174715]; e_int:[0.03326,0.03392]; lambda:[14.6816,14.6825]; p:[0.920272,0.920272]; pe:[0.77672,0.777905]; tau:[1.7,1.7]; the:[8.8,8.8]; the_in:[8.8,8.8]; u:[0.00417765,0.00429455]; 
2018-04-12 14:29:41,807 INFO  [algorithm] Time of the jump to mode 2 : [0.1,0.1]; witness: Fc:[0.365195,0.365994]; counter:[0.1,0.1]; e:[-0.0184136,-0.0174715]; e_int:[0.03326,0.03392]; lambda:[14.6758,14.6766]; p:[0.920272,0.920272]; pe:[0.77672,0.777312]; tau:[1.8,1.8]; the:[8.8,8.8]; the_in:[8.8,8.8]; u:[0.00417765,0.00429455]; 
2018-04-12 14:29:41,807 INFO  [algorithm] Checking invariants in mode 2
2018-04-12 14:29:41,857 INFO  [algorithm] SAT
2018-04-12 14:29:41,893 INFO  [algorithm] Time of the jump to mode 1 : [-1,-1]; witness: 
2018-04-12 14:29:41,894 INFO  [algorithm] Mode 2 Step 39
2018-04-12 14:29:41,894 INFO  [algorithm] Fc:[0.365198,0.365859]; counter:[-4.94066e-324,4.94066e-324]; e:[-0.024174,-0.0233703]; e_int:[0.0308426,0.031583]; lambda:[14.6758,14.6766]; p:[0.920272,0.920272]; pe:[0.777104,0.778069]; tau:[1.8,1.8]; the:[8.8,8.8]; the_in:[8.8,8.8]; u:[0.00368944,0.00381399]; 
2018-04-12 14:29:42,012 INFO  [algorithm] Time of the jump to mode 2 : [0.1,0.1]; witness: Fc:[0.365198,0.365859]; counter:[0.1,0.1]; e:[-0.024174,-0.0233703]; e_int:[0.0308426,0.031583]; lambda:[14.6737,14.6744]; p:[0.920272,0.920272]; pe:[0.777104,0.778069]; tau:[1.9,1.9]; the:[8.8,8.8]; the_in:[8.8,8.8]; u:[0.00368944,0.00381399]; 
2018-04-12 14:29:42,012 INFO  [algorithm] Checking invariants in mode 2
2018-04-12 14:29:42,063 INFO  [algorithm] SAT
2018-04-12 14:29:42,100 INFO  [algorithm] Time of the jump to mode 1 : [-1,-1]; witness: 
2018-04-12 14:29:42,100 INFO  [algorithm] Mode 2 Step 40
2018-04-12 14:29:42,100 INFO  [algorithm] Fc:[0.365035,0.366085]; counter:[-4.94066e-324,4.94066e-324]; e:[-0.0263086,-0.0256342]; e_int:[0.0282117,0.0290196]; lambda:[14.6737,14.6744]; p:[0.920272,0.920272]; pe:[0.77726,0.778832]; tau:[1.9,1.9]; the:[8.8,8.8]; the_in:[8.8,8.8]; u:[0.00326562,0.00339625]; 
2018-04-12 14:29:42,244 INFO  [algorithm] Time of the jump to mode 2 : [0.1,0.1]; witness: Fc:[0.36556,0.366085]; counter:[0.1,0.1]; e:[-0.0263086,-0.0256342]; e_int:[0.0282117,0.0290196]; lambda:[14.6691,14.6697]; p:[0.920272,0.920272]; pe:[0.77726,0.778046]; tau:[2,2]; the:[8.8,8.8]; the_in:[8.8,8.8]; u:[0.00326562,0.00339625]; 
2018-04-12 14:29:42,244 INFO  [algorithm] Checking invariants in mode 2
2018-04-12 14:29:42,295 INFO  [algorithm] SAT
2018-04-12 14:29:42,436 INFO  [algorithm] Time of the jump to mode 1 : [0.1,0.1]; witness: Fc:[0.36556,0.366085]; counter:[0.1,0.1]; e:[-0.0263086,-0.0256342]; e_int:[0.0282117,0.0290196]; lambda:[14.6691,14.6697]; p:[0.920272,0.920272]; pe:[0.77726,0.778046]; tau:[2,2]; the:[8.8,8.8]; the_in:[8.8,8.8]; u:[0.00326562,0.00339625]; 
2018-04-12 14:29:42,436 INFO  [algorithm] Checking invariants in mode 2
2018-04-12 14:29:42,487 INFO  [algorithm] SAT
Verification: 1
