Input arguments:
delta = 0.001
epsilon = 0.001
depth = 0
filename = ../model/starvation/starvation.pdrh
dd_cart_prod: 
rv_cart_prod: 
0) [6.16, 6.76]
1) [6.76, 7.36]
2) [7.36, 7.96]
3) [10.36, 10.96]
4) [10.96, 11.56]
5) [13.96, 14.56]
6) [14.56, 15.16]
7) [15.16, 15.76]
8) [7.96, 8.26]
9) [8.26, 8.56]
10) [8.56, 8.86]
11) [8.86, 9.16]
12) [9.16, 9.46]
13) [9.46, 9.76]
14) [9.76, 10.06]
15) [10.06, 10.36]
16) [11.56, 11.86]
17) [11.86, 12.16]
18) [12.16, 12.46]
19) [12.46, 12.76]
20) [12.76, 13.06]
21) [13.06, 13.36]
22) [13.36, 13.66]
23) [13.66, 13.96]
Model type 3
|-------------------------------------------------------------------------------------|
|-------------------------------BRANCH AND EVALUATE-----------------------------------|
|-------------------------------------------------------------------------------------|
| Probability interval         | Precision    | Time per iteration | Total time       |
|-------------------------------------------------------------------------------------|
| [0.000000000000e+00, 1.000071524773e+00] | 1.000071524773e+00 | 0 sec   | 0 sec |
| [0.000000000000e+00, 9.979548948447e-01] | 9.979548948447e-01 | 1 sec   | 1 sec |
| [0.000000000000e+00, 9.978134005876e-01] | 9.978134005876e-01 | 1 sec   | 1 sec |
| [0.000000000000e+00, 9.978015538068e-01] | 9.978015538068e-01 | 1 sec   | 1 sec |
| [0.000000000000e+00, 9.930716420002e-01] | 9.930716420002e-01 | 1 sec   | 1 sec |
| [0.000000000000e+00, 9.750067034935e-01] | 9.750067034935e-01 | 1 sec   | 1 sec |
| [0.000000000000e+00, 9.738327410784e-01] | 9.738327410784e-01 | 1 sec   | 1 sec |
| [0.000000000000e+00, 9.641666977013e-01] | 9.641666977013e-01 | 1 sec   | 1 sec |
| [0.000000000000e+00, 9.332907749218e-01] | 9.332907749218e-01 | 1 sec   | 1 sec |
| [1.173962415085e-03, 9.332907749218e-01] | 9.321168125067e-01 | 11 sec   | 11 sec |
| [9.136650038424e-02, 9.332907749218e-01] | 8.419242745376e-01 | 23 sec   | 23 sec |
| [1.603563116020e-01, 9.332907749218e-01] | 7.729344633198e-01 | 26 sec   | 26 sec |
| [1.650862234087e-01, 9.332907749218e-01] | 7.682045515131e-01 | 27 sec   | 27 sec |
| [1.747522667857e-01, 9.332907749218e-01] | 7.585385081361e-01 | 27 sec   | 27 sec |
| [2.230139051728e-01, 9.332907749218e-01] | 7.102768697490e-01 | 27 sec   | 27 sec |
| [2.538898279523e-01, 9.332907749218e-01] | 6.794009469695e-01 | 29 sec   | 29 sec |
| [3.228796391701e-01, 9.332907749218e-01] | 6.104111357517e-01 | 32 sec   | 32 sec |
| [4.130721771393e-01, 9.332907749218e-01] | 5.202185977825e-01 | 33 sec   | 33 sec |
| [4.311371156460e-01, 9.332907749218e-01] | 5.021536592758e-01 | 33 sec   | 33 sec |
| [4.332537455739e-01, 9.332907749218e-01] | 5.000370293479e-01 | 34 sec   | 34 sec |
| [4.332655923547e-01, 9.332907749218e-01] | 5.000251825671e-01 | 56 sec   | 56 sec |
| [4.334070866118e-01, 9.332907749218e-01] | 4.998836883100e-01 | 56 sec   | 56 sec |
| [6.591465868006e-01, 9.332907749218e-01] | 2.741441881212e-01 | 60 sec   | 60 sec |
| [8.848860869894e-01, 9.332907749218e-01] | 4.840468793236e-02 | 60 sec   | 60 sec |
| [8.848860869894e-01, 9.320507799364e-01] | 4.716469294701e-02 | 0 sec   | 84 sec |
| [8.848860869894e-01, 9.307583766256e-01] | 4.587228963621e-02 | 0 sec   | 84 sec |
| [8.848860869894e-01, 9.295355894436e-01] | 4.464950245417e-02 | 0 sec   | 84 sec |
| [8.848860869894e-01, 9.282782550083e-01] | 4.339216801882e-02 | 0 sec   | 84 sec |
| [8.848860869894e-01, 9.270034507044e-01] | 4.211736371500e-02 | 0 sec   | 84 sec |
| [8.882441378818e-01, 9.270034507044e-01] | 3.875931282259e-02 | 9 sec   | 93 sec |
| [8.918442610196e-01, 9.270034507044e-01] | 3.515918968480e-02 | 12 sec   | 96 sec |
| [8.948896517218e-01, 9.270034507044e-01] | 3.211379898259e-02 | 13 sec   | 97 sec |
| [8.981683784831e-01, 9.270034507044e-01] | 2.883507222138e-02 | 13 sec   | 97 sec |
| [9.012907393650e-01, 9.270034507044e-01] | 2.571271133945e-02 | 13 sec   | 97 sec |
| [9.044908905776e-01, 9.270034507044e-01] | 2.251256012681e-02 | 13 sec   | 97 sec |
| [9.079289758569e-01, 9.270034507044e-01] | 1.907447484758e-02 | 13 sec   | 97 sec |
| [9.114477657734e-01, 9.270034507044e-01] | 1.555568493108e-02 | 13 sec   | 97 sec |
| [9.129041342629e-01, 9.270034507044e-01] | 1.409931644149e-02 | 13 sec   | 97 sec |
| [9.143047652632e-01, 9.270034507044e-01] | 1.269868544120e-02 | 17 sec   | 101 sec |
| [9.157424387517e-01, 9.270034507044e-01] | 1.126101195276e-02 | 17 sec   | 101 sec |
| [9.172365357141e-01, 9.270034507044e-01] | 9.766914990354e-03 | 18 sec   | 102 sec |
| [9.186556294543e-01, 9.270034507044e-01] | 8.347821250091e-03 | 18 sec   | 102 sec |
| [9.201308063893e-01, 9.270034507044e-01] | 6.872644315092e-03 | 18 sec   | 102 sec |
| [9.215130933597e-01, 9.270034507044e-01] | 5.490357344731e-03 | 77 sec   | 161 sec |
| [9.215130933597e-01, 9.268406564802e-01] | 5.327563120471e-03 | 1 sec   | 214 sec |
| [9.215130933597e-01, 9.266775850246e-01] | 5.164491664850e-03 | 140 sec   | 353 sec |
| [9.215130933597e-01, 9.265142360898e-01] | 5.001142730080e-03 | 141 sec   | 354 sec |
| [9.215130933597e-01, 9.263506094284e-01] | 4.837516068716e-03 | 159 sec   | 372 sec |
| [9.218558129167e-01, 9.263506094284e-01] | 4.494796511749e-03 | 200 sec   | 413 sec |
| [9.218558129167e-01, 9.261867047934e-01] | 4.330891876687e-03 | 216 sec   | 429 sec |
| [9.219413150613e-01, 9.261867047934e-01] | 4.245389732108e-03 | 283 sec   | 1086 sec |
|-------------------------------------------------------------------------------------|
|-------------------------------------------------------------------------------------|
| Probability interval         | Precision    | Required precision | Total time       |
|-------------------------------------------------------------------------------------|
| [9.219413150613e-01, 9.261867047934e-01] | 4.245389732108e-03 | 1.000000000000e-03 | 1152 sec |
|-------------------------------------------------------------------------------------|
Probability vector:
P(0)= [0.9219413150612524, 0.9261867047933600]
P_final = [0.9219413150612524, 0.9261867047933600]
