Input arguments:
delta = 0.001
epsilon = 0.001
depth = 0
filename = ../model/starvation/starvation.pdrh
dd_cart_prod: 
0) [0.05, 0.05]
1) [0.06, 0.06]
2) [0.07, 0.07]
3) [0.075, 0.075]
rv_cart_prod: 
0) [6.16, 6.76]
1) [6.76, 7.36]
2) [7.36, 7.96]
3) [10.36, 10.96]
4) [10.96, 11.56]
5) [13.96, 14.56]
6) [14.56, 15.16]
7) [15.16, 15.76]
8) [7.96, 8.26]
9) [8.26, 8.56]
10) [8.56, 8.86]
11) [8.86, 9.16]
12) [9.16, 9.46]
13) [9.46, 9.76]
14) [9.76, 10.06]
15) [10.06, 10.36]
16) [11.56, 11.86]
17) [11.86, 12.16]
18) [12.16, 12.46]
19) [12.46, 12.76]
20) [12.76, 13.06]
21) [13.06, 13.36]
22) [13.36, 13.66]
23) [13.66, 13.96]
Model type 2
|-------------------------------------------------------------------------------------|
|-------------------------------BRANCH AND EVALUATE-----------------------------------|
|-------------------------------------------------------------------------------------|
| Probability interval         | Precision    | Time per iteration | Total time       |
|-------------------------------------------------------------------------------------|
| [0.000000000000e+00, 1.000071524773e+00] | 1.000071524773e+00 | 0 sec   | 0 sec |
| [0.000000000000e+00, 9.691956019931e-01] | 9.691956019931e-01 | 0 sec   | 0 sec |
| [0.000000000000e+00, 9.511306634864e-01] | 9.511306634864e-01 | 0 sec   | 0 sec |
| [0.000000000000e+00, 9.511188167056e-01] | 9.511188167056e-01 | 0 sec   | 0 sec |
| [0.000000000000e+00, 9.499448542905e-01] | 9.499448542905e-01 | 0 sec   | 0 sec |
| [0.000000000000e+00, 9.402788109134e-01] | 9.402788109134e-01 | 0 sec   | 0 sec |
| [0.000000000000e+00, 9.401373166564e-01] | 9.401373166564e-01 | 0 sec   | 0 sec |
| [0.000000000000e+00, 9.354074048497e-01] | 9.354074048497e-01 | 0 sec   | 0 sec |
| [0.000000000000e+00, 9.332907749218e-01] | 9.332907749218e-01 | 0 sec   | 0 sec |
| [4.729911806631e-03, 9.332907749218e-01] | 9.285608631152e-01 | 1 sec   | 1 sec |
| [9.492244977578e-02, 9.332907749218e-01] | 8.383683251460e-01 | 1 sec   | 1 sec |
| [1.639122609936e-01, 9.332907749218e-01] | 7.693785139282e-01 | 1 sec   | 1 sec |
| [2.121738993807e-01, 9.332907749218e-01] | 7.211168755411e-01 | 1 sec   | 1 sec |
| [3.023664373498e-01, 9.332907749218e-01] | 6.309243375720e-01 | 1 sec   | 1 sec |
| [3.025079316069e-01, 9.332907749218e-01] | 6.307828433149e-01 | 1 sec   | 1 sec |
| [3.046245615348e-01, 9.332907749218e-01] | 6.286662133870e-01 | 1 sec   | 1 sec |
| [3.226895000415e-01, 9.332907749218e-01] | 6.106012748802e-01 | 1 sec   | 1 sec |
| [3.916793112593e-01, 9.332907749218e-01] | 5.416114636625e-01 | 1 sec   | 1 sec |
| [3.916911580401e-01, 9.332907749218e-01] | 5.415996168817e-01 | 1 sec   | 1 sec |
| [3.928651204552e-01, 9.332907749218e-01] | 5.404256544666e-01 | 1 sec   | 1 sec |
| [4.237410432347e-01, 9.332907749218e-01] | 5.095497316870e-01 | 1 sec   | 1 sec |
| [4.334070866118e-01, 9.332907749218e-01] | 4.998836883100e-01 | 1 sec   | 1 sec |
| [6.591465868006e-01, 9.332907749218e-01] | 2.741441881212e-01 | 1 sec   | 1 sec |
| [8.848860869894e-01, 9.332907749218e-01] | 4.840468793236e-02 | 1 sec   | 1 sec |
| [8.848860869894e-01, 9.319627915617e-01] | 4.707670457226e-02 | 0 sec   | 1 sec |
| [8.848860869894e-01, 9.306879872579e-01] | 4.580190026844e-02 | 1 sec   | 2 sec |
| [8.848860869894e-01, 9.294652000758e-01] | 4.457911308640e-02 | 1 sec   | 2 sec |
| [8.848860869894e-01, 9.282078656405e-01] | 4.332177865105e-02 | 1 sec   | 2 sec |
| [8.848860869894e-01, 9.268977355162e-01] | 4.201164852675e-02 | 1 sec   | 2 sec |
| [8.848860869894e-01, 9.256577405308e-01] | 4.077165354140e-02 | 1 sec   | 2 sec |
| [8.848860869894e-01, 9.243653372200e-01] | 3.947925023060e-02 | 1 sec   | 2 sec |
| [8.848860869894e-01, 9.230193756386e-01] | 3.813328864915e-02 | 1 sec   | 2 sec |
| [8.863801839518e-01, 9.230193756386e-01] | 3.663919168674e-02 | 1 sec   | 2 sec |
| [8.877808149521e-01, 9.230193756386e-01] | 3.523856068645e-02 | 1 sec   | 2 sec |
| [8.892559918871e-01, 9.230193756386e-01] | 3.376338375145e-02 | 1 sec   | 2 sec |
| [8.906936653756e-01, 9.230193756386e-01] | 3.232571026301e-02 | 1 sec   | 2 sec |
| [8.920759523459e-01, 9.230193756386e-01] | 3.094342329265e-02 | 1 sec   | 2 sec |
| [8.934950460862e-01, 9.230193756386e-01] | 2.952432955239e-02 | 1 sec   | 2 sec |
| [8.949514145758e-01, 9.230193756386e-01] | 2.806796106280e-02 | 1 sec   | 2 sec |
| [8.983094654682e-01, 9.230193756386e-01] | 2.470991017039e-02 | 1 sec   | 2 sec |
| [9.013548561704e-01, 9.230193756386e-01] | 2.166451946817e-02 | 1 sec   | 2 sec |
| [9.049549793082e-01, 9.230193756386e-01] | 1.806439633038e-02 | 1 sec   | 2 sec |
| [9.080773401901e-01, 9.230193756386e-01] | 1.494203544846e-02 | 1 sec   | 2 sec |
| [9.113560669513e-01, 9.230193756386e-01] | 1.166330868725e-02 | 1 sec   | 2 sec |
| [9.147941522306e-01, 9.230193756386e-01] | 8.225223408015e-03 | 1 sec   | 2 sec |
| [9.179943034432e-01, 9.230193756386e-01] | 5.025072195380e-03 | 1 sec   | 2 sec |
| [9.215130933597e-01, 9.230193756386e-01] | 1.506282278881e-03 | 1 sec   | 2 sec |
| [9.215130933597e-01, 9.229768817443e-01] | 1.463788384591e-03 | 0 sec   | 2 sec |
| [9.215130933597e-01, 9.229344232613e-01] | 1.421329901570e-03 | 0 sec   | 2 sec |
| [9.215130933597e-01, 9.228918939408e-01] | 1.378800581078e-03 | 0 sec   | 2 sec |
| [9.215130933597e-01, 9.228494885466e-01] | 1.336395186938e-03 | 0 sec   | 2 sec |
| [9.215130933597e-01, 9.228068883290e-01] | 1.293794969292e-03 | 0 sec   | 2 sec |
| [9.215130933597e-01, 9.227643235674e-01] | 1.251230207677e-03 | 0 sec   | 2 sec |
| [9.215130933597e-01, 9.227219358621e-01] | 1.208842502351e-03 | 0 sec   | 2 sec |
| [9.215130933597e-01, 9.226794950791e-01] | 1.166401719362e-03 | 0 sec   | 2 sec |
| [9.215130933597e-01, 9.226368771278e-01] | 1.123783768114e-03 | 0 sec   | 2 sec |
| [9.215130933597e-01, 9.225945247889e-01] | 1.081431429189e-03 | 0 sec   | 2 sec |
| [9.215130933597e-01, 9.225092356707e-01] | 9.961423109944e-04 | 0 sec   | 2 sec |
| [9.215130933597e-01, 9.224667594839e-01] | 9.536661242067e-04 | 0 sec   | 2 sec |
| [9.215130933597e-01, 9.223813993867e-01] | 8.683060269488e-04 | 0 sec   | 2 sec |
| [9.215130933597e-01, 9.223389763000e-01] | 8.258829402535e-04 | 0 sec   | 2 sec |
| [9.215130933597e-01, 9.222966062797e-01] | 7.835129200000e-04 | 0 sec   | 2 sec |
| [9.215130933597e-01, 9.222540592405e-01] | 7.409658808111e-04 | 0 sec   | 2 sec |
| [9.215130933597e-01, 9.222115476350e-01] | 6.984542752860e-04 | 0 sec   | 2 sec |
| [9.215130933597e-01, 9.221689651472e-01] | 6.558717875187e-04 | 0 sec   | 2 sec |
| [9.215988087979e-01, 9.221689651472e-01] | 5.701563493321e-04 | 0 sec   | 2 sec |
| [9.216843109425e-01, 9.221689651472e-01] | 4.846542047531e-04 | 0 sec   | 2 sec |
| [9.217699552531e-01, 9.221689651472e-01] | 3.990098940867e-04 | 0 sec   | 2 sec |
| [9.218557418485e-01, 9.221689651472e-01] | 3.132232987613e-04 | 0 sec   | 2 sec |
| [9.219413150613e-01, 9.221689651472e-01] | 2.276500859720e-04 | 1 sec   | 3 sec |
|-------------------------------------------------------------------------------------|
|-------------------------------------------------------------------------------------|
| Probability interval         | Precision    | Required precision | Total time       |
|-------------------------------------------------------------------------------------|
| [9.219413150613e-01, 9.221689651472e-01] | 2.276500859720e-04 | 1.000000000000e-03 | 3 sec |
|-------------------------------------------------------------------------------------|
|-------------------------------------------------------------------------------------|
|-------------------------------BRANCH AND EVALUATE-----------------------------------|
|-------------------------------------------------------------------------------------|
| Probability interval         | Precision    | Time per iteration | Total time       |
|-------------------------------------------------------------------------------------|
| [0.000000000000e+00, 1.000071524773e+00] | 1.000071524773e+00 | 0 sec   | 0 sec |
| [0.000000000000e+00, 9.904054813956e-01] | 9.904054813956e-01 | 0 sec   | 0 sec |
| [0.000000000000e+00, 9.723405428888e-01] | 9.723405428888e-01 | 0 sec   | 0 sec |
| [0.000000000000e+00, 9.723286961080e-01] | 9.723286961080e-01 | 0 sec   | 0 sec |
| [0.000000000000e+00, 9.702120661801e-01] | 9.702120661801e-01 | 0 sec   | 0 sec |
| [0.000000000000e+00, 9.700705719230e-01] | 9.700705719230e-01 | 0 sec   | 0 sec |
| [0.000000000000e+00, 9.688966095079e-01] | 9.688966095079e-01 | 0 sec   | 0 sec |
| [0.000000000000e+00, 9.380206867284e-01] | 9.380206867284e-01 | 0 sec   | 0 sec |
| [0.000000000000e+00, 9.332907749218e-01] | 9.332907749218e-01 | 0 sec   | 0 sec |
| [1.173962415085e-03, 9.332907749218e-01] | 9.321168125067e-01 | 0 sec   | 0 sec |
| [1.315456672160e-03, 9.332907749218e-01] | 9.319753182496e-01 | 0 sec   | 0 sec |
| [2.270549568610e-01, 9.332907749218e-01] | 7.062358180608e-01 | 0 sec   | 0 sec |
| [2.579308796405e-01, 9.332907749218e-01] | 6.753598952813e-01 | 0 sec   | 0 sec |
| [3.269206908583e-01, 9.332907749218e-01] | 6.063700840635e-01 | 0 sec   | 0 sec |
| [4.171132288274e-01, 9.332907749218e-01] | 5.161775460944e-01 | 0 sec   | 0 sec |
| [5.073057667966e-01, 9.332907749218e-01] | 4.259850081252e-01 | 0 sec   | 0 sec |
| [5.073176135774e-01, 9.332907749218e-01] | 4.259731613444e-01 | 0 sec   | 0 sec |
| [5.253825520841e-01, 9.332907749218e-01] | 4.079082228377e-01 | 0 sec   | 0 sec |
| [5.943723633019e-01, 9.332907749218e-01] | 3.389184116199e-01 | 0 sec   | 0 sec |
| [5.991022751085e-01, 9.332907749218e-01] | 3.341884998132e-01 | 0 sec   | 0 sec |
| [6.012189050365e-01, 9.332907749218e-01] | 3.320718698853e-01 | 0 sec   | 0 sec |
| [8.269584052253e-01, 9.332907749218e-01] | 1.063323696965e-01 | 0 sec   | 0 sec |
| [8.366244486024e-01, 9.332907749218e-01] | 9.666632631944e-02 | 0 sec   | 0 sec |
| [8.848860869894e-01, 9.332907749218e-01] | 4.840468793236e-02 | 1 sec   | 1 sec |
| [8.848860869894e-01, 9.307586361827e-01] | 4.587254919323e-02 | 0 sec   | 1 sec |
| [8.848860869894e-01, 9.282958540153e-01] | 4.340976702590e-02 | 0 sec   | 1 sec |
| [8.848860869894e-01, 9.256933205803e-01] | 4.080723359085e-02 | 0 sec   | 1 sec |
| [8.878553608868e-01, 9.256933205803e-01] | 3.783795969349e-02 | 0 sec   | 1 sec |
| [8.914554840246e-01, 9.256933205803e-01] | 3.423783655570e-02 | 0 sec   | 1 sec |
| [8.949742739411e-01, 9.256933205803e-01] | 3.071904663920e-02 | 0 sec   | 1 sec |
| [8.984123592203e-01, 9.256933205803e-01] | 2.728096135997e-02 | 0 sec   | 1 sec |
| [9.016910859815e-01, 9.256933205803e-01] | 2.400223459876e-02 | 0 sec   | 1 sec |
| [9.045851279595e-01, 9.256933205803e-01] | 2.110819262079e-02 | 0 sec   | 1 sec |
| [9.073314782288e-01, 9.256933205803e-01] | 1.836184235150e-02 | 0 sec   | 1 sec |
| [9.106895291212e-01, 9.256933205803e-01] | 1.500379145909e-02 | 0 sec   | 1 sec |
| [9.137349198234e-01, 9.256933205803e-01] | 1.195840075688e-02 | 0 sec   | 1 sec |
| [9.169350710360e-01, 9.256933205803e-01] | 8.758249544244e-03 | 0 sec   | 1 sec |
| [9.200574319180e-01, 9.256933205803e-01] | 5.635888662316e-03 | 0 sec   | 1 sec |
| [9.228771566585e-01, 9.256933205803e-01] | 2.816163921806e-03 | 0 sec   | 1 sec |
| [9.228771566585e-01, 9.255280223823e-01] | 2.650865723817e-03 | 0 sec   | 1 sec |
| [9.228771566585e-01, 9.253613244961e-01] | 2.484167837656e-03 | 0 sec   | 1 sec |
| [9.228771566585e-01, 9.251949070355e-01] | 2.317750377020e-03 | 0 sec   | 1 sec |
| [9.228771566585e-01, 9.250290496948e-01] | 2.151893036314e-03 | 0 sec   | 1 sec |
| [9.228771566585e-01, 9.248617902283e-01] | 1.984633569783e-03 | 0 sec   | 1 sec |
| [9.228771566585e-01, 9.246962125812e-01] | 1.819055922764e-03 | 0 sec   | 1 sec |
| [9.228771566585e-01, 9.245311935873e-01] | 1.654036928792e-03 | 0 sec   | 1 sec |
| [9.228771566585e-01, 9.243642150324e-01] | 1.487058373878e-03 | 0 sec   | 1 sec |
| [9.228771566585e-01, 9.241980777537e-01] | 1.320921095180e-03 | 0 sec   | 1 sec |
| [9.228771566585e-01, 9.240302557368e-01] | 1.153099078274e-03 | 1 sec   | 2 sec |
| [9.228771566585e-01, 9.238627151161e-01] | 9.855584576230e-04 | 1 sec   | 2 sec |
| [9.230463892758e-01, 9.238627151161e-01] | 8.163258402912e-04 | 1 sec   | 2 sec |
| [9.232153392917e-01, 9.238627151161e-01] | 6.473758243611e-04 | 1 sec   | 2 sec |
| [9.233840069466e-01, 9.238627151161e-01] | 4.787081695473e-04 | 1 sec   | 2 sec |
|-------------------------------------------------------------------------------------|
|-------------------------------------------------------------------------------------|
| Probability interval         | Precision    | Required precision | Total time       |
|-------------------------------------------------------------------------------------|
| [9.233840069466e-01, 9.238627151161e-01] | 4.787081695473e-04 | 1.000000000000e-03 | 2 sec |
|-------------------------------------------------------------------------------------|
|-------------------------------------------------------------------------------------|
|-------------------------------BRANCH AND EVALUATE-----------------------------------|
|-------------------------------------------------------------------------------------|
| Probability interval         | Precision    | Time per iteration | Total time       |
|-------------------------------------------------------------------------------------|
| [0.000000000000e+00, 1.000071524773e+00] | 1.000071524773e+00 | 0 sec   | 0 sec |
| [0.000000000000e+00, 1.000059677992e+00] | 1.000059677992e+00 | 0 sec   | 0 sec |
| [0.000000000000e+00, 9.988857155768e-01] | 9.988857155768e-01 | 0 sec   | 0 sec |
| [0.000000000000e+00, 9.987442213197e-01] | 9.987442213197e-01 | 0 sec   | 0 sec |
| [0.000000000000e+00, 9.890781779426e-01] | 9.890781779426e-01 | 0 sec   | 0 sec |
| [0.000000000000e+00, 9.843482661360e-01] | 9.843482661360e-01 | 0 sec   | 0 sec |
| [0.000000000000e+00, 9.822316362081e-01] | 9.822316362081e-01 | 0 sec   | 0 sec |
| [0.000000000000e+00, 9.641666977013e-01] | 9.641666977013e-01 | 0 sec   | 0 sec |
| [0.000000000000e+00, 9.332907749218e-01] | 9.332907749218e-01 | 0 sec   | 0 sec |
| [1.173962415085e-03, 9.332907749218e-01] | 9.321168125067e-01 | 0 sec   | 0 sec |
| [2.269134626039e-01, 9.332907749218e-01] | 7.063773123179e-01 | 0 sec   | 0 sec |
| [2.270549568610e-01, 9.332907749218e-01] | 7.062358180608e-01 | 0 sec   | 0 sec |
| [4.527944570498e-01, 9.332907749218e-01] | 4.804963178720e-01 | 0 sec   | 0 sec |
| [4.528063038306e-01, 9.332907749218e-01] | 4.804844710912e-01 | 0 sec   | 0 sec |
| [5.217961150484e-01, 9.332907749218e-01] | 4.114946598734e-01 | 1 sec   | 1 sec |
| [6.119886530175e-01, 9.332907749218e-01] | 3.213021219043e-01 | 1 sec   | 1 sec |
| [6.428645757971e-01, 9.332907749218e-01] | 2.904261991247e-01 | 1 sec   | 1 sec |
| [6.609295143038e-01, 9.332907749218e-01] | 2.723612606180e-01 | 1 sec   | 1 sec |
| [7.299193255216e-01, 9.332907749218e-01] | 2.033714494002e-01 | 1 sec   | 1 sec |
| [7.781809639087e-01, 9.332907749218e-01] | 1.551098110131e-01 | 1 sec   | 1 sec |
| [8.683735018778e-01, 9.332907749218e-01] | 6.491727304399e-02 | 1 sec   | 1 sec |
| [8.780395452549e-01, 9.332907749218e-01] | 5.525122966692e-02 | 0 sec   | 1 sec |
| [8.827694570615e-01, 9.332907749218e-01] | 5.052131786029e-02 | 0 sec   | 1 sec |
| [8.848860869894e-01, 9.332907749218e-01] | 4.840468793236e-02 | 0 sec   | 1 sec |
| [8.848860869894e-01, 9.282958540186e-01] | 4.340976702914e-02 | 0 sec   | 1 sec |
| [8.913649649603e-01, 9.282958540186e-01] | 3.693088905832e-02 | 1 sec   | 2 sec |
| [8.984838780116e-01, 9.282958540186e-01] | 2.981197600694e-02 | 1 sec   | 2 sec |
| [9.052800141803e-01, 9.282958540186e-01] | 2.301583983826e-02 | 1 sec   | 2 sec |
| [9.108460891869e-01, 9.282958540186e-01] | 1.744976483164e-02 | 1 sec   | 2 sec |
| [9.170138407680e-01, 9.282958540186e-01] | 1.128201325058e-02 | 1 sec   | 2 sec |
| [9.228771566402e-01, 9.282958540186e-01] | 5.418697378369e-03 | 1 sec   | 2 sec |
| [9.228771566402e-01, 9.276518602588e-01] | 4.774703618577e-03 | 0 sec   | 2 sec |
| [9.228771566402e-01, 9.269990189828e-01] | 4.121862342562e-03 | 0 sec   | 2 sec |
| [9.228771566402e-01, 9.263506094318e-01] | 3.473452791552e-03 | 0 sec   | 2 sec |
| [9.228771566402e-01, 9.256933205835e-01] | 2.816163943262e-03 | 0 sec   | 2 sec |
| [9.235523924626e-01, 9.256933205835e-01] | 2.140928120829e-03 | 0 sec   | 2 sec |
| [9.242186236431e-01, 9.256933205835e-01] | 1.474696940420e-03 | 0 sec   | 2 sec |
| [9.248893494021e-01, 9.256933205835e-01] | 8.039711814003e-04 | 0 sec   | 2 sec |
|-------------------------------------------------------------------------------------|
|-------------------------------------------------------------------------------------|
| Probability interval         | Precision    | Required precision | Total time       |
|-------------------------------------------------------------------------------------|
| [9.248893494021e-01, 9.256933205835e-01] | 8.039711814003e-04 | 1.000000000000e-03 | 2 sec |
|-------------------------------------------------------------------------------------|
|-------------------------------------------------------------------------------------|
|-------------------------------BRANCH AND EVALUATE-----------------------------------|
|-------------------------------------------------------------------------------------|
| Probability interval         | Precision    | Time per iteration | Total time       |
|-------------------------------------------------------------------------------------|
| [0.000000000000e+00, 1.000071524773e+00] | 1.000071524773e+00 | 0 sec   | 0 sec |
| [0.000000000000e+00, 1.000059677992e+00] | 1.000059677992e+00 | 1 sec   | 1 sec |
| [0.000000000000e+00, 9.999181837348e-01] | 9.999181837348e-01 | 0 sec   | 1 sec |
| [0.000000000000e+00, 9.987442213197e-01] | 9.987442213197e-01 | 0 sec   | 1 sec |
| [2.257395001888e-01, 9.987442213197e-01] | 7.730047211309e-01 | 0 sec   | 1 sec |
| [4.514790003776e-01, 9.987442213197e-01] | 5.472652209421e-01 | 1 sec   | 2 sec |
| [4.526529627927e-01, 9.987442213197e-01] | 5.460912585270e-01 | 1 sec   | 3 sec |
| [4.527944570498e-01, 9.987442213197e-01] | 5.459497642699e-01 | 0 sec   | 3 sec |
| [4.528063038306e-01, 9.987442213197e-01] | 5.459379174891e-01 | 1 sec   | 4 sec |
| [4.528063038306e-01, 9.966275913917e-01] | 5.438212875612e-01 | 0 sec   | 4 sec |
| [4.528063038306e-01, 9.918976795851e-01] | 5.390913757545e-01 | 0 sec   | 4 sec |
| [4.528063038306e-01, 9.822316362081e-01] | 5.294253323775e-01 | 0 sec   | 4 sec |
| [4.528063038306e-01, 9.641666977013e-01] | 5.113603938707e-01 | 0 sec   | 4 sec |
| [4.528063038306e-01, 9.332907749218e-01] | 4.804844710912e-01 | 0 sec   | 4 sec |
| [5.217961150484e-01, 9.332907749218e-01] | 4.114946598734e-01 | 1 sec   | 6 sec |
| [6.119886530175e-01, 9.332907749218e-01] | 3.213021219043e-01 | 0 sec   | 6 sec |
| [7.021811909867e-01, 9.332907749218e-01] | 2.311095839351e-01 | 1 sec   | 7 sec |
| [7.711710022045e-01, 9.332907749218e-01] | 1.621197727173e-01 | 0 sec   | 7 sec |
| [8.194326405916e-01, 9.332907749218e-01] | 1.138581343302e-01 | 1 sec   | 8 sec |
| [8.503085633711e-01, 9.332907749218e-01] | 8.298221155072e-02 | 0 sec   | 8 sec |
| [8.683735018778e-01, 9.332907749218e-01] | 6.491727304399e-02 | 1 sec   | 9 sec |
| [8.780395452549e-01, 9.332907749218e-01] | 5.525122966692e-02 | 1 sec   | 10 sec |
| [8.827694570615e-01, 9.332907749218e-01] | 5.052131786029e-02 | 0 sec   | 10 sec |
| [8.848860869894e-01, 9.332907749218e-01] | 4.840468793236e-02 | 1 sec   | 11 sec |
| [9.114477534397e-01, 9.332907749218e-01] | 2.184302148207e-02 | 0 sec   | 11 sec |
| [9.228771441187e-01, 9.332907749218e-01] | 1.041363080312e-02 | 1 sec   | 13 sec |
| [9.228771441187e-01, 9.282958540186e-01] | 5.418709899911e-03 | 0 sec   | 14 sec |
| [9.255510890602e-01, 9.282958540186e-01] | 2.744764958415e-03 | 0 sec   | 14 sec |
| [9.255510890602e-01, 9.270034507078e-01] | 1.452361647613e-03 | 1 sec   | 16 sec |
| [9.255510890602e-01, 9.263506094318e-01] | 7.995203715980e-04 | 0 sec   | 16 sec |
|-------------------------------------------------------------------------------------|
|-------------------------------------------------------------------------------------|
| Probability interval         | Precision    | Required precision | Total time       |
|-------------------------------------------------------------------------------------|
| [9.255510890602e-01, 9.263506094318e-01] | 7.995203715980e-04 | 1.000000000000e-03 | 16 sec |
|-------------------------------------------------------------------------------------|
Probability vector:
P(0)= [0.0921941315061252, 0.0922168965147224]
P(1)= [0.1846768013893108, 0.1847725430232203]
P(2)= [0.2774668048206214, 0.2777079961750416]
P(3)= [0.3702204356240658, 0.3705402437727050]
P_final = [0.9245581733401231, 0.9252376794856895]
