Input arguments:
epsilon = 0.001
filename = prostate-cancer-psy
number of cores used = 4
dReach version = /home/fedor/dreal3rel/dReach
dReach options: 
dReal options: --precision 1e-1 --ode-sampling --ode-forward-only 
Parameters to synthesise:
0) alphax with precision : 0.001
1) alphay with precision : 0.001
2) betax with precision : 0.001
3) betay with precision : 0.001
Parameter domain: [0.023125, 0.025]x[0.0175, 0.019375]x[0.03625, 0.038125]x[0.030625, 0.0325]
Series size: 42 time points
Domain: [0.023125, 0.025]x[0.0175, 0.019375]x[0.03625, 0.038125]x[0.030625, 0.0325]
|Mode |Step |Time |v |x |y |z |
|[1, 1] |[0, 0] |[83, 83] |[-1.5, 6.5] |[nan, nan] |[nan, nan] |[nan, nan] |
|[1, 1] |[0, 0] |[165, 165] |[-2.8, 5.2] |[nan, nan] |[nan, nan] |[nan, nan] |
|[1, 1] |[0, 0] |[223, 223] |[-3.2, 4.8] |[nan, nan] |[nan, nan] |[nan, nan] |
|[2, 2] |[1, 1] |[262, 262] |[-3.4, 4.6] |[nan, nan] |[nan, nan] |[nan, nan] |
|[2, 2] |[1, 1] |[285, 285] |[-2.4, 5.6] |[nan, nan] |[nan, nan] |[nan, nan] |
|[2, 2] |[1, 1] |[333, 333] |[2.5, 10.5] |[nan, nan] |[nan, nan] |[nan, nan] |
|[2, 2] |[1, 1] |[362, 362] |[3.5, 11.5] |[nan, nan] |[nan, nan] |[nan, nan] |
|[2, 2] |[1, 1] |[398, 398] |[6.800000000000001, 14.8] |[nan, nan] |[nan, nan] |[nan, nan] |
|[3, 3] |[2, 2] |[417, 417] |[6.5, 14.5] |[nan, nan] |[nan, nan] |[nan, nan] |
|[3, 3] |[2, 2] |[508, 508] |[-3.4, 4.6] |[nan, nan] |[nan, nan] |[nan, nan] |
|[3, 3] |[2, 2] |[592, 592] |[-3.8, 4.2] |[nan, nan] |[nan, nan] |[nan, nan] |
|[4, 4] |[3, 3] |[798, 798] |[-3.2, 4.8] |[nan, nan] |[nan, nan] |[nan, nan] |
|[4, 4] |[3, 3] |[840, 840] |[-1.5, 6.5] |[nan, nan] |[nan, nan] |[nan, nan] |
|[4, 4] |[3, 3] |[894, 894] |[1.9, 9.9] |[nan, nan] |[nan, nan] |[nan, nan] |
|[4, 4] |[3, 3] |[922, 922] |[4, 12] |[nan, nan] |[nan, nan] |[nan, nan] |
|[4, 4] |[3, 3] |[950, 950] |[6.300000000000001, 14.3] |[nan, nan] |[nan, nan] |[nan, nan] |
|[5, 5] |[4, 4] |[970, 970] |[8.4, 16.4] |[nan, nan] |[nan, nan] |[nan, nan] |
|[5, 5] |[4, 4] |[1019, 1019] |[-1.4, 6.6] |[nan, nan] |[nan, nan] |[nan, nan] |
|[5, 5] |[4, 4] |[1110, 1110] |[-3.6, 4.4] |[nan, nan] |[nan, nan] |[nan, nan] |
|[5, 5] |[4, 4] |[1194, 1194] |[-3.7, 4.3] |[nan, nan] |[nan, nan] |[nan, nan] |
|[6, 6] |[5, 5] |[1250, 1250] |[-3.5, 4.5] |[nan, nan] |[nan, nan] |[nan, nan] |
|[6, 6] |[5, 5] |[1278, 1278] |[-3.4, 4.6] |[nan, nan] |[nan, nan] |[nan, nan] |
|[6, 6] |[5, 5] |[1307, 1307] |[-1.5, 6.5] |[nan, nan] |[nan, nan] |[nan, nan] |
|[6, 6] |[5, 5] |[1335, 1335] |[-0.2999999999999998, 7.7] |[nan, nan] |[nan, nan] |[nan, nan] |
|[6, 6] |[5, 5] |[1362, 1362] |[1.7, 9.699999999999999] |[nan, nan] |[nan, nan] |[nan, nan] |
|[6, 6] |[5, 5] |[1390, 1390] |[4.4, 12.4] |[nan, nan] |[nan, nan] |[nan, nan] |
|[6, 6] |[5, 5] |[1425, 1425] |[7.300000000000001, 15.3] |[nan, nan] |[nan, nan] |[nan, nan] |
|[7, 7] |[6, 6] |[1446, 1446] |[8.699999999999999, 16.7] |[nan, nan] |[nan, nan] |[nan, nan] |
|[7, 7] |[6, 6] |[1474, 1474] |[0, 8] |[nan, nan] |[nan, nan] |[nan, nan] |
|[7, 7] |[6, 6] |[1502, 1502] |[-2.4, 5.6] |[nan, nan] |[nan, nan] |[nan, nan] |
|[7, 7] |[6, 6] |[1586, 1586] |[-3.2, 4.8] |[nan, nan] |[nan, nan] |[nan, nan] |
|[7, 7] |[6, 6] |[1670, 1670] |[-3.4, 4.6] |[nan, nan] |[nan, nan] |[nan, nan] |
|[8, 8] |[7, 7] |[1746, 1746] |[-3.5, 4.5] |[nan, nan] |[nan, nan] |[nan, nan] |
|[8, 8] |[7, 7] |[1775, 1775] |[-2.2, 5.8] |[nan, nan] |[nan, nan] |[nan, nan] |
|[8, 8] |[7, 7] |[1803, 1803] |[-0.1000000000000001, 7.9] |[nan, nan] |[nan, nan] |[nan, nan] |
|[8, 8] |[7, 7] |[1831, 1831] |[2.2, 10.2] |[nan, nan] |[nan, nan] |[nan, nan] |
|[8, 8] |[7, 7] |[1858, 1858] |[4.199999999999999, 12.2] |[nan, nan] |[nan, nan] |[nan, nan] |
|[8, 8] |[7, 7] |[1887, 1887] |[5.699999999999999, 13.7] |[nan, nan] |[nan, nan] |[nan, nan] |
|[8, 8] |[7, 7] |[1917, 1917] |[7.800000000000001, 15.8] |[nan, nan] |[nan, nan] |[nan, nan] |
|[9, 9] |[8, 8] |[1943, 1943] |[10, 18] |[nan, nan] |[nan, nan] |[nan, nan] |
|[9, 9] |[8, 8] |[2065, 2065] |[-3.2, 4.8] |[nan, nan] |[nan, nan] |[nan, nan] |
|[9, 9] |[8, 8] |[2174, 2174] |[-3.4, 4.6] |[nan, nan] |[nan, nan] |[nan, nan] |
====================
Step : 0 Mode : 1 Time : 83
SAT boxes:
0) [0.023125, 0.025]x[0.0175, 0.019375]x[0.03625, 0.038125]x[0.030625, 0.0325]
UNDEC boxes:
UNSAT boxes:
====================
====================
Step : 0 Mode : 1 Time : 165
SAT boxes:
0) [0.023125, 0.025]x[0.0175, 0.019375]x[0.03625, 0.038125]x[0.030625, 0.0325]
UNDEC boxes:
UNSAT boxes:
====================
====================
Step : 0 Mode : 1 Time : 223
SAT boxes:
0) [0.023125, 0.025]x[0.0175, 0.019375]x[0.03625, 0.038125]x[0.030625, 0.0325]
UNDEC boxes:
UNSAT boxes:
====================
Changing mode from 1 to 2 with guard (and (v=1.6)(tau>=223)(tau<=262))
====================
Step : 1 Mode : 2 Time : 262
SAT boxes:
0) [0.023125, 0.025]x[0.0175, 0.019375]x[0.03625, 0.038125]x[0.030625, 0.0325]
UNDEC boxes:
UNSAT boxes:
====================
====================
Step : 1 Mode : 2 Time : 285
SAT boxes:
0) [0.023125, 0.025]x[0.0175, 0.019375]x[0.03625, 0.038125]x[0.030625, 0.0325]
UNDEC boxes:
UNSAT boxes:
====================
====================
Step : 1 Mode : 2 Time : 333
SAT boxes:
0) [0.023125, 0.025]x[0.0175, 0.019375]x[0.03625, 0.038125]x[0.030625, 0.0325]
UNDEC boxes:
UNSAT boxes:
====================
====================
Step : 1 Mode : 2 Time : 362
SAT boxes:
0) [0.023125, 0.025]x[0.0175, 0.019375]x[0.03625, 0.038125]x[0.030625, 0.0325]
UNDEC boxes:
UNSAT boxes:
====================
====================
Step : 1 Mode : 2 Time : 398
SAT boxes:
0) [0.023125, 0.025]x[0.0175, 0.019375]x[0.03625, 0.038125]x[0.030625, 0.0325]
UNDEC boxes:
UNSAT boxes:
====================
Changing mode from 2 to 3 with guard (and (v=12.7)(tau>=398)(tau<=417))
====================
Step : 2 Mode : 3 Time : 417
SAT boxes:
0) [0.023125, 0.025]x[0.0175, 0.019375]x[0.03625, 0.038125]x[0.030625, 0.0325]
UNDEC boxes:
UNSAT boxes:
====================
====================
Step : 2 Mode : 3 Time : 508
SAT boxes:
0) [0.023125, 0.025]x[0.0175, 0.019375]x[0.03625, 0.038125]x[0.030625, 0.0325]
UNDEC boxes:
UNSAT boxes:
====================
====================
Step : 2 Mode : 3 Time : 592
SAT boxes:
UNDEC boxes:
UNSAT boxes:
0) [0.023125, 0.0240625]x[0.0175, 0.0184375]x[0.03625, 0.0371875]x[0.030625, 0.0315625]
1) [0.0240625, 0.025]x[0.0175, 0.0184375]x[0.03625, 0.0371875]x[0.030625, 0.0315625]
2) [0.0240625, 0.025]x[0.0184375, 0.019375]x[0.03625, 0.0371875]x[0.030625, 0.0315625]
3) [0.023125, 0.0240625]x[0.0184375, 0.019375]x[0.03625, 0.0371875]x[0.030625, 0.0315625]
4) [0.0240625, 0.025]x[0.0175, 0.0184375]x[0.03625, 0.0371875]x[0.0315625, 0.0325]
5) [0.023125, 0.0240625]x[0.0175, 0.0184375]x[0.03625, 0.0371875]x[0.0315625, 0.0325]
6) [0.0240625, 0.025]x[0.0184375, 0.019375]x[0.03625, 0.0371875]x[0.0315625, 0.0325]
7) [0.023125, 0.0240625]x[0.0184375, 0.019375]x[0.03625, 0.0371875]x[0.0315625, 0.0325]
8) [0.0240625, 0.025]x[0.0175, 0.0184375]x[0.0371875, 0.038125]x[0.030625, 0.0315625]
9) [0.023125, 0.0240625]x[0.0175, 0.0184375]x[0.0371875, 0.038125]x[0.030625, 0.0315625]
10) [0.0240625, 0.025]x[0.0184375, 0.019375]x[0.0371875, 0.038125]x[0.030625, 0.0315625]
11) [0.023125, 0.0240625]x[0.0184375, 0.019375]x[0.0371875, 0.038125]x[0.030625, 0.0315625]
12) [0.0240625, 0.025]x[0.0175, 0.0184375]x[0.0371875, 0.038125]x[0.0315625, 0.0325]
13) [0.023125, 0.0240625]x[0.0175, 0.0184375]x[0.0371875, 0.038125]x[0.0315625, 0.0325]
14) [0.0240625, 0.025]x[0.0184375, 0.019375]x[0.0371875, 0.038125]x[0.0315625, 0.0325]
15) [0.023125, 0.0240625]x[0.0184375, 0.019375]x[0.0371875, 0.038125]x[0.0315625, 0.0325]
Problem is UNSAT
